   3.621049e-01   2.305615e+00   0.000000e+00   4.581888e-06   2.241090e-02   4.570000e-06   1.130000e-07   2.235276e-02   5.527049e-04
   3.545399e-01   2.298050e+00   0.000000e+00   3.468197e-06   1.837320e-02   3.453000e-06   8.430000e-08   1.829270e-02   4.465897e-04
   3.458679e-01   2.289378e+00   0.000000e+00   2.575933e-06   1.500618e-02   2.696000e-06   6.650000e-08   1.570563e-02   3.873978e-04
   3.358119e-01   2.279322e+00   0.000000e+00   1.866379e-06   1.219929e-02   1.850000e-06   4.890000e-08   1.209224e-02   3.196272e-04
   3.271399e-01   2.270650e+00   0.000000e+00   1.435049e-06   1.040683e-02   1.362000e-06   3.310000e-08   9.877083e-03   2.400378e-04
   3.175453e-01   2.261055e+00   0.000000e+00   1.086217e-06   8.883924e-03   1.023000e-06   2.510000e-08   8.366883e-03   2.052872e-04
   3.086887e-01   2.252199e+00   0.000000e+00   8.471384e-07   7.783704e-03   8.215000e-07   2.080000e-08   7.548132e-03   1.911152e-04
   3.000166e-01   2.243527e+00   0.000000e+00   6.679456e-07   6.915029e-03   6.623000e-07   1.880000e-08   6.856581e-03   1.946304e-04
   2.903297e-01   2.233840e+00   0.000000e+00   5.144767e-07   6.126996e-03   5.078000e-07   1.320000e-08   6.047481e-03   1.572012e-04
   2.823034e-01   2.225813e+00   0.000000e+00   4.152392e-07   5.586272e-03   4.025000e-07   9.980000e-09   5.414890e-03   1.342624e-04
   2.718785e-01   2.215389e+00   0.000000e+00   3.145698e-07   5.000859e-03   3.103000e-07   8.480000e-09   4.932981e-03   1.348104e-04
   2.632065e-01   2.206716e+00   0.000000e+00   2.494558e-07   4.593427e-03   2.355000e-07   7.020000e-09   4.336447e-03   1.292648e-04
   2.546266e-01   2.198137e+00   0.000000e+00   1.978709e-07   4.246990e-03   1.897000e-07   4.960000e-09   4.071614e-03   1.064587e-04
   2.451243e-01   2.188634e+00   0.000000e+00   1.524634e-07   3.916653e-03   1.490000e-07   4.320000e-09   3.827682e-03   1.109771e-04
   2.365445e-01   2.180054e+00   0.000000e+00   1.198807e-07   3.658156e-03   1.169000e-07   3.280000e-09   3.567200e-03   1.000891e-04
   2.264886e-01   2.169999e+00   0.000000e+00   8.971881e-08   3.394307e-03   8.739000e-08   2.570000e-09   3.306201e-03   9.723009e-05
   2.180933e-01   2.161603e+00   0.000000e+00   6.986938e-08   3.201290e-03   6.919000e-08   2.000000e-09   3.170162e-03   9.163643e-05
   2.073916e-01   2.150902e+00   0.000000e+00   5.013739e-08   2.984992e-03   5.004000e-08   1.460000e-09   2.979193e-03   8.692291e-05
   1.992730e-01   2.142783e+00   0.000000e+00   3.852912e-08   2.839875e-03   3.874000e-08   1.130000e-09   2.855419e-03   8.328920e-05
   1.866339e-01   2.130144e+00   0.000000e+00   2.496044e-08   2.640914e-03   2.508000e-08   7.290000e-10   2.653564e-03   7.713110e-05
   1.774083e-01   2.120918e+00   0.000000e+00   1.778541e-08   2.513337e-03   1.781000e-08   5.670000e-10   2.516812e-03   8.012534e-05
   1.701201e-01   2.113630e+00   0.000000e+00   1.339795e-08   2.421530e-03   1.342000e-08   4.000000e-10   2.425516e-03   7.229556e-05
   1.617248e-01   2.105235e+00   0.000000e+00   9.479775e-09   2.324381e-03   9.528000e-09   2.710000e-10   2.336206e-03   6.644749e-05
   1.535140e-01   2.097024e+00   0.000000e+00   6.602750e-09   2.237395e-03   6.552000e-09   2.190000e-10   2.220198e-03   7.420991e-05
   1.421665e-01   2.085677e+00   0.000000e+00   3.829093e-09   2.128539e-03   3.705000e-09   1.060000e-10   2.059557e-03   5.892390e-05
   1.339558e-01   2.077466e+00   0.000000e+00   2.483416e-09   2.056970e-03   2.442000e-09   7.280000e-11   2.022665e-03   6.029895e-05
   1.257450e-01   2.069255e+00   0.000000e+00   1.549136e-09   1.990741e-03   1.510000e-09   5.150000e-11   1.940449e-03   6.618087e-05
   1.129214e-01   2.056431e+00   0.000000e+00   6.737115e-10   1.896652e-03   6.507000e-10   2.780000e-11   1.831869e-03   7.826336e-05
   1.051719e-01   2.048682e+00   0.000000e+00   3.798816e-10   1.844819e-03   3.717000e-10   2.170000e-11   1.805086e-03   1.053817e-04
   9.594627e-02   2.039456e+00   0.000000e+00   1.760965e-10   1.787351e-03   1.724000e-10   1.230000e-11   1.749832e-03   1.248430e-04
   8.648080e-02   2.029991e+00   0.000000e+00   7.073714e-11   1.732772e-03   6.827000e-11   5.430000e-12   1.672337e-03   1.330129e-04
   7.633264e-02   2.019843e+00   0.000000e+00   2.216975e-11   1.678658e-03   2.219000e-11   5.370000e-12   1.680191e-03   4.066078e-04


   6.787276e-02   2.011383e+00   0.000000e+00   6.943393e-12   1.636718e-03   6.863000e-12   1.180000e-12   1.617767e-03   2.781532e-04
   7.922948e-02   2.022739e+00   0.000000e+00   3.158314e-11   1.693691e-03   2.876000e-11   3.060000e-12   1.542296e-03   1.640968e-04
   8.775393e-02   2.031264e+00   0.000000e+00   8.065023e-11   1.739844e-03   7.272000e-11   4.790000e-12   1.568768e-03   1.033333e-04
   9.714560e-02   2.040656e+00   0.000000e+00   1.957913e-10   1.794569e-03   1.827000e-10   9.730000e-12   1.674578e-03   8.918249e-05
   1.126446e-01   2.056155e+00   0.000000e+00   6.607261e-10   1.894745e-03   6.346000e-10   1.840000e-11   1.819824e-03   5.276514e-05
   1.369079e-01   2.080418e+00   0.000000e+00   2.913831e-09   2.082046e-03   2.839000e-09   6.540000e-11   2.028576e-03   4.673085e-05
   1.579423e-01   2.101452e+00   0.000000e+00   8.049570e-09   2.283368e-03   7.776000e-09   1.770000e-10   2.205766e-03   5.020841e-05
   1.762090e-01   2.119719e+00   0.000000e+00   1.699223e-08   2.497697e-03   1.704000e-08   3.710000e-10   2.504720e-03   5.453351e-05
   1.944757e-01   2.137986e+00   0.000000e+00   3.279806e-08   2.760789e-03   3.311000e-08   8.380000e-10   2.787046e-03   7.053895e-05
   2.129269e-01   2.156437e+00   0.000000e+00   5.964666e-08   3.093110e-03   5.842000e-08   1.390000e-09   3.029499e-03   7.208155e-05
   2.311936e-01   2.174704e+00   0.000000e+00   1.028697e-07   3.512904e-03   9.789000e-08   2.250000e-09   3.342851e-03   7.683538e-05
   2.496448e-01   2.193155e+00   0.000000e+00   1.727046e-07   4.067504e-03   1.714000e-07   3.790000e-09   4.036777e-03   8.926130e-05
   2.680038e-01   2.211514e+00   0.000000e+00   2.836642e-07   4.810990e-03   2.693000e-07   7.900000e-09   4.567371e-03   1.339852e-04
   2.863627e-01   2.229873e+00   0.000000e+00   4.627007e-07   5.848563e-03   4.711000e-07   1.020000e-08   5.954730e-03   1.289286e-04
   3.048139e-01   2.248324e+00   0.000000e+00   7.613535e-07   7.373559e-03   7.440000e-07   1.750000e-08   7.205494e-03   1.694841e-04
   3.232651e-01   2.266775e+00   0.000000e+00   1.280654e-06   9.742617e-03   1.282000e-06   2.950000e-08   9.752859e-03   2.244223e-04
   3.417163e-01   2.285226e+00   0.000000e+00   2.249256e-06   1.373175e-02   2.314000e-06   5.010000e-08   1.412701e-02   3.058614e-04
   3.588760e-01   2.302386e+00   0.000000e+00   4.058466e-06   2.053182e-02   4.342000e-06   9.550000e-08   2.196622e-02   4.831354e-04


   6.206063e-01   2.564116e+00   9.000000e+01   1.206162e-06   1.069974e-03   1.083000e-06   2.610000e-08   9.607182e-04   2.315304e-05
   6.113807e-01   2.554891e+00   9.000000e+01   1.303506e-06   1.203074e-03   1.191000e-06   2.720000e-08   1.099236e-03   2.510430e-05
   6.021551e-01   2.545665e+00   9.000000e+01   1.414319e-06   1.359510e-03   1.254000e-06   2.940000e-08   1.205404e-03   2.826066e-05
   5.975423e-01   2.541052e+00   9.000000e+01   1.475567e-06   1.448084e-03   1.336000e-06   3.470000e-08   1.311117e-03   3.405371e-05
   5.929295e-01   2.536439e+00   9.000000e+01   1.541294e-06   1.544679e-03   1.402000e-06   3.770000e-08   1.405079e-03   3.778280e-05
   5.883167e-01   2.531827e+00   9.000000e+01   1.611806e-06   1.650075e-03   1.522000e-06   3.470000e-08   1.558137e-03   3.552388e-05
   5.837039e-01   2.527214e+00   9.000000e+01   1.687760e-06   1.765478e-03   1.565000e-06   3.890000e-08   1.637065e-03   4.069127e-05
   5.790911e-01   2.522601e+00   9.000000e+01   1.769786e-06   1.892163e-03   1.623000e-06   4.610000e-08   1.735227e-03   4.928771e-05
   5.744783e-01   2.517988e+00   9.000000e+01   1.858304e-06   2.031273e-03   1.664000e-06   4.300000e-08   1.818884e-03   4.700241e-05
   5.698655e-01   2.513375e+00   9.000000e+01   1.954412e-06   2.184803e-03   1.800000e-06   5.070000e-08   2.012189e-03   5.667665e-05
   5.652527e-01   2.508763e+00   9.000000e+01   2.058711e-06   2.354341e-03   1.889000e-06   4.290000e-08   2.160260e-03   4.906043e-05
   5.606399e-01   2.504150e+00   9.000000e+01   2.172390e-06   2.542295e-03   2.060000e-06   5.940000e-08   2.410768e-03   6.951437e-05
   5.560271e-01   2.499537e+00   9.000000e+01   2.296626e-06   2.751260e-03   2.056000e-06   5.080000e-08   2.463000e-03   6.085624e-05
   5.514143e-01   2.494924e+00   9.000000e+01   2.432724e-06   2.984212e-03   2.269000e-06   6.130000e-08   2.783372e-03   7.519644e-05
   5.468015e-01   2.490311e+00   9.000000e+01   2.582529e-06   3.245060e-03   2.526000e-06   7.180000e-08   3.174029e-03   9.021982e-05
   5.421887e-01   2.485699e+00   9.000000e+01   2.747839e-06   3.538001e-03   2.543000e-06   6.580000e-08   3.274259e-03   8.472130e-05
   5.375759e-01   2.481086e+00   9.000000e+01   2.930755e-06   3.868007e-03   2.692000e-06   6.890000e-08   3.552899e-03   9.093414e-05
   5.329631e-01   2.476473e+00   9.000000e+01   3.134400e-06   4.241881e-03   2.910000e-06   7.970000e-08   3.938193e-03   1.078605e-04
   5.283503e-01   2.471860e+00   9.000000e+01   3.362127e-06   4.667380e-03   3.057000e-06   8.580000e-08   4.243796e-03   1.191095e-04
   5.237375e-01   2.467247e+00   9.000000e+01   3.617491e-06   5.153283e-03   3.323000e-06   9.620000e-08   4.733767e-03   1.370413e-04
   5.191247e-01   2.462635e+00   9.000000e+01   3.905641e-06   5.711529e-03   3.415000e-06   9.030000e-08   4.994026e-03   1.320529e-04
   5.145119e-01   2.458022e+00   9.000000e+01   4.232910e-06   6.357008e-03   4.002000e-06   1.130000e-07   6.010225e-03   1.697040e-04
   5.098991e-01   2.453409e+00   9.000000e+01   4.606506e-06   7.107434e-03   4.262000e-06   1.170000e-07   6.575892e-03   1.805207e-04
   5.052863e-01   2.448796e+00   9.000000e+01   5.035944e-06   7.985973e-03   4.784000e-06   1.250000e-07   7.586441e-03   1.982243e-04
   5.006735e-01   2.444183e+00   9.000000e+01   5.533017e-06   9.021880e-03   4.877000e-06   1.220000e-07   7.952209e-03   1.989275e-04
   4.960607e-01   2.439571e+00   9.000000e+01   6.113214e-06   1.025367e-02   5.727000e-06   1.600000e-07   9.605878e-03   2.683675e-04
   4.914479e-01   2.434958e+00   9.000000e+01   6.796342e-06   1.173144e-02   6.129000e-06   1.560000e-07   1.057951e-02   2.692779e-04
   4.868351e-01   2.430345e+00   9.000000e+01   7.608149e-06   1.352126e-02   6.905000e-06   1.840000e-07   1.227162e-02   3.270063e-04
   4.822223e-01   2.425732e+00   9.000000e+01   8.583680e-06   1.571357e-02   7.589000e-06   1.890000e-07   1.389268e-02   3.459897e-04
   4.776095e-01   2.421119e+00   9.000000e+01   9.769754e-06   1.843122e-02   8.972000e-06   2.400000e-07   1.692621e-02   4.527742e-04
   4.729967e-01   2.416507e+00   9.000000e+01   1.122990e-05   2.184371e-02   1.031000e-05   2.560000e-07   2.005438e-02   4.979554e-04
   4.683839e-01   2.411894e+00   9.000000e+01   1.305366e-05   2.619265e-02   1.194000e-05   3.140000e-07   2.395805e-02   6.300526e-04
   4.638633e-01   2.407373e+00   9.000000e+01   1.531445e-05   3.169499e-02   1.448000e-05   3.720000e-07   2.996801e-02   7.698963e-04
   4.592505e-01   2.402761e+00   9.000000e+01   1.828016e-05   3.906711e-02   1.852000e-05   4.780000e-07   3.957968e-02   1.021549e-03
   4.546377e-01   2.398148e+00   9.000000e+01   2.216574e-05   4.894283e-02   2.136000e-05   5.010000e-07   4.716374e-02   1.106228e-03
   4.500249e-01   2.393535e+00   9.000000e+01   2.733184e-05   6.238662e-02   2.805000e-05   7.550000e-07   6.402586e-02   1.723334e-03
   4.454121e-01   2.388922e+00   9.000000e+01   3.427051e-05   8.091055e-02   3.419000e-05   8.860000e-07   8.072047e-02   2.091791e-03
   4.435670e-01   2.387077e+00   9.000000e+01   3.766755e-05   9.015445e-02   3.579000e-05   9.160000e-07   8.566068e-02   2.192377e-03
   4.417219e-01   2.385232e+00   9.000000e+01   4.147609e-05   1.006454e-01   3.961000e-05   1.000000e-06   9.611714e-02   2.426588e-03
   4.398767e-01   2.383387e+00   9.000000e+01   4.572017e-05   1.124919e-01   4.256000e-05   1.110000e-06   1.047165e-01   2.731093e-03
   4.380316e-01   2.381542e+00   9.000000e+01   5.040582e-05   1.257632e-01   4.828000e-05   1.240000e-06   1.204592e-01   3.093817e-03
   4.361865e-01   2.379697e+00   9.000000e+01   5.550707e-05   1.404503e-01   5.301000e-05   1.210000e-06   1.341320e-01   3.061680e-03
   4.343414e-01   2.377851e+00   9.000000e+01   6.094620e-05   1.564104e-01   5.494000e-05   1.360000e-06   1.409962e-01   3.490260e-03
   4.324963e-01   2.376006e+00   9.000000e+01   6.657442e-05   1.733061e-01   6.127000e-05   1.540000e-06   1.594977e-01   4.008918e-03
   4.306511e-01   2.374161e+00   9.000000e+01   7.214453e-05   1.905202e-01   6.699000e-05   1.690000e-06   1.769081e-01   4.462974e-03
   4.288060e-01   2.372316e+00   9.000000e+01   7.731278e-05   2.071402e-01   7.144000e-05   1.710000e-06   1.914056e-01   4.581516e-03
   4.269609e-01   2.370471e+00   9.000000e+01   8.165367e-05   2.219775e-01   7.620000e-05   1.900000e-06   2.071515e-01   5.165196e-03
   4.251158e-01   2.368626e+00   9.000000e+01   8.470296e-05   2.336668e-01   7.623000e-05   1.830000e-06   2.102928e-01   5.048351e-03
   4.232707e-01   2.366781e+00   9.000000e+01   8.607416e-05   2.409807e-01   7.792000e-05   1.890000e-06   2.181516e-01   5.291408e-03
   4.214255e-01   2.364936e+00   9.000000e+01   8.554033e-05   2.430734e-01   7.812000e-05   1.640000e-06   2.219877e-01   4.660263e-03
   4.195804e-01   2.363090e+00   9.000000e+01   8.312009e-05   2.397598e-01   7.692000e-05   1.780000e-06   2.218757e-01   5.134409e-03
   4.177353e-01   2.361245e+00   9.000000e+01   7.907184e-05   2.315493e-01   7.517000e-05   1.640000e-06   2.201234e-01   4.802479e-03
   4.158902e-01   2.359400e+00   9.000000e+01   7.382163e-05   2.194847e-01   7.087000e-05   1.620000e-06   2.107089e-01   4.816544e-03
   4.140451e-01   2.357555e+00   9.000000e+01   6.785125e-05   2.048451e-01   6.664000e-05   1.590000e-06   2.011883e-01   4.800262e-03
   4.121999e-01   2.355710e+00   9.000000e+01   6.160956e-05   1.888914e-01   6.263000e-05   1.590000e-06   1.920200e-01   4.874848e-03
   4.103548e-01   2.353865e+00   9.000000e+01   5.544949e-05   1.726662e-01   5.581000e-05   1.430000e-06   1.737888e-01   4.452928e-03
   4.085097e-01   2.352020e+00   9.000000e+01   4.960860e-05   1.569142e-01   5.229000e-05   1.330000e-06   1.653956e-01   4.206850e-03
   4.038969e-01   2.347407e+00   9.000000e+01   3.713008e-05   1.221922e-01   3.672000e-05   8.730000e-07   1.208426e-01   2.872975e-03
   3.992841e-01   2.342794e+00   9.000000e+01   2.782507e-05   9.534368e-02   2.823000e-05   6.610000e-07   9.673120e-02   2.264942e-03
   3.946713e-01   2.338181e+00   9.000000e+01   2.111279e-05   7.538333e-02   2.013000e-05   4.520000e-07   7.187427e-02   1.613868e-03
   3.900585e-01   2.333568e+00   9.000000e+01   1.628204e-05   6.062595e-02   1.628000e-05   4.000000e-07   6.061835e-02   1.489394e-03
   3.854457e-01   2.328956e+00   9.000000e+01   1.276665e-05   4.961389e-02   1.190000e-05   3.030000e-07   4.624592e-02   1.177522e-03
   3.808329e-01   2.324343e+00   9.000000e+01   1.016677e-05   4.127186e-02   1.006000e-05   2.400000e-07   4.083844e-02   9.742769e-04
   3.762201e-01   2.319730e+00   9.000000e+01   8.211042e-06   3.484926e-02   7.906000e-06   1.980000e-07   3.355460e-02   8.403506e-04
   3.716073e-01   2.315117e+00   9.000000e+01   6.713159e-06   2.981522e-02   6.497000e-06   1.600000e-07   2.885519e-02   7.106097e-04
   3.669945e-01   2.310504e+00   9.000000e+01   5.549077e-06   2.581380e-02   5.313000e-06   1.370000e-07   2.471560e-02   6.373116e-04
   3.623817e-01   2.305892e+00   9.000000e+01   4.630625e-06   2.258441e-02   4.371000e-06   9.370000e-08   2.131817e-02   4.569920e-04
   3.577689e-01   2.301279e+00   9.000000e+01   3.896489e-06   1.994397e-02   3.651000e-06   9.300000e-08   1.868745e-02   4.760156e-04
   3.532483e-01   2.296758e+00   9.000000e+01   3.313397e-06   1.779894e-02   3.121000e-06   8.300000e-08   1.676542e-02   4.458602e-04
   3.486355e-01   2.292146e+00   9.000000e+01   2.826153e-06   1.596553e-02   2.598000e-06   7.030000e-08   1.467664e-02   3.971393e-04
   3.440227e-01   2.287533e+00   9.000000e+01   2.424049e-06   1.441692e-02   2.255000e-06   5.790000e-08   1.341151e-02   3.443577e-04
   3.394099e-01   2.282920e+00   9.000000e+01   2.089410e-06   1.309761e-02   1.981000e-06   4.510000e-08   1.241803e-02   2.827124e-04
   3.347971e-01   2.278307e+00   9.000000e+01   1.808677e-06   1.196402e-02   1.723000e-06   4.020000e-08   1.139729e-02   2.659147e-04
   3.301843e-01   2.273694e+00   9.000000e+01   1.571617e-06   1.098349e-02   1.482000e-06   3.480000e-08   1.035718e-02   2.432051e-04
   3.255715e-01   2.269082e+00   9.000000e+01   1.370120e-06   1.012926e-02   1.224000e-06   2.860000e-08   9.048998e-03   2.114390e-04


   2.717494e-01   2.215259e+00   0.000000e+00   3.134885e-07   4.994311e-03   3.800000e-07   1.350000e-08   6.053933e-03   2.150739e-04
   3.184669e-01   2.261977e+00   0.000000e+00   1.115056e-06   9.012725e-03   1.102340e-06   2.718570e-08   8.909948e-03   2.197354e-04
   3.646982e-01   2.308208e+00   0.000000e+00   5.065545e-06   2.412282e-02   5.126250e-06   4.139410e-08   2.441191e-02   1.971244e-04
   4.106380e-01   2.354148e+00   0.000000e+00   5.637912e-05   1.751416e-01   5.760420e-05   3.024800e-07   1.789473e-01   9.396532e-04
   4.275200e-01   2.371030e+00   0.000000e+00   8.045481e-05   2.177537e-01   9.466690e-05   2.948910e-07   2.562192e-01   7.981325e-04
   4.285348e-01   2.372045e+00   0.000000e+00   7.801348e-05   2.094638e-01   9.225130e-05   5.436850e-07   2.476919e-01   1.459778e-03
   4.278613e-01   2.371371e+00   0.000000e+00   7.966991e-05   2.150492e-01   9.562180e-05   4.237670e-07   2.581073e-01   1.143854e-03
   4.268151e-01   2.370325e+00   0.000000e+00   8.194725e-05   2.230328e-01   9.056220e-05   6.779700e-07   2.464798e-01   1.845206e-03
   4.280329e-01   2.371543e+00   0.000000e+00   7.926136e-05   2.136571e-01   9.595460e-05   8.170480e-07   2.586554e-01   2.202436e-03
   4.565843e-01   2.400094e+00   0.000000e+00   2.039364e-05   4.441102e-02   2.499900e-05   1.225870e-07   5.444006e-02   2.669564e-04
   5.035786e-01   2.447089e+00   0.000000e+00   5.211228e-06   8.349117e-03   5.962740e-06   6.986490e-08   9.553144e-03   1.119333e-04
   5.404128e-01   2.483923e+00   0.000000e+00   2.815981e-06   3.660273e-03   3.377640e-06   2.218000e-08   4.390331e-03   2.883005e-05
   5.959906e-01   2.539501e+00   0.000000e+00   1.497162e-06   1.479646e-03   1.854890e-06   1.755180e-08   1.833188e-03   1.734645e-05
   6.430808e-01   2.586591e+00   0.000000e+00   1.012978e-06   8.192059e-04   1.224530e-06   3.744190e-08   9.902907e-04   3.027967e-05
   6.888693e-01   2.632379e+00   0.000000e+00   7.476709e-07   5.088532e-04   9.112670e-07   1.525610e-08   6.201942e-04   1.038306e-05
   7.355518e-01   2.679062e+00   0.000000e+00   5.805146e-07   3.377394e-04   7.220620e-07   2.235830e-08   4.200908e-04   1.300791e-05
   7.813412e-01   2.724851e+00   0.000000e+00   4.744166e-07   2.404101e-04   6.325280e-07   1.551900e-08   3.205329e-04   7.864238e-06
   8.275504e-01   2.771060e+00   0.000000e+00   4.039246e-07   1.804727e-04   5.137540e-07   2.152450e-08   2.295443e-04   9.617106e-06
   8.273539e-01   2.770864e+00   0.000000e+00   4.041575e-07   1.806689e-04   5.499810e-07   1.626940e-08   2.458557e-04   7.272843e-06
   9.199891e-01   2.863499e+00   0.000000e+00   3.317082e-07   1.191115e-04   4.209490e-07   1.456610e-08   1.511566e-04   5.230472e-06
   9.203508e-01   2.863861e+00   0.000000e+00   3.315659e-07   1.189676e-04   4.667830e-07   1.786850e-08   1.674843e-04   6.411316e-06
   1.012688e+00   2.956198e+00   0.000000e+00   3.187010e-07   9.524061e-05   4.174040e-07   1.947830e-08   1.247370e-04   5.820896e-06
   1.011701e+00   2.955211e+00   0.000000e+00   3.185970e-07   9.538094e-05   4.421220e-07   1.250590e-08   1.323616e-04   3.743992e-06
   1.104148e+00   3.047658e+00   0.000000e+00   3.498741e-07   8.961774e-05   4.438230e-07   1.795580e-08   1.136821e-04   4.599249e-06
   1.196578e+00   3.140088e+00   0.000000e+00   4.302039e-07   9.635493e-05   5.546760e-07   1.744170e-08   1.242336e-04   3.906506e-06
   1.289557e+00   3.233067e+00   0.000000e+00   5.982446e-07   1.191597e-04   7.969150e-07   3.568730e-08   1.587313e-04   7.108275e-06
   1.382109e+00   3.325619e+00   0.000000e+00   1.024887e-06   1.842775e-04   1.567250e-06   5.491070e-08   2.817959e-04   9.873095e-06
   1.474347e+00   3.417857e+00   0.000000e+00   3.058750e-06   5.025665e-04   4.156010e-06   8.770720e-08   6.828513e-04   1.441069e-05
   1.520092e+00   3.463602e+00   0.000000e+00   9.321228e-06   1.470132e-03   1.242900e-05   9.992010e-08   1.960286e-03   1.575927e-05
   1.566660e+00   3.510170e+00   0.000000e+00   3.150760e-05   4.777657e-03   3.559410e-05   4.224760e-07   5.397314e-03   6.406218e-05
   1.612295e+00   3.555805e+00   0.000000e+00   7.812280e-06   1.142199e-03   7.262070e-06   7.928850e-08   1.061755e-03   1.159242e-05
   1.658513e+00   3.602023e+00   0.000000e+00   2.874958e-06   4.058837e-04   2.985280e-06   9.705370e-08   4.214588e-04   1.370194e-05
   1.704702e+00   3.648212e+00   0.000000e+00   1.676594e-06   2.289816e-04   1.846530e-06   4.072020e-08   2.521907e-04   5.561381e-06
   1.750987e+00   3.694497e+00   0.000000e+00   1.244408e-06   1.646797e-04   1.535260e-06   3.996770e-08   2.031699e-04   5.289159e-06


   9.751462e-01   2.918656e+00   0.000000e+00   2.706715e-08   8.681035e-06   2.350000e-08   1.210000e-09   7.536970e-06   3.880738e-07
   1.107072e+00   3.050582e+00   0.000000e+00   3.335622e-08   8.505138e-06   2.740000e-08   1.350000e-09   6.986426e-06   3.442217e-07
   1.147665e+00   3.091175e+00   0.000000e+00   3.722796e-08   8.930161e-06   3.010000e-08   1.420000e-09   7.220322e-06   3.406265e-07
   1.198406e+00   3.141916e+00   0.000000e+00   4.375502e-08   9.775907e-06   3.430000e-08   1.640000e-09   7.663432e-06   3.664148e-07
   1.244534e+00   3.188044e+00   0.000000e+00   5.190863e-08   1.092185e-05   4.280000e-08   1.850000e-09   9.005348e-06   3.892499e-07
   1.281436e+00   3.224946e+00   0.000000e+00   6.064897e-08   1.219705e-05   4.600000e-08   1.920000e-09   9.251010e-06   3.861291e-07
   1.318339e+00   3.261849e+00   0.000000e+00   7.241830e-08   1.395277e-05   5.910000e-08   2.920000e-09   1.138675e-05   5.625939e-07
   1.357086e+00   3.300596e+00   0.000000e+00   9.007580e-08   1.662924e-05   8.610000e-08   3.910000e-09   1.589525e-05   7.218402e-07
   1.392143e+00   3.335653e+00   0.000000e+00   1.143413e-07   2.034733e-05   9.540000e-08   4.480000e-09   1.697668e-05   7.972279e-07
   1.429968e+00   3.373478e+00   0.000000e+00   1.584094e-07   2.714435e-05   1.440000e-07   6.400000e-09   2.467521e-05   1.096676e-06
   1.466871e+00   3.410381e+00   0.000000e+00   2.444176e-07   4.043749e-05   2.120000e-07   7.120000e-09   3.507419e-05   1.177963e-06
   1.484400e+00   3.427910e+00   0.000000e+00   3.205315e-07   5.218291e-05   2.850000e-07   9.960000e-09   4.639834e-05   1.621500e-06
   1.493625e+00   3.437135e+00   0.000000e+00   3.787330e-07   6.114645e-05   3.300000e-07   9.960000e-09   5.327850e-05   1.608042e-06
   1.503773e+00   3.447283e+00   0.000000e+00   4.660388e-07   7.456359e-05   4.240000e-07   1.350000e-08   6.783762e-05   2.159924e-06
   1.512999e+00   3.456509e+00   0.000000e+00   5.771520e-07   9.159296e-05   5.130000e-07   1.570000e-08   8.141215e-05   2.491561e-06
   1.512999e+00   3.456509e+00   0.000000e+00   5.771520e-07   9.159296e-05   4.810000e-07   1.420000e-08   7.633381e-05   2.253514e-06
   1.522224e+00   3.465734e+00   0.000000e+00   7.339395e-07   1.155419e-04   6.580000e-07   1.420000e-08   1.035870e-04   2.235463e-06
   1.531450e+00   3.474960e+00   0.000000e+00   9.567647e-07   1.494278e-04   8.680000e-07   2.130000e-08   1.355645e-04   3.326639e-06
   1.540676e+00   3.484186e+00   0.000000e+00   1.261141e-06   1.954229e-04   1.140000e-06   2.780000e-08   1.766513e-04   4.307812e-06
   1.548979e+00   3.492489e+00   0.000000e+00   1.577255e-06   2.427023e-04   1.300000e-06   2.560000e-08   2.000393e-04   3.939235e-06
   1.558204e+00   3.501714e+00   0.000000e+00   1.817698e-06   2.775566e-04   1.420000e-06   2.780000e-08   2.168295e-04   4.244971e-06
   1.568352e+00   3.511862e+00   0.000000e+00   1.674911e-06   2.536229e-04   1.170000e-06   2.420000e-08   1.771669e-04   3.664477e-06
   1.577578e+00   3.521088e+00   0.000000e+00   1.255358e-06   1.886685e-04   8.680000e-07   2.210000e-08   1.304523e-04   3.321423e-06
   1.586804e+00   3.530314e+00   0.000000e+00   8.468190e-07   1.263263e-04   5.690000e-07   1.420000e-08   8.488196e-05   2.118320e-06
   1.596029e+00   3.539539e+00   0.000000e+00   5.582776e-07   8.267229e-05   4.120000e-07   5.410000e-09   6.101083e-05   8.011373e-07
   1.605255e+00   3.548765e+00   0.000000e+00   3.736564e-07   5.493176e-05   2.910000e-07   9.250000e-09   4.278032e-05   1.359856e-06
   1.628319e+00   3.571829e+00   0.000000e+00   1.544245e-07   2.230074e-05   1.070000e-07   3.560000e-09   1.545208e-05   5.141066e-07
   1.649538e+00   3.593048e+00   0.000000e+00   7.899089e-08   1.122624e-05   5.290000e-08   1.780000e-09   7.518183e-06   2.529748e-07
   1.673524e+00   3.617034e+00   0.000000e+00   4.270595e-08   5.963429e-06   2.740000e-08   1.490000e-09   3.826117e-06   2.080626e-07
   1.693821e+00   3.637331e+00   0.000000e+00   2.857965e-08   3.933270e-06   1.780000e-08   1.140000e-09   2.449722e-06   1.568923e-07
   1.718730e+00   3.662240e+00   0.000000e+00   2.045789e-08   2.766993e-06   1.220000e-08   7.830000e-10   1.650088e-06   1.059032e-07
   1.743639e+00   3.687149e+00   0.000000e+00   1.731585e-08   2.302761e-06   9.320000e-09   8.540000e-10   1.239427e-06   1.135698e-07
   1.763013e+00   3.706523e+00   0.000000e+00   1.667132e-08   2.188783e-06   1.150000e-08   9.960000e-10   1.509839e-06   1.307652e-07
   1.786999e+00   3.730509e+00   0.000000e+00   1.709541e-08   2.209912e-06   1.430000e-08   1.070000e-09   1.848552e-06   1.383182e-07
   1.814676e+00   3.758186e+00   0.000000e+00   1.855974e-08   2.357809e-06   1.300000e-08   9.250000e-10   1.651505e-06   1.175110e-07
   1.836818e+00   3.780328e+00   0.000000e+00   2.016014e-08   2.526635e-06   1.670000e-08   1.210000e-09   2.092982e-06   1.516472e-07
   1.861727e+00   3.805237e+00   0.000000e+00   2.223267e-08   2.745239e-06   1.820000e-08   1.280000e-09   2.247294e-06   1.580515e-07
   1.878333e+00   3.821843e+00   0.000000e+00   2.371564e-08   2.900078e-06   1.910000e-08   1.070000e-09   2.335652e-06   1.308454e-07
   1.906932e+00   3.850442e+00   0.000000e+00   2.638843e-08   3.174679e-06   2.330000e-08   1.280000e-09   2.803123e-06   1.539913e-07
   1.930919e+00   3.874429e+00   0.000000e+00   2.870337e-08   3.407478e-06   2.060000e-08   1.350000e-09   2.445499e-06   1.602633e-07
   1.954905e+00   3.898415e+00   0.000000e+00   3.105688e-08   3.639251e-06   2.530000e-08   1.570000e-09   2.964659e-06   1.839729e-07
   1.977047e+00   3.920557e+00   0.000000e+00   3.325538e-08   3.851454e-06   3.150000e-08   1.710000e-09   3.648156e-06   1.980427e-07
   1.997343e+00   3.940853e+00   0.000000e+00   3.527097e-08   4.042141e-06   2.720000e-08   1.850000e-09   3.117187e-06   2.120146e-07
   2.045316e+00   3.988826e+00   0.000000e+00   4.006754e-08   4.482768e-06   3.740000e-08   1.920000e-09   4.184323e-06   2.148102e-07
   2.088676e+00   4.032186e+00   0.000000e+00   4.441353e-08   4.866816e-06   3.030000e-08   1.710000e-09   3.320261e-06   1.873811e-07
   2.137572e+00   4.081082e+00   0.000000e+00   4.931961e-08   5.284632e-06   4.010000e-08   2.210000e-09   4.296744e-06   2.368031e-07
   2.182778e+00   4.126288e+00   0.000000e+00   5.386157e-08   5.658045e-06   3.760000e-08   2.350000e-09   3.949801e-06   2.468626e-07
   2.239054e+00   4.182564e+00   0.000000e+00   5.953217e-08   6.108256e-06   4.580000e-08   2.630000e-09   4.699276e-06   2.698493e-07
   2.284259e+00   4.227769e+00   0.000000e+00   6.410760e-08   6.460069e-06   5.390000e-08   2.920000e-09   5.431458e-06   2.942459e-07
   2.342381e+00   4.285891e+00   0.000000e+00   7.003107e-08   6.902380e-06   5.470000e-08   2.990000e-09   5.391324e-06   2.946994e-07
   9.751462e-01   2.918656e+00   5.500000e+01   2.512858e-08   8.059290e-06   2.130000e-08   1.110000e-09   6.831381e-06   3.560015e-07
   1.107072e+00   3.050582e+00   5.500000e+01   2.995073e-08   7.636808e-06   2.580000e-08   1.110000e-09   6.578460e-06   2.830268e-07
   1.143975e+00   3.087485e+00   5.500000e+01   3.286074e-08   7.925157e-06   2.950000e-08   1.170000e-09   7.114634e-06   2.821736e-07
   1.180877e+00   3.124387e+00   5.500000e+01   3.664143e-08   8.384783e-06   3.070000e-08   1.300000e-09   7.025186e-06   2.974835e-07
   1.199328e+00   3.142838e+00   5.500000e+01   3.892879e-08   8.686819e-06   3.500000e-08   1.300000e-09   7.810125e-06   2.900904e-07
   1.218702e+00   3.162212e+00   5.500000e+01   4.167557e-08   9.063968e-06   3.960000e-08   1.500000e-09   8.612554e-06   3.262331e-07
   1.246379e+00   3.189889e+00   5.500000e+01   4.634266e-08   9.728173e-06   3.910000e-08   1.570000e-09   8.207807e-06   3.295718e-07
   1.264830e+00   3.208340e+00   5.500000e+01   5.005152e-08   1.026954e-05   4.300000e-08   1.890000e-09   8.822710e-06   3.877889e-07
   1.282359e+00   3.225869e+00   5.500000e+01   5.413707e-08   1.087549e-05   5.340000e-08   2.410000e-09   1.072742e-05   4.841400e-07
   1.301733e+00   3.245243e+00   5.500000e+01   5.945659e-08   1.167538e-05   5.340000e-08   2.150000e-09   1.048606e-05   4.221916e-07
   1.320184e+00   3.263694e+00   5.500000e+01   6.551631e-08   1.259667e-05   6.180000e-08   2.350000e-09   1.188214e-05   4.518290e-07
   1.356164e+00   3.299674e+00   5.500000e+01   8.139659e-08   1.504183e-05   7.180000e-08   2.410000e-09   1.326841e-05   4.453604e-07
   1.375537e+00   3.319047e+00   5.500000e+01   9.329077e-08   1.688921e-05   8.810000e-08   2.870000e-09   1.594948e-05   5.195802e-07
   1.393989e+00   3.337499e+00   5.500000e+01   1.080154e-07   1.918539e-05   1.030000e-07   3.650000e-09   1.829457e-05   6.483028e-07
   1.410595e+00   3.354105e+00   5.500000e+01   1.253965e-07   2.190206e-05   1.270000e-07   4.370000e-09   2.218213e-05   7.632750e-07
   1.429968e+00   3.373478e+00   5.500000e+01   1.532235e-07   2.625571e-05   1.470000e-07   5.150000e-09   2.518928e-05   8.824816e-07
   1.448420e+00   3.391930e+00   5.500000e+01   1.918568e-07   3.229697e-05   1.930000e-07   6.520000e-09   3.248942e-05   1.097570e-06
   1.457645e+00   3.401155e+00   5.500000e+01   2.180781e-07   3.639218e-05   2.140000e-07   7.830000e-09   3.571164e-05   1.306645e-06
   1.466871e+00   3.410381e+00   5.500000e+01   2.510434e-07   4.153369e-05   2.480000e-07   8.480000e-09   4.103018e-05   1.402967e-06
   1.476096e+00   3.419606e+00   5.500000e+01   2.932866e-07   4.811091e-05   3.270000e-07   1.110000e-08   5.364126e-05   1.820850e-06
   1.485322e+00   3.428832e+00   5.500000e+01   3.486013e-07   5.670517e-05   3.840000e-07   1.240000e-08   6.246330e-05   2.017044e-06
   1.494548e+00   3.438058e+00   5.500000e+01   4.228047e-07   6.820532e-05   4.690000e-07   1.570000e-08   7.565738e-05   2.532667e-06
   1.503773e+00   3.447283e+00   5.500000e+01   5.250489e-07   8.400488e-05   5.560000e-07   1.760000e-08   8.895687e-05   2.815901e-06
   1.512076e+00   3.455586e+00   5.500000e+01   6.529452e-07   1.037051e-04   7.110000e-07   2.150000e-08   1.129257e-04   3.414773e-06
   1.522224e+00   3.465734e+00   5.500000e+01   8.805480e-07   1.386220e-04   9.520000e-07   2.940000e-08   1.498705e-04   4.628354e-06
   1.531450e+00   3.474960e+00   5.500000e+01   1.190600e-06   1.859483e-04   1.310000e-06   3.390000e-08   2.045961e-04   5.294511e-06
   1.540676e+00   3.484186e+00   5.500000e+01   1.633915e-06   2.531870e-04   1.740000e-06   4.370000e-08   2.696256e-04   6.771633e-06
   1.548979e+00   3.492489e+00   5.500000e+01   2.126290e-06   3.271857e-04   2.260000e-06   4.830000e-08   3.477606e-04   7.432229e-06
   1.559127e+00   3.502637e+00   5.500000e+01   2.595000e-06   3.959453e-04   2.470000e-06   4.760000e-08   3.768728e-04   7.262811e-06
   1.569275e+00   3.512785e+00   5.500000e+01   2.473127e-06   3.742096e-04   2.130000e-06   3.780000e-08   3.222910e-04   5.719530e-06
   1.577578e+00   3.521088e+00   5.500000e+01   1.994638e-06   2.997754e-04   1.670000e-06   3.260000e-08   2.509854e-04   4.899475e-06
   1.587726e+00   3.531236e+00   5.500000e+01   1.383284e-06   2.062024e-04   1.100000e-06   2.090000e-08   1.639740e-04   3.115505e-06
   1.596029e+00   3.539539e+00   5.500000e+01   1.010445e-06   1.496313e-04   8.090000e-07   1.830000e-08   1.198004e-04   2.709947e-06
   1.605255e+00   3.548765e+00   5.500000e+01   7.269351e-07   1.068678e-04   6.390000e-07   1.040000e-08   9.394029e-05   1.528919e-06
   1.627396e+00   3.570906e+00   5.500000e+01   3.751946e-07   5.422077e-05   3.350000e-07   8.480000e-09   4.841209e-05   1.225476e-06
   1.648615e+00   3.592125e+00   5.500000e+01   2.322528e-07   3.303061e-05   2.150000e-07   7.180000e-09   3.057695e-05   1.021128e-06
   1.673524e+00   3.617034e+00   5.500000e+01   1.527621e-07   2.133159e-05   1.400000e-07   4.890000e-09   1.954950e-05   6.828362e-07
   1.696588e+00   3.640098e+00   5.500000e+01   1.149134e-07   1.578404e-05   1.100000e-07   3.460000e-09   1.510916e-05   4.752516e-07
   1.719652e+00   3.663162e+00   5.500000e+01   9.314897e-08   1.259069e-05   8.810000e-08   3.200000e-09   1.190824e-05   4.325353e-07
   1.743639e+00   3.687149e+00   5.500000e+01   7.954849e-08   1.057881e-05   7.500000e-08   2.610000e-09   9.973928e-06   3.470927e-07
   1.743639e+00   3.687149e+00   5.500000e+01   7.954849e-08   1.057881e-05   8.090000e-08   3.000000e-09   1.075854e-05   3.989571e-07
   1.767626e+00   3.711136e+00   5.500000e+01   7.119724e-08   9.319369e-06   7.050000e-08   2.610000e-09   9.228104e-06   3.416362e-07
   1.786999e+00   3.730509e+00   5.500000e+01   6.682803e-08   8.638816e-06   6.590000e-08   2.410000e-09   8.518851e-06   3.115392e-07
   1.814676e+00   3.758186e+00   5.500000e+01   6.294247e-08   7.996141e-06   6.650000e-08   2.670000e-09   8.448085e-06   3.391938e-07
   1.836818e+00   3.780328e+00   5.500000e+01   6.118181e-08   7.667809e-06   5.810000e-08   2.480000e-09   7.281571e-06   3.108140e-07
   1.861727e+00   3.805237e+00   5.500000e+01   6.016841e-08   7.429457e-06   5.770000e-08   2.410000e-09   7.124664e-06   2.975813e-07
   1.879255e+00   3.822765e+00   5.500000e+01   5.990466e-08   7.321555e-06   5.260000e-08   2.350000e-09   6.428779e-06   2.872173e-07
   1.906932e+00   3.850442e+00   5.500000e+01   6.004187e-08   7.223379e-06   6.420000e-08   2.540000e-09   7.723626e-06   3.055765e-07
   1.930919e+00   3.874429e+00   5.500000e+01   6.057524e-08   7.191100e-06   6.050000e-08   2.540000e-09   7.182168e-06   3.015324e-07
   1.953983e+00   3.897493e+00   5.500000e+01   6.135910e-08   7.193625e-06   6.000000e-08   2.610000e-09   7.034287e-06   3.059915e-07
   1.955828e+00   3.899338e+00   5.500000e+01   6.143160e-08   7.195014e-06   5.620000e-08   2.480000e-09   6.582276e-06   2.904634e-07
   1.977047e+00   3.920557e+00   5.500000e+01   6.234519e-08   7.220475e-06   6.160000e-08   2.670000e-09   7.134171e-06   3.092246e-07
   1.998266e+00   3.941776e+00   5.500000e+01   6.341106e-08   7.263627e-06   6.310000e-08   2.740000e-09   7.227995e-06   3.138622e-07
   2.023175e+00   3.966685e+00   5.500000e+01   6.479751e-08   7.329414e-06   6.110000e-08   3.000000e-09   6.911179e-06   3.393377e-07
   2.047161e+00   3.990671e+00   5.500000e+01   6.625449e-08   7.405888e-06   6.430000e-08   3.130000e-09   7.187416e-06   3.498696e-07
   2.068380e+00   4.011890e+00   5.500000e+01   6.762298e-08   7.481707e-06   7.110000e-08   3.130000e-09   7.866400e-06   3.462986e-07
   2.088676e+00   4.032186e+00   5.500000e+01   6.899052e-08   7.559953e-06   7.500000e-08   3.200000e-09   8.218468e-06   3.506547e-07
   2.109895e+00   4.053405e+00   5.500000e+01   7.047446e-08   7.646825e-06   7.570000e-08   3.260000e-09   8.213821e-06   3.537260e-07
   2.137572e+00   4.081082e+00   5.500000e+01   7.248245e-08   7.766547e-06   6.850000e-08   3.130000e-09   7.339824e-06   3.353817e-07
   2.158791e+00   4.102301e+00   5.500000e+01   7.406616e-08   7.861927e-06   7.180000e-08   3.130000e-09   7.621381e-06   3.322412e-07
   2.180933e+00   4.124443e+00   5.500000e+01   7.575498e-08   7.964212e-06   7.180000e-08   3.070000e-09   7.548420e-06   3.227528e-07
   2.212300e+00   4.155810e+00   5.500000e+01   7.820457e-08   8.113178e-06   7.960000e-08   3.590000e-09   8.257945e-06   3.724374e-07
   2.237209e+00   4.180719e+00   5.500000e+01   8.019102e-08   8.234136e-06   8.020000e-08   3.650000e-09   8.235058e-06   3.747876e-07
   2.260273e+00   4.203783e+00   5.500000e+01   8.203399e-08   8.345267e-06   8.150000e-08   3.910000e-09   8.290945e-06   3.977619e-07
   2.284259e+00   4.227769e+00   5.500000e+01   8.402347e-08   8.466975e-06   9.000000e-08   4.180000e-09   9.069224e-06   4.212151e-07
   2.312859e+00   4.256369e+00   5.500000e+01   8.640211e-08   8.611050e-06   1.000000e-07   4.500000e-09   9.966250e-06   4.484812e-07
   2.336845e+00   4.280355e+00   5.500000e+01   8.842945e-08   8.733732e-06   8.810000e-08   4.180000e-09   8.701193e-06   4.128376e-07


   3.266168e-01   2.270127e+00   9.000000e+01   1.413017e-06   1.031294e-02   2.500000e-06   3.000000e-07   1.824631e-02   2.189558e-03
   3.597985e-01   2.303309e+00   9.000000e+01   4.199971e-06   2.104282e-02   6.500000e-06   8.000000e-07   3.256650e-02   4.008184e-03
   4.243620e-01   2.367872e+00   9.000000e+01   8.548273e-05   2.372413e-01   1.240000e-04   1.200000e-05   3.441387e-01   3.330374e-02
   4.271611e-01   2.370671e+00   9.000000e+01   8.123737e-05   2.204962e-01   1.160000e-04   1.200000e-05   3.148497e-01   3.257066e-02
   5.212078e-01   2.464718e+00   9.000000e+01   3.771180e-06   5.449739e-03   5.000000e-06   5.000000e-07   7.225509e-03   7.225509e-04
   6.919128e-01   2.635423e+00   9.000000e+01   7.342566e-07   4.943683e-04   1.000000e-06   1.000000e-07   6.732910e-04   6.732910e-05
   9.788522e-01   2.922362e+00   9.000000e+01   3.178992e-07   1.012270e-04   2.700000e-07   3.000000e-08   8.597471e-05   9.552746e-06


   1.798993e-01   2.123409e+00   0.000000e+00   1.952915e-08   2.546411e-03   1.750000e-08   1.666000e-08   2.281830e-03   2.172302e-03
   1.946602e-01   2.138170e+00   0.000000e+00   3.300445e-08   2.763742e-03   2.520000e-08   1.414000e-08   2.110209e-03   1.184062e-03
   2.108050e-01   2.154315e+00   0.000000e+00   5.583406e-08   3.050709e-03   5.670000e-08   2.156000e-08   3.098023e-03   1.178014e-03
   2.255660e-01   2.169076e+00   0.000000e+00   8.732153e-08   3.371988e-03   7.210000e-08   1.372000e-08   2.784197e-03   5.298083e-04
   2.407882e-01   2.184298e+00   0.000000e+00   1.351117e-07   3.781746e-03   1.372000e-07   1.785000e-08   3.840196e-03   4.996174e-04
   2.555492e-01   2.199059e+00   0.000000e+00   2.028921e-07   4.281893e-03   2.107000e-07   1.477000e-08   4.446673e-03   3.117103e-04
   2.707714e-01   2.214281e+00   0.000000e+00   3.054192e-07   4.945237e-03   2.695000e-07   1.617000e-08   4.363646e-03   2.618188e-04
   2.721553e-01   2.215665e+00   0.000000e+00   3.168933e-07   5.014851e-03   2.863000e-07   2.289000e-08   4.530711e-03   3.622354e-04
   2.795358e-01   2.223046e+00   0.000000e+00   3.857323e-07   5.419171e-03   3.402000e-07   2.723000e-08   4.779486e-03   3.825555e-04
   2.859937e-01   2.229504e+00   0.000000e+00   4.581662e-07   5.823817e-03   4.200000e-07   2.520000e-08   5.338681e-03   3.203209e-04
   2.873775e-01   2.230888e+00   0.000000e+00   4.754155e-07   5.917663e-03   4.480000e-07   3.584000e-08   5.576413e-03   4.461131e-04
   2.933742e-01   2.236884e+00   0.000000e+00   5.582574e-07   6.356952e-03   4.970000e-07   2.982000e-08   5.659406e-03   3.395644e-04
   2.947580e-01   2.238268e+00   0.000000e+00   5.794227e-07   6.466492e-03   5.530000e-07   4.424000e-08   6.171609e-03   4.937287e-04
   2.989095e-01   2.242420e+00   0.000000e+00   6.481745e-07   6.816086e-03   5.670000e-07   4.536000e-08   5.962470e-03   4.769976e-04
   3.016772e-01   2.245187e+00   0.000000e+00   6.988049e-07   7.068043e-03   6.300000e-07   3.150000e-08   6.372117e-03   3.186059e-04
   3.025998e-01   2.246110e+00   0.000000e+00   7.166027e-07   7.155566e-03   6.300000e-07   4.410000e-08   6.290803e-03   4.403562e-04
   3.062900e-01   2.249800e+00   0.000000e+00   7.928627e-07   7.525328e-03   7.490000e-07   5.243000e-08   7.109012e-03   4.976309e-04
   3.090577e-01   2.252568e+00   0.000000e+00   8.558442e-07   7.824811e-03   7.770000e-07   3.108000e-08   7.103954e-03   2.841582e-04
   3.099803e-01   2.253490e+00   0.000000e+00   8.780473e-07   7.929270e-03   7.700000e-07   5.390000e-08   6.953541e-03   4.867479e-04
   3.155156e-01   2.259026e+00   0.000000e+00   1.025412e-06   8.609263e-03   9.800000e-07   5.880000e-08   8.227989e-03   4.936793e-04
   3.247412e-01   2.268251e+00   0.000000e+00   1.337114e-06   9.987203e-03   1.211000e-06   4.844000e-08   9.045231e-03   3.618092e-04
   3.311991e-01   2.274709e+00   0.000000e+00   1.620474e-06   1.118758e-02   1.477000e-06   5.908000e-08   1.019705e-02   4.078820e-04
   3.330443e-01   2.276554e+00   0.000000e+00   1.714001e-06   1.157544e-02   1.498000e-06   8.960000e-08   1.011668e-02   6.051098e-04
   3.395022e-01   2.283012e+00   0.000000e+00   2.095535e-06   1.312204e-02   1.890000e-06   7.560000e-08   1.183500e-02   4.734001e-04
   3.404247e-01   2.283935e+00   0.000000e+00   2.157986e-06   1.337056e-02   1.862000e-06   1.120000e-07   1.153667e-02   6.939352e-04
   3.473439e-01   2.290854e+00   0.000000e+00   2.705837e-06   1.550589e-02   2.317000e-06   9.240000e-08   1.327764e-02   5.295012e-04
   3.482665e-01   2.291777e+00   0.000000e+00   2.791118e-06   1.583199e-02   2.352000e-06   1.414000e-07   1.334119e-02   8.020597e-04
   3.561083e-01   2.299618e+00   0.000000e+00   3.668487e-06   1.911096e-02   2.989000e-06   1.491000e-07   1.557118e-02   7.767355e-04
   3.634888e-01   2.306999e+00   0.000000e+00   4.832329e-06   2.330009e-02   4.270000e-06   2.135000e-07   2.058871e-02   1.029435e-03
   3.708692e-01   2.314379e+00   0.000000e+00   6.507308e-06   2.911416e-02   5.684000e-06   2.842000e-07   2.543062e-02   1.271531e-03
   3.787110e-01   2.322221e+00   0.000000e+00   9.199809e-06   3.811459e-02   7.980000e-06   3.990000e-07   3.306095e-02   1.653047e-03
   3.865528e-01   2.330063e+00   0.000000e+00   1.351416e-05   5.197855e-02   1.148000e-05   5.740000e-07   4.415469e-02   2.207734e-03
   3.939332e-01   2.337443e+00   0.000000e+00   2.023041e-05   7.271532e-02   1.722000e-05   8.610000e-07   6.189485e-02   3.094742e-03
   4.013137e-01   2.344824e+00   0.000000e+00   3.155628e-05   1.062145e-01   2.835000e-05   1.421000e-06   9.542259e-02   4.782910e-03
   4.059265e-01   2.349437e+00   0.000000e+00   4.221726e-05   1.365195e-01   3.458000e-05   1.036000e-06   1.118226e-01   3.350151e-03
   4.090632e-01   2.352573e+00   0.000000e+00   5.131731e-05   1.615568e-01   4.732000e-05   2.366000e-06   1.489725e-01   7.448625e-03
   4.105393e-01   2.354049e+00   0.000000e+00   5.605428e-05   1.742776e-01   4.970000e-05   1.491000e-06   1.545216e-01   4.635648e-03
   4.130302e-01   2.356540e+00   0.000000e+00   6.442681e-05   1.961603e-01   5.754000e-05   1.729000e-06   1.751921e-01   5.264287e-03
   4.151521e-01   2.358662e+00   0.000000e+00   7.149294e-05   2.138635e-01   6.720000e-05   2.016000e-06   2.010217e-01   6.030650e-03
   4.177353e-01   2.361245e+00   0.000000e+00   7.907184e-05   2.315493e-01   7.420000e-05   2.233000e-06   2.172829e-01   6.538985e-03
   4.200417e-01   2.363552e+00   0.000000e+00   8.389047e-05   2.410753e-01   7.910000e-05   2.366000e-06   2.273090e-01   6.799153e-03
   4.224404e-01   2.365950e+00   0.000000e+00   8.607437e-05   2.425958e-01   8.680000e-05   2.611000e-06   2.446409e-01   7.358957e-03
   4.247468e-01   2.368257e+00   0.000000e+00   8.512138e-05   2.355134e-01   9.100000e-05   2.730000e-06   2.517784e-01   7.553351e-03
   4.271454e-01   2.370655e+00   0.000000e+00   8.127052e-05   2.206136e-01   8.680000e-05   2.604000e-06   2.356237e-01   7.068710e-03
   4.295441e-01   2.373054e+00   0.000000e+00   7.531975e-05   2.006349e-01   8.260000e-05   2.478000e-06   2.200278e-01   6.600835e-03
   4.317582e-01   2.375268e+00   0.000000e+00   6.882635e-05   1.801973e-01   7.490000e-05   2.254000e-06   1.960990e-01   5.901298e-03
   4.342491e-01   2.377759e+00   0.000000e+00   6.122483e-05   1.572370e-01   6.580000e-05   1.974000e-06   1.689869e-01   5.069608e-03
   4.389542e-01   2.382464e+00   0.000000e+00   4.800852e-05   1.189478e-01   5.166000e-05   1.547000e-06   1.279948e-01   3.832907e-03
   4.437515e-01   2.387261e+00   0.000000e+00   3.730976e-05   8.917578e-02   3.640000e-05   1.092000e-06   8.700132e-02   2.610040e-03
   4.483643e-01   2.391874e+00   0.000000e+00   2.959594e-05   6.837610e-02   3.087000e-05   9.240000e-07   7.131958e-02   2.134736e-03
   4.529771e-01   2.396487e+00   0.000000e+00   2.385522e-05   5.330305e-02   2.485000e-05   7.420000e-07   5.552582e-02   1.657954e-03
   4.575899e-01   2.401100e+00   0.000000e+00   1.955669e-05   4.228658e-02   1.869000e-05   5.607000e-07   4.041258e-02   1.212377e-03
   4.622027e-01   2.405713e+00   0.000000e+00   1.629412e-05   3.411244e-02   1.547000e-05   4.641000e-07   3.238711e-02   9.716133e-04
   4.672768e-01   2.410787e+00   0.000000e+00   1.355835e-05   2.741107e-02   1.323000e-05   3.969000e-07   2.674724e-02   8.024173e-04
   4.723509e-01   2.415861e+00   0.000000e+00   1.146088e-05   2.238951e-02   1.113000e-05   3.339000e-07   2.174313e-02   6.522939e-04
   4.769637e-01   2.420474e+00   0.000000e+00   9.955878e-06   1.886237e-02   9.660000e-06   3.864000e-07   1.830180e-02   7.320722e-04
   4.815765e-01   2.425086e+00   0.000000e+00   8.735775e-06   1.605905e-02   8.120000e-06   3.248000e-07   1.492707e-02   5.970828e-04
   4.861893e-01   2.429699e+00   0.000000e+00   7.733921e-06   1.380151e-02   7.420000e-06   2.968000e-07   1.324131e-02   5.296522e-04
   4.908021e-01   2.434312e+00   0.000000e+00   6.901352e-06   1.196110e-02   6.370000e-06   2.548000e-07   1.104018e-02   4.416073e-04
   4.954149e-01   2.438925e+00   0.000000e+00   6.202119e-06   1.044440e-02   5.880000e-06   2.352000e-07   9.901953e-03   3.960781e-04
   5.000277e-01   2.443538e+00   0.000000e+00   5.608852e-06   9.181553e-03   4.970000e-06   1.988000e-07   8.135768e-03   3.254307e-04
   5.046405e-01   2.448150e+00   0.000000e+00   5.101072e-06   8.120629e-03   4.620000e-06   1.848000e-07   7.354788e-03   2.941915e-04
   5.097146e-01   2.453225e+00   0.000000e+00   4.622532e-06   7.139930e-03   4.270000e-06   1.708000e-07   6.595411e-03   2.638165e-04
   5.147886e-01   2.458299e+00   0.000000e+00   4.212062e-06   6.315538e-03   3.290000e-06   1.316000e-07   4.933004e-03   1.973202e-04
   5.194014e-01   2.462911e+00   0.000000e+00   3.887322e-06   5.675745e-03   3.500000e-06   1.400000e-07   5.110229e-03   2.044092e-04
   5.240142e-01   2.467524e+00   0.000000e+00   3.601300e-06   5.122218e-03   3.290000e-06   1.316000e-07   4.679449e-03   1.871780e-04
   5.286270e-01   2.472137e+00   0.000000e+00   3.347738e-06   4.640265e-03   2.870000e-06   1.148000e-07   3.978076e-03   1.591231e-04
   5.332398e-01   2.476750e+00   0.000000e+00   3.121611e-06   4.218175e-03   2.800000e-06   1.120000e-07   3.783588e-03   1.513435e-04
   5.378526e-01   2.481363e+00   0.000000e+00   2.919442e-06   3.847325e-03   2.520000e-06   1.008000e-07   3.320928e-03   1.328371e-04
   5.424655e-01   2.485975e+00   0.000000e+00   2.737453e-06   3.519442e-03   2.380000e-06   9.520000e-08   3.059878e-03   1.223951e-04
   5.470783e-01   2.490588e+00   0.000000e+00   2.573134e-06   3.228564e-03   2.177000e-06   8.680000e-08   2.731526e-03   1.089097e-04
   5.572264e-01   2.500736e+00   0.000000e+00   2.263267e-06   2.694782e-03   1.939000e-06   7.770000e-08   2.308691e-03   9.251433e-05
   5.664520e-01   2.509962e+00   0.000000e+00   2.030748e-06   2.308601e-03   1.757000e-06   7.000000e-08   1.997398e-03   7.957760e-05
   5.756776e-01   2.519188e+00   0.000000e+00   1.834629e-06   1.993828e-03   1.708000e-06   6.832000e-08   1.856211e-03   7.424846e-05
   5.849032e-01   2.528413e+00   0.000000e+00   1.667412e-06   1.734399e-03   1.295000e-06   6.475000e-08   1.347025e-03   6.735125e-05
   5.950514e-01   2.538561e+00   0.000000e+00   1.510528e-06   1.499245e-03   1.274000e-06   6.370000e-08   1.264484e-03   6.322419e-05
   6.038157e-01   2.547326e+00   0.000000e+00   1.393262e-06   1.329401e-03   1.169000e-06   5.845000e-08   1.115419e-03   5.577094e-05
   6.135026e-01   2.557013e+00   0.000000e+00   1.279979e-06   1.170536e-03   1.029000e-06   5.145000e-08   9.410165e-04   4.705083e-05
   6.227282e-01   2.566238e+00   0.000000e+00   1.185476e-06   1.042228e-03   1.015000e-06   5.075000e-08   8.923514e-04   4.461757e-05
   6.319538e-01   2.575464e+00   0.000000e+00   1.101719e-06   9.320772e-04   8.190000e-07   4.095000e-08   6.928912e-04   3.464456e-05


   1.393066e-01   2.082817e+00   0.000000e+00   2.593558e-10   1.649606e-04   1.946000e-10   1.190000e-10   1.237733e-04   7.568873e-05
   1.845121e-01   2.128022e+00   0.000000e+00   1.835786e-09   2.071793e-04   1.932000e-09   2.100000e-10   2.180376e-04   2.369974e-05
   2.020407e-01   2.145551e+00   0.000000e+00   3.362393e-09   2.300806e-04   2.961000e-09   3.290000e-11   2.026143e-04   2.251270e-06
   2.343303e-01   2.177840e+00   0.000000e+00   9.023592e-09   2.883340e-04   7.140000e-09   8.400000e-10   2.281469e-04   2.684082e-05
   2.389431e-01   2.182453e+00   0.000000e+00   1.029237e-08   2.990156e-04   1.008000e-08   1.120000e-09   2.928457e-04   3.253841e-05
   2.610846e-01   2.204595e+00   0.000000e+00   1.896747e-08   3.624807e-04   1.939000e-08   2.100000e-09   3.705555e-04   4.013237e-05
   2.767681e-01   2.220278e+00   0.000000e+00   2.890499e-08   4.243711e-04   3.052000e-08   3.360000e-09   4.480821e-04   4.933014e-05
   2.887614e-01   2.232271e+00   0.000000e+00   3.984659e-08   4.857703e-04   3.717000e-08   4.060000e-09   4.531399e-04   4.949551e-05
   2.952193e-01   2.238729e+00   0.000000e+00   4.741669e-08   5.256607e-04   5.068000e-08   5.530000e-09   5.618377e-04   6.130549e-05
   3.136705e-01   2.257180e+00   0.000000e+00   7.880241e-08   6.777284e-04   7.560000e-08   8.400000e-09   6.501865e-04   7.224295e-05
   3.145931e-01   2.258103e+00   0.000000e+00   8.088137e-08   6.872709e-04   8.400000e-08   9.100000e-09   7.137708e-04   7.732517e-05
   3.228961e-01   2.266406e+00   0.000000e+00   1.026318e-07   7.843811e-04   1.015000e-07   1.120000e-08   7.757313e-04   8.559793e-05
   3.321217e-01   2.275632e+00   0.000000e+00   1.350675e-07   9.222530e-04   1.309000e-07   1.400000e-08   8.937972e-04   9.559328e-05
   3.450375e-01   2.288548e+00   0.000000e+00   2.032459e-07   1.195076e-03   1.904000e-07   2.100000e-08   1.119543e-03   1.234790e-04
   3.505729e-01   2.294083e+00   0.000000e+00   2.449016e-07   1.354372e-03   2.492000e-07   2.730000e-08   1.378143e-03   1.509764e-04
   3.662564e-01   2.309766e+00   0.000000e+00   4.371532e-07   2.048908e-03   3.745000e-07   4.060000e-08   1.755257e-03   1.902896e-04
   3.745595e-01   2.318069e+00   0.000000e+00   6.188962e-07   2.669716e-03   4.417000e-07   4.830000e-08   1.905349e-03   2.083504e-04
   3.847076e-01   2.328218e+00   0.000000e+00   9.979112e-07   3.905031e-03   6.643000e-07   7.000000e-08   2.599542e-03   2.739244e-04
   3.948558e-01   2.338366e+00   0.000000e+00   1.731529e-06   6.172170e-03   9.800000e-07   1.050000e-07   3.493287e-03   3.742807e-04
   4.013137e-01   2.344824e+00   0.000000e+00   2.560014e-06   8.616688e-03   1.911000e-06   2.100000e-07   6.432189e-03   7.068340e-04
   4.096168e-01   2.353127e+00   0.000000e+00   4.303818e-06   1.348577e-02   3.290000e-06   3.640000e-07   1.030903e-02   1.140573e-03
   4.133070e-01   2.356817e+00   0.000000e+00   5.300674e-06   1.610169e-02   5.061000e-06   5.600000e-07   1.537364e-02   1.701094e-03
   4.234552e-01   2.366965e+00   0.000000e+00   6.971710e-06   1.948972e-02   6.776000e-06   7.700000e-07   1.894260e-02   2.152569e-03
   4.326808e-01   2.376191e+00   0.000000e+00   5.347776e-06   1.390141e-02   5.138000e-06   5.670000e-07   1.335610e-02   1.473903e-03
   4.446741e-01   2.388184e+00   0.000000e+00   2.880330e-06   6.837480e-03   3.899000e-06   4.270000e-07   9.255652e-03   1.013635e-03
   4.455966e-01   2.389107e+00   0.000000e+00   2.748244e-06   6.479605e-03   3.059000e-06   3.360000e-07   7.212283e-03   7.921958e-04
   4.640478e-01   2.407558e+00   0.000000e+00   1.229367e-06   2.541078e-03   1.638000e-06   1.820000e-07   3.385714e-03   3.761905e-04
   4.751185e-01   2.418629e+00   0.000000e+00   8.492330e-07   1.628703e-03   1.148000e-06   1.260000e-07   2.201694e-03   2.416494e-04
   4.898795e-01   2.433390e+00   0.000000e+00   5.687569e-07   9.914838e-04   5.390000e-07   5.950000e-08   9.396102e-04   1.037232e-04
   5.147886e-01   2.458299e+00   0.000000e+00   3.384160e-07   5.074187e-04   2.828000e-07   3.080000e-08   4.240284e-04   4.618131e-05
   5.378526e-01   2.481363e+00   0.000000e+00   2.337647e-07   3.080619e-04   2.324000e-07   2.590000e-08   3.062634e-04   3.413176e-05
   5.599941e-01   2.503504e+00   0.000000e+00   1.746619e-07   2.050686e-04   1.666000e-07   1.820000e-08   1.956033e-04   2.136843e-05
   5.784453e-01   2.521955e+00   0.000000e+00   1.416997e-07   1.519654e-04   1.274000e-07   1.400000e-08   1.366298e-04   1.501426e-05
   6.051995e-01   2.548710e+00   0.000000e+00   1.089143e-07   1.032864e-04   1.085000e-07   1.190000e-08   1.028936e-04   1.128510e-05
   6.282636e-01   2.571774e+00   0.000000e+00   8.938117e-08   7.678086e-05   7.350000e-08   1.680000e-08   6.313849e-05   1.443166e-05
   6.531727e-01   2.596683e+00   0.000000e+00   7.393935e-08   5.746368e-05   8.470000e-08   1.540000e-08   6.582657e-05   1.196847e-05
   6.743916e-01   2.617902e+00   0.000000e+00   6.393807e-08   4.585551e-05   6.510000e-08   7.000000e-09   4.668883e-05   5.020304e-06
   7.011458e-01   2.644656e+00   0.000000e+00   5.423579e-08   3.535948e-05   5.894000e-08   1.050000e-08   3.842643e-05   6.845564e-06
   7.205196e-01   2.664030e+00   0.000000e+00   4.872060e-08   2.975705e-05   5.775000e-08   9.800000e-09   3.527193e-05   5.985540e-06
   7.454287e-01   2.688939e+00   0.000000e+00   4.301462e-08   2.426126e-05   3.696000e-08   8.400000e-09   2.084631e-05   4.737798e-06
   7.878665e-01   2.731376e+00   0.000000e+00   3.600213e-08   1.790870e-05   3.976000e-08   9.100000e-09   1.977800e-05   4.526655e-06
   8.330719e-01   2.776582e+00   0.000000e+00   3.120359e-08   1.374466e-05   3.213000e-08   6.580000e-09   1.415273e-05   2.898381e-06
   8.847353e-01   2.828245e+00   0.000000e+00   2.811207e-08   1.092060e-05   1.708000e-08   6.230000e-09   6.635009e-06   2.420147e-06
   9.253280e-01   2.868838e+00   0.000000e+00   2.704377e-08   9.600440e-06   3.087000e-08   6.370000e-09   1.095874e-05   2.261327e-06
   9.769913e-01   2.920501e+00   0.000000e+00   2.709452e-08   8.658714e-06   2.072000e-08   2.730000e-09   6.621581e-06   8.724380e-07
   1.028655e+00   2.972165e+00   0.000000e+00   2.854403e-08   8.289031e-06   2.163000e-08   2.380000e-09   6.281234e-06   6.911390e-07
   1.073860e+00   3.017370e+00   0.000000e+00   3.091961e-08   8.313098e-06   2.065000e-08   2.240000e-09   5.551994e-06   6.022502e-07
   1.119988e+00   3.063498e+00   0.000000e+00   3.447486e-08   8.617548e-06   2.569000e-08   5.950000e-09   6.421629e-06   1.487298e-06
   1.162426e+00   3.105936e+00   0.000000e+00   3.891253e-08   9.138003e-06   2.807000e-08   3.080000e-09   6.591804e-06   7.232902e-07
   1.255605e+00   3.199115e+00   0.000000e+00   5.427998e-08   1.126415e-05   3.129000e-08   3.430000e-09   6.493283e-06   7.117917e-07
   1.301733e+00   3.245243e+00   0.000000e+00   6.665807e-08   1.308953e-05   4.123000e-08   4.550000e-09   8.096261e-06   8.934753e-07
   1.346938e+00   3.290448e+00   0.000000e+00   8.474338e-08   1.581732e-05   6.377000e-08   7.000000e-09   1.190265e-05   1.306547e-06
   1.387531e+00   3.331041e+00   0.000000e+00   1.104904e-07   1.975542e-05   7.770000e-08   8.400000e-09   1.389258e-05   1.501900e-06
   1.418898e+00   3.362408e+00   0.000000e+00   1.426210e-07   2.470583e-05   1.001000e-07   1.120000e-08   1.734005e-05   1.940145e-06
   1.434581e+00   3.378091e+00   0.000000e+00   1.659648e-07   2.831188e-05   1.218000e-07   1.330000e-08   2.077782e-05   2.268842e-06
   1.466871e+00   3.410381e+00   0.000000e+00   2.444176e-07   4.043749e-05   1.456000e-07   1.610000e-08   2.408869e-05   2.663653e-06
   1.481632e+00   3.425142e+00   0.000000e+00   3.059586e-07   4.993606e-05   2.037000e-07   2.240000e-08   3.324625e-05   3.655945e-06
   1.505618e+00   3.449128e+00   0.000000e+00   4.854119e-07   7.753635e-05   2.912000e-07   3.220000e-08   4.651428e-05   5.143406e-06
   1.528682e+00   3.472192e+00   0.000000e+00   8.817054e-07   1.380325e-04   3.955000e-07   4.340000e-08   6.191622e-05   6.794346e-06
   1.543443e+00   3.486953e+00   0.000000e+00   1.365875e-06   2.111574e-04   5.453000e-07   6.020000e-08   8.430060e-05   9.306613e-06
   1.562817e+00   3.506327e+00   0.000000e+00   1.813375e-06   2.758422e-04   7.560000e-07   8.400000e-08   1.149992e-04   1.277769e-05
   1.564662e+00   3.508172e+00   0.000000e+00   1.782362e-06   2.707127e-04   9.520000e-07   1.050000e-07   1.445938e-04   1.594784e-05
   1.574810e+00   3.518320e+00   0.000000e+00   1.390794e-06   2.094934e-04   1.610000e-06   1.750000e-07   2.425121e-04   2.636001e-05
   1.592339e+00   3.535849e+00   0.000000e+00   6.591830e-07   9.790139e-05   1.204000e-06   1.330000e-07   1.788172e-04   1.975307e-05
   1.605255e+00   3.548765e+00   0.000000e+00   3.736564e-07   5.493176e-05   9.170000e-07   9.800000e-08   1.348095e-04   1.440712e-05
   1.608945e+00   3.552455e+00   0.000000e+00   3.205476e-07   4.698830e-05   5.411000e-07   5.950000e-08   7.931855e-05   8.721962e-06
   1.614481e+00   3.557991e+00   0.000000e+00   2.569087e-07   3.749777e-05   4.172000e-07   4.620000e-08   6.089350e-05   6.743240e-06
   1.624629e+00   3.568139e+00   0.000000e+00   1.758181e-07   2.546199e-05   2.527000e-07   2.800000e-08   3.659603e-05   4.054962e-06
   1.652305e+00   3.595815e+00   0.000000e+00   7.302441e-08   1.035695e-05   9.870000e-08   1.120000e-08   1.399848e-05   1.588480e-06
   1.669834e+00   3.613344e+00   0.000000e+00   4.649283e-08   6.509638e-06   3.248000e-08   3.570000e-09   4.547648e-06   4.998493e-07
   1.719652e+00   3.663162e+00   0.000000e+00   2.027547e-08   2.740580e-06   1.120000e-08   6.860000e-09   1.513874e-06   9.272476e-07
   1.759322e+00   3.702832e+00   0.000000e+00   1.671005e-08   2.199190e-06   1.792000e-08   8.400000e-09   2.358430e-06   1.105514e-06
   1.805450e+00   3.748960e+00   0.000000e+00   1.798902e-08   2.298470e-06   1.218000e-08   4.480000e-09   1.556247e-06   5.724127e-07
   1.851579e+00   3.795089e+00   0.000000e+00   2.136173e-08   2.653606e-06   1.253000e-08   5.670000e-09   1.556507e-06   7.043413e-07
   1.908777e+00   3.852287e+00   0.000000e+00   2.656456e-08   3.192557e-06   1.484000e-08   9.100000e-09   1.783487e-06   1.093648e-06
   1.945680e+00   3.889190e+00   0.000000e+00   3.014841e-08   3.550373e-06   3.465000e-08   7.000000e-09   4.080494e-06   8.243422e-07
   2.038858e+00   3.982368e+00   0.000000e+00   3.942114e-08   4.424455e-06   5.593000e-08   7.700000e-09   6.277335e-06   8.642139e-07
   2.132037e+00   4.075547e+00   0.000000e+00   4.876376e-08   5.238075e-06   5.201000e-08   5.740000e-09   5.586777e-06   6.165757e-07
   2.223370e+00   4.166880e+00   0.000000e+00   5.794965e-08   5.984280e-06   4.606000e-08   1.050000e-08   4.756473e-06   1.084302e-06
   2.320239e+00   4.263749e+00   0.000000e+00   6.776787e-08   6.735002e-06   6.608000e-08   1.540000e-08   6.567256e-06   1.530505e-06
   1.393066e-01   2.082817e+00   9.000000e+01   2.684321e-10   1.707335e-04   2.450000e-10   1.400000e-10   1.558297e-04   8.904557e-05
   1.826669e-01   2.126177e+00   9.000000e+01   1.747717e-09   2.088247e-04   1.820000e-09   1.960000e-10   2.174614e-04   2.341892e-05
   1.983505e-01   2.141860e+00   9.000000e+01   3.014319e-09   2.278338e-04   2.940000e-09   3.850000e-10   2.222165e-04   2.909977e-05
   2.223370e-01   2.165847e+00   9.000000e+01   6.386647e-09   2.652414e-04   6.860000e-09   7.700000e-10   2.849000e-04   3.197857e-05
   2.370980e-01   2.180608e+00   9.000000e+01   9.785116e-09   2.952058e-04   9.240000e-09   1.050000e-09   2.787603e-04   3.167730e-05
   2.583169e-01   2.201827e+00   9.000000e+01   1.753619e-08   3.520242e-04   1.911000e-08   2.100000e-09   3.836173e-04   4.215574e-05
   2.776906e-01   2.221201e+00   9.000000e+01   2.939697e-08   4.252713e-04   2.947000e-08   3.220000e-09   4.263278e-04   4.658213e-05
   2.869162e-01   2.230426e+00   9.000000e+01   3.755835e-08   4.707729e-04   3.801000e-08   4.200000e-09   4.764341e-04   5.264465e-05
   2.878388e-01   2.231349e+00   9.000000e+01   3.849227e-08   4.758064e-04   4.641000e-08   5.110000e-09   5.736782e-04   6.316517e-05
   3.007547e-01   2.244265e+00   9.000000e+01   5.443836e-08   5.577680e-04   6.461000e-08   7.000000e-09   6.619852e-04   7.172104e-05
   3.182833e-01   2.261793e+00   9.000000e+01   8.847527e-08   7.168052e-04   8.610000e-08   9.800000e-09   6.975614e-04   7.939723e-05
   3.228961e-01   2.266406e+00   9.000000e+01   1.010189e-07   7.720547e-04   1.057000e-07   1.190000e-08   8.078305e-04   9.094780e-05
   3.321217e-01   2.275632e+00   9.000000e+01   1.327713e-07   9.065747e-04   1.393000e-07   1.540000e-08   9.511531e-04   1.051526e-04
   3.441150e-01   2.287625e+00   9.000000e+01   1.935252e-07   1.149786e-03   1.939000e-07   2.100000e-08   1.152013e-03   1.247667e-04
   3.561083e-01   2.299618e+00   9.000000e+01   2.917177e-07   1.519702e-03   2.828000e-07   3.080000e-08   1.473245e-03   1.604524e-04
   3.588760e-01   2.302386e+00   9.000000e+01   3.226598e-07   1.632339e-03   3.661000e-07   4.060000e-08   1.852103e-03   2.053958e-04
   3.662564e-01   2.309766e+00   9.000000e+01   4.280763e-07   2.006365e-03   4.648000e-07   5.110000e-08   2.178487e-03   2.395024e-04
   3.745595e-01   2.318069e+00   9.000000e+01   6.056237e-07   2.612463e-03   7.000000e-07   7.700000e-08   3.019571e-03   3.321528e-04
   3.865528e-01   2.330063e+00   9.000000e+01   1.072202e-06   4.123933e-03   9.170000e-07   9.800000e-08   3.526990e-03   3.769303e-04
   3.948558e-01   2.338366e+00   9.000000e+01   1.692160e-06   6.031835e-03   1.813000e-06   1.960000e-07   6.462580e-03   6.986573e-04
   4.040814e-01   2.347591e+00   9.000000e+01   2.976800e-06   9.780759e-03   3.325000e-06   3.640000e-07   1.092483e-02   1.195981e-03
   4.086942e-01   2.352204e+00   9.000000e+01   3.974582e-06   1.255206e-02   5.439000e-06   5.950000e-07   1.717681e-02   1.879059e-03
   4.289905e-01   2.372501e+00   9.000000e+01   6.077772e-06   1.626028e-02   6.587000e-06   7.000000e-07   1.762265e-02   1.872758e-03
   4.345259e-01   2.378036e+00   9.000000e+01   4.775921e-06   1.223938e-02   5.159000e-06   5.670000e-07   1.322111e-02   1.453067e-03
   4.354485e-01   2.378958e+00   9.000000e+01   4.558809e-06   1.160055e-02   4.025000e-06   4.410000e-07   1.024219e-02   1.122188e-03
   4.419064e-01   2.385416e+00   9.000000e+01   3.246958e-06   7.868161e-03   3.199000e-06   3.500000e-07   7.751946e-03   8.481342e-04
   4.529771e-01   2.396487e+00   9.000000e+01   1.884460e-06   4.210713e-03   1.988000e-06   2.170000e-07   4.442066e-03   4.848734e-04
   4.631253e-01   2.406635e+00   9.000000e+01   1.242572e-06   2.584794e-03   1.344000e-06   1.470000e-07   2.795785e-03   3.057890e-04
   4.834216e-01   2.426932e+00   9.000000e+01   6.555317e-07   1.190779e-03   5.509000e-07   6.090000e-08   1.000714e-03   1.106253e-04
   5.027954e-01   2.446305e+00   9.000000e+01   4.172046e-07   6.715846e-04   3.717000e-07   4.060000e-08   5.983346e-04   6.535482e-05
   5.313947e-01   2.474905e+00   9.000000e+01   2.525414e-07   3.447287e-04   2.422000e-07   2.660000e-08   3.306122e-04   3.631001e-05
   5.572264e-01   2.500736e+00   9.000000e+01   1.779920e-07   2.119281e-04   1.792000e-07   1.960000e-08   2.133664e-04   2.333695e-05
   5.802904e-01   2.523800e+00   9.000000e+01   1.374025e-07   1.460675e-04   1.323000e-07   1.470000e-08   1.406433e-04   1.562703e-05
   6.051995e-01   2.548710e+00   9.000000e+01   1.081598e-07   1.025710e-04   1.204000e-07   1.330000e-08   1.141787e-04   1.261276e-05
   6.291861e-01   2.572696e+00   9.000000e+01   8.850744e-08   7.573978e-05   6.629000e-08   1.540000e-08   5.672732e-05   1.317847e-05
   6.448696e-01   2.588380e+00   9.000000e+01   7.862745e-08   6.313524e-05   7.420000e-08   1.680000e-08   5.958015e-05   1.348984e-05
   6.688562e-01   2.612366e+00   9.000000e+01   6.669915e-08   4.882828e-05   5.866000e-08   1.680000e-08   4.294309e-05   1.229874e-05
   6.937653e-01   2.637275e+00   9.000000e+01   5.725687e-08   3.830006e-05   4.963000e-08   5.390000e-09   3.319832e-05   3.605459e-06
   7.168293e-01   2.660339e+00   9.000000e+01   5.043941e-08   3.118493e-05   3.822000e-08   6.860000e-09   2.363010e-05   4.241299e-06
   7.417385e-01   2.685248e+00   9.000000e+01   4.462344e-08   2.545994e-05   4.347000e-08   9.800000e-09   2.480185e-05   5.591399e-06
   7.850988e-01   2.728609e+00   9.000000e+01   3.726493e-08   1.868269e-05   2.989000e-08   6.860000e-09   1.498529e-05   3.439247e-06
   8.330719e-01   2.776582e+00   9.000000e+01   3.197769e-08   1.408564e-05   3.220000e-08   7.700000e-09   1.418357e-05   3.391722e-06
   8.782774e-01   2.821787e+00   9.000000e+01   2.890443e-08   1.139813e-05   2.009000e-08   6.790000e-09   7.922264e-06   2.677560e-06
   9.271731e-01   2.870683e+00   9.000000e+01   2.711628e-08   9.588417e-06   1.617000e-08   5.040000e-09   5.717771e-06   1.782162e-06
   9.696109e-01   2.913121e+00   9.000000e+01   2.659592e-08   8.622758e-06   1.057000e-08   4.130000e-09   3.426937e-06   1.339002e-06
   1.020352e+00   2.963862e+00   9.000000e+01   2.703505e-08   7.967955e-06   1.883000e-08   3.360000e-09   5.549707e-06   9.902823e-07
   1.065557e+00   3.009067e+00   9.000000e+01   2.833662e-08   7.723836e-06   1.624000e-08   3.710000e-09   4.426607e-06   1.011251e-06
   1.111685e+00   3.055195e+00   9.000000e+01   3.055772e-08   7.736152e-06   1.932000e-08   4.480000e-09   4.891153e-06   1.134180e-06
   1.156891e+00   3.100401e+00   9.000000e+01   3.372898e-08   7.983638e-06   3.122000e-08   4.130000e-09   7.389763e-06   9.775695e-07
   1.250069e+00   3.193579e+00   9.000000e+01   4.475001e-08   9.350585e-06   2.548000e-08   5.880000e-09   5.324086e-06   1.228635e-06
   1.295275e+00   3.238785e+00   9.000000e+01   5.389849e-08   1.066380e-05   5.215000e-08   9.100000e-10   1.031786e-05   1.800432e-07
   1.337712e+00   3.281222e+00   9.000000e+01   6.709333e-08   1.265010e-05   2.975000e-08   6.860000e-09   5.609210e-06   1.293418e-06
   1.386608e+00   3.330118e+00   9.000000e+01   9.382628e-08   1.679188e-05   8.470000e-08   1.120000e-08   1.515857e-05   2.004439e-06
   1.408750e+00   3.352260e+00   9.000000e+01   1.141660e-07   1.997735e-05   1.029000e-07   1.120000e-08   1.800597e-05   1.959834e-06
   1.429968e+00   3.373478e+00   9.000000e+01   1.430606e-07   2.451424e-05   1.127000e-07   1.260000e-08   1.931178e-05   2.159081e-06
   1.457645e+00   3.401155e+00   9.000000e+01   2.072779e-07   3.458987e-05   1.407000e-07   1.540000e-08   2.347957e-05   2.569903e-06
   1.493625e+00   3.437135e+00   9.000000e+01   4.097766e-07   6.615844e-05   2.086000e-07   2.310000e-08   3.367847e-05   3.729495e-06
   1.500083e+00   3.443593e+00   9.000000e+01   4.792527e-07   7.692967e-05   3.815000e-07   4.200000e-08   6.123840e-05   6.741842e-06
   1.525915e+00   3.469425e+00   9.000000e+01   1.034570e-06   1.623503e-04   7.140000e-07   7.700000e-08   1.120447e-04   1.208326e-05
   1.529605e+00   3.473115e+00   9.000000e+01   1.177297e-06   1.841618e-04   1.036000e-06   1.120000e-07   1.620591e-04   1.751990e-05
   1.541598e+00   3.485108e+00   9.000000e+01   1.820116e-06   2.818199e-04   1.267000e-06   1.400000e-07   1.961775e-04   2.167707e-05
   1.552669e+00   3.496179e+00   9.000000e+01   2.589703e-06   3.972653e-04   1.764000e-06   1.960000e-07   2.706009e-04   3.006677e-05
   1.566507e+00   3.510017e+00   9.000000e+01   2.952407e-06   4.477445e-04   2.590000e-06   2.870000e-07   3.927839e-04   4.352470e-05
   1.582191e+00   3.525701e+00   9.000000e+01   2.034287e-06   3.045968e-04   2.975000e-06   3.290000e-07   4.454511e-04   4.926165e-05
   1.595107e+00   3.538617e+00   9.000000e+01   1.295949e-06   1.920504e-04   2.527000e-06   2.800000e-07   3.744835e-04   4.149402e-05
   1.602487e+00   3.545997e+00   9.000000e+01   1.011873e-06   1.490805e-04   2.100000e-06   2.310000e-07   3.093957e-04   3.403353e-05
   1.612635e+00   3.556145e+00   9.000000e+01   7.431514e-07   1.086241e-04   1.057000e-06   1.190000e-07   1.544983e-04   1.739385e-05
   1.620938e+00   3.564448e+00   9.000000e+01   5.942584e-07   8.630481e-05   1.631000e-06   1.820000e-07   2.368720e-04   2.643206e-05
   1.639390e+00   3.582900e+00   9.000000e+01   3.930858e-07   5.629180e-05   6.342000e-07   7.000000e-08   9.082053e-05   1.002434e-05
   1.666144e+00   3.609654e+00   9.000000e+01   2.531244e-07   3.553637e-05   3.668000e-07   4.060000e-08   5.149538e-05   5.699871e-06
   1.712272e+00   3.655782e+00   9.000000e+01   1.575311e-07   2.140182e-05   1.967000e-07   2.170000e-08   2.672321e-05   2.948112e-06
   1.757477e+00   3.700987e+00   9.000000e+01   1.215624e-07   1.601813e-05   1.365000e-07   1.470000e-08   1.798645e-05   1.937002e-06
   1.800838e+00   3.744348e+00   9.000000e+01   1.056700e-07   1.354065e-05   1.274000e-07   1.400000e-08   1.632516e-05   1.793973e-06
   1.846966e+00   3.790476e+00   9.000000e+01   9.753502e-08   1.214946e-05   1.022000e-07   1.120000e-08   1.273055e-05   1.395129e-06
   1.894939e+00   3.838449e+00   9.000000e+01   9.391325e-08   1.137523e-05   8.890000e-08   1.610000e-08   1.076800e-05   1.950110e-06
   1.938299e+00   3.881809e+00   9.000000e+01   9.301380e-08   1.099754e-05   1.078000e-07   1.680000e-08   1.274580e-05   1.986358e-06
   2.029633e+00   3.973143e+00   9.000000e+01   9.508548e-08   1.072079e-05   9.800000e-08   1.540000e-08   1.104940e-05   1.736335e-06
   2.065612e+00   4.009122e+00   9.000000e+01   9.678951e-08   1.072286e-05   1.008000e-07   1.120000e-08   1.116716e-05   1.240796e-06
   2.127424e+00   4.070934e+00   9.000000e+01   1.004243e-07   1.080979e-05   9.730000e-08   1.050000e-08   1.047348e-05   1.130232e-06
   2.219680e+00   4.163190e+00   9.000000e+01   1.069814e-07   1.106453e-05   9.520000e-08   1.050000e-08   9.846043e-06   1.085961e-06
   2.309168e+00   4.252678e+00   9.000000e+01   1.141725e-07   1.139476e-05   1.134000e-07   1.260000e-08   1.131766e-05   1.257518e-06


   1.180877e-01   2.061598e+00   5.500000e+01   9.571284e-10   1.933300e-03   1.000000e-09   2.000000e-10   2.019896e-03   4.039793e-04
   1.227005e-01   2.066211e+00   5.500000e+01   1.285847e-09   1.967417e-03   1.700000e-09   2.000000e-10   2.601095e-03   3.060112e-04
   1.300810e-01   2.073591e+00   5.500000e+01   1.997992e-09   2.025015e-03   1.800000e-09   2.000000e-10   1.824345e-03   2.027050e-04
   1.356164e-01   2.079126e+00   5.500000e+01   2.718667e-09   2.070990e-03   2.500000e-09   2.000000e-10   1.904417e-03   1.523534e-04
   1.429968e-01   2.086507e+00   5.500000e+01   3.992744e-09   2.136091e-03   3.800000e-09   3.000000e-10   2.032974e-03   1.604979e-04
   1.485322e-01   2.092042e+00   5.500000e+01   5.234687e-09   2.188223e-03   5.000000e-09   3.000000e-10   2.090118e-03   1.254071e-04
   1.549901e-01   2.098500e+00   5.500000e+01   7.059398e-09   2.252477e-03   7.200000e-09   5.000000e-10   2.297339e-03   1.595374e-04
   1.614481e-01   2.104958e+00   5.500000e+01   9.368578e-09   2.321318e-03   9.600000e-09   6.000000e-10   2.378659e-03   1.486662e-04
   1.669834e-01   2.110493e+00   5.500000e+01   1.180427e-08   2.384216e-03   1.600000e-08   1.000000e-09   3.231666e-03   2.019792e-04
   1.743639e-01   2.117874e+00   5.500000e+01   1.582903e-08   2.474112e-03   1.420000e-08   9.000000e-10   2.219490e-03   1.406719e-04
   1.789767e-01   2.122487e+00   5.500000e+01   1.886771e-08   2.534053e-03   2.300000e-08   2.000000e-09   3.089046e-03   2.686127e-04
   1.863572e-01   2.129867e+00   5.500000e+01   2.471532e-08   2.636905e-03   2.000000e-08   1.000000e-09   2.133823e-03   1.066911e-04


   7.841762e-02   2.021928e+00   5.500000e+01   2.865836e-11   1.689468e-03   3.500000e-11   9.900000e-12   2.063321e-03   5.836250e-04
   8.303043e-02   2.026540e+00   5.500000e+01   4.883595e-11   1.713882e-03   5.200000e-11   9.000000e-12   1.824924e-03   3.158522e-04
   8.487555e-02   2.028386e+00   5.500000e+01   5.970480e-11   1.723931e-03   6.900000e-11   1.200000e-11   1.992323e-03   3.464909e-04
   8.764323e-02   2.031153e+00   5.500000e+01   7.974471e-11   1.739226e-03   6.900000e-11   1.200000e-11   1.504885e-03   2.617191e-04
   8.856579e-02   2.032076e+00   5.500000e+01   8.756032e-11   1.744480e-03   7.200000e-11   7.200000e-12   1.434469e-03   1.434469e-04
   9.225603e-02   2.035766e+00   5.500000e+01   1.254708e-10   1.765564e-03   1.100000e-10   2.600000e-11   1.547866e-03   3.658593e-04
   1.014816e-01   2.044992e+00   5.500000e+01   2.827986e-10   1.821290e-03   2.300000e-10   4.700000e-11   1.481254e-03   3.026911e-04
   1.014816e-01   2.044992e+00   5.500000e+01   2.827986e-10   1.821290e-03   2.600000e-10   5.000000e-11   1.674461e-03   3.220118e-04
   1.107072e-01   2.054217e+00   5.500000e+01   5.754352e-10   1.881530e-03   4.200000e-10   4.400000e-11   1.373296e-03   1.438691e-04
   1.107072e-01   2.054217e+00   5.500000e+01   5.754352e-10   1.881530e-03   6.300000e-10   7.200000e-11   2.059943e-03   2.354221e-04
   1.199328e-01   2.063443e+00   5.500000e+01   1.079227e-09   1.946794e-03   7.900000e-10   9.500000e-11   1.425064e-03   1.713685e-04


