   3.113641e-01   2.254874e+00   8.909121e+01   1.947871e+00   1.726944e+04   1.954110e+00   5.595859e-02   1.732474e+04   4.961177e+02
   3.394099e-01   2.282920e+00   8.909121e+01   1.592343e+00   9.981707e+03   1.628425e+00   4.747105e-02   1.020789e+04   2.975754e+02
   3.670867e-01   2.310597e+00   8.909121e+01   1.257049e+00   5.842208e+03   1.322478e+00   3.306195e-02   6.146294e+03   1.536574e+02
   3.761278e-01   2.319638e+00   8.909121e+01   1.131903e+00   4.808337e+03   1.204047e+00   3.651619e-02   5.114808e+03   1.551212e+02
   3.857225e-01   2.329232e+00   8.909121e+01   9.737291e-01   3.774329e+03   1.026401e+00   3.562796e-02   3.978494e+03   1.380996e+02
   3.943945e-01   2.337905e+00   8.909121e+01   7.900296e-01   2.827850e+03   8.280292e-01   2.546264e-02   2.963867e+03   9.114155e+01
   3.991918e-01   2.342702e+00   8.909121e+01   6.633025e-01   2.274686e+03   7.244022e-01   3.306195e-02   2.484218e+03   1.133805e+02
   4.037124e-01   2.347222e+00   8.909121e+01   5.248998e-01   1.730172e+03   5.635336e-01   2.546264e-02   1.857516e+03   8.392980e+01
   4.084174e-01   2.351927e+00   8.909121e+01   3.677913e-01   1.164255e+03   4.125342e-01   2.033063e-02   1.305890e+03   6.435724e+01
   4.136760e-01   2.357186e+00   8.909121e+01   2.125174e-01   6.435726e+02   2.516656e-01   1.776463e-02   7.621264e+02   5.379716e+01
   4.174585e-01   2.360969e+00   8.909121e+01   1.615127e-01   4.740401e+02   1.796202e-01   1.529732e-02   5.271855e+02   4.489767e+01
   4.220713e-01   2.365581e+00   8.909121e+01   2.245959e-01   6.348967e+02   2.299533e-01   1.608686e-02   6.500413e+02   4.547499e+01
   4.266841e-01   2.370194e+00   8.909121e+01   4.141509e-01   1.128350e+03   4.421420e-01   2.881818e-02   1.204611e+03   7.851483e+01
   4.316660e-01   2.375176e+00   8.909121e+01   6.561657e-01   1.719169e+03   6.326183e-01   3.306195e-02   1.657474e+03   8.662307e+01
   4.361865e-01   2.379697e+00   8.909121e+01   8.316310e-01   2.104288e+03   8.270423e-01   2.625218e-02   2.092677e+03   6.642627e+01
   4.408916e-01   2.384402e+00   8.909121e+01   9.517975e-01   2.324038e+03   9.750809e-01   3.395019e-02   2.380890e+03   8.289740e+01
   4.456889e-01   2.389199e+00   8.909121e+01   1.022331e+00   2.408736e+03   1.026401e+00   2.457441e-02   2.418326e+03   5.790030e+01
   4.508552e-01   2.394365e+00   8.909121e+01   1.059983e+00   2.404964e+03   1.075747e+00   3.395019e-02   2.440731e+03   7.702859e+01
   4.598963e-01   2.403406e+00   8.909121e+01   1.074628e+00   2.286249e+03   1.095486e+00   3.483842e-02   2.330624e+03   7.411803e+01
   4.783475e-01   2.421858e+00   8.909121e+01   1.032338e+00   1.938150e+03   1.046139e+00   3.138418e-02   1.964061e+03   5.892182e+01
   4.966142e-01   2.440124e+00   8.909121e+01   9.708188e-01   1.622800e+03   9.819894e-01   2.881818e-02   1.641473e+03   4.817186e+01
   5.152499e-01   2.458760e+00   8.909121e+01   9.097633e-01   1.360448e+03   9.257347e-01   2.802864e-02   1.384331e+03   4.191366e+01
   5.338856e-01   2.477396e+00   8.909121e+01   8.541897e-01   1.150182e+03   8.151992e-01   2.378487e-02   1.097681e+03   3.202676e+01
   5.611012e-01   2.504611e+00   8.909121e+01   7.830952e-01   9.143134e+02   7.461146e-01   2.457441e-02   8.711361e+02   2.869218e+01
   5.890547e-01   2.532565e+00   8.909121e+01   7.207941e-01   7.353868e+02   6.790037e-01   2.033063e-02   6.927504e+02   2.074223e+01
   6.461612e-01   2.589671e+00   8.909121e+01   6.191743e-01   4.946346e+02   5.891936e-01   1.746856e-02   4.706843e+02   1.395496e+01
   1.507464e+00   3.450974e+00   8.909121e+01   1.762385e-01   2.810525e+01   1.736986e-01   5.141874e-03   2.770021e+01   8.199892e-01
   1.535140e+00   3.478650e+00   8.909121e+01   1.923074e-01   2.994000e+01   1.963979e-01   6.168275e-03   3.057684e+01   9.603279e-01
   1.544366e+00   3.487876e+00   8.909121e+01   2.079157e-01   3.211769e+01   2.339010e-01   5.141874e-03   3.613176e+01   7.942888e-01
   1.553592e+00   3.497102e+00   8.909121e+01   2.234247e-01   3.424739e+01   2.269925e-01   5.655075e-03   3.479428e+01   8.668313e-01
   1.562817e+00   3.506327e+00   8.909121e+01   2.183759e-01   3.321831e+01   2.121887e-01   6.168275e-03   3.227714e+01   9.382891e-01
   1.572043e+00   3.515553e+00   8.909121e+01   1.766285e-01   2.666534e+01   1.648163e-01   6.168275e-03   2.488207e+01   9.312154e-01
   1.582191e+00   3.525701e+00   8.909121e+01   1.120722e-01   1.678074e+01   1.095486e-01   6.168275e-03   1.640287e+01   9.235849e-01
   1.591416e+00   3.534926e+00   8.909121e+01   7.907417e-02   1.175267e+01   7.619053e-02   3.089072e-03   1.132408e+01   4.591241e-01
   1.600642e+00   3.544152e+00   8.909121e+01   1.095582e-01   1.616482e+01   9.059962e-02   3.602273e-03   1.336757e+01   5.314992e-01
   1.609868e+00   3.553378e+00   8.909121e+01   1.857337e-01   2.720667e+01   1.490255e-01   5.655075e-03   2.182957e+01   8.283673e-01
   1.618171e+00   3.561681e+00   8.909121e+01   2.391807e-01   3.481068e+01   2.200841e-01   7.204545e-03   3.203133e+01   1.048559e+00
   1.626474e+00   3.569984e+00   8.909121e+01   2.638350e-01   3.815467e+01   2.348879e-01   5.655075e-03   3.396847e+01   8.178123e-01
   1.636622e+00   3.580132e+00   8.909121e+01   2.704472e-01   3.881032e+01   2.437702e-01   6.168275e-03   3.498206e+01   8.851737e-01
   1.654151e+00   3.597661e+00   8.909121e+01   2.615524e-01   3.704489e+01   2.408095e-01   6.168275e-03   3.410698e+01   8.736418e-01
   1.746407e+00   3.689917e+00   8.909121e+01   2.124477e-01   2.820030e+01   1.944240e-01   5.655075e-03   2.580784e+01   7.506543e-01
   1.837740e+00   3.781250e+00   8.909121e+01   1.899470e-01   2.379245e+01   1.746856e-01   4.628674e-03   2.188082e+01   5.797799e-01
   6.452387e-01   2.588749e+00   1.188806e+02   3.963385e-01   3.177804e+02   3.973402e-01   7.796052e-03   3.185836e+02   6.250800e+00
   6.921970e-01   2.635707e+00   1.188806e+02   3.591695e-01   2.415835e+02   3.607289e-01   9.346648e-03   2.426324e+02   6.286713e+00
   7.381405e-01   2.681650e+00   1.188806e+02   3.304869e-01   1.907050e+02   3.348857e-01   6.751553e-03   1.932433e+02   3.895935e+00
   7.840840e-01   2.727594e+00   1.188806e+02   3.071308e-01   1.544243e+02   2.971976e-01   6.234688e-03   1.494299e+02   3.134779e+00
   8.291049e-01   2.772615e+00   1.188806e+02   2.880381e-01   1.281780e+02   2.810455e-01   6.234688e-03   1.250663e+02   2.774460e+00
   8.765245e-01   2.820035e+00   1.188806e+02   2.709926e-01   1.073025e+02   2.638167e-01   5.717823e-03   1.044611e+02   2.264035e+00
   9.206229e-01   2.864133e+00   1.188806e+02   2.573250e-01   9.227551e+01   2.552023e-01   6.234688e-03   9.151431e+01   2.235729e+00
   9.677657e-01   2.911276e+00   1.188806e+02   2.445395e-01   7.957160e+01   2.476646e-01   5.190189e-03   8.058851e+01   1.688855e+00
   1.059099e+00   3.002609e+00   1.188806e+02   2.237621e-01   6.165402e+01   2.228982e-01   4.156459e-03   6.141598e+01   1.145245e+00
   1.151355e+00   3.094865e+00   1.188806e+02   2.064768e-01   4.926453e+01   2.024389e-01   4.673324e-03   4.830110e+01   1.115036e+00
   1.242689e+00   3.186199e+00   1.188806e+02   1.915638e-01   4.039981e+01   1.841333e-01   4.156459e-03   3.883275e+01   8.765755e-01
   1.334022e+00   3.277532e+00   1.188806e+02   1.773516e-01   3.357535e+01   1.733652e-01   3.639593e-03   3.282067e+01   6.890302e-01
   1.426278e+00   3.369788e+00   1.188806e+02   1.604474e-01   2.759282e+01   1.615204e-01   5.190189e-03   2.777735e+01   8.925790e-01
   1.471484e+00   3.414994e+00   1.188806e+02   1.472342e-01   2.425519e+01   1.464452e-01   3.639593e-03   2.412521e+01   5.995825e-01
   1.489012e+00   3.432522e+00   1.188806e+02   1.391493e-01   2.255919e+01   1.378308e-01   3.111960e-03   2.234543e+01   5.045179e-01
   1.507464e+00   3.450974e+00   1.188806e+02   1.261938e-01   2.012448e+01   1.227555e-01   2.595095e-03   1.957617e+01   4.138471e-01
   1.525915e+00   3.469425e+00   1.188806e+02   1.031627e-01   1.618886e+01   9.766601e-02   2.078229e-03   1.532628e+01   3.261270e-01
   1.536063e+00   3.479573e+00   1.188806e+02   8.212800e-02   1.277631e+01   7.225347e-02   2.821223e-03   1.124017e+01   4.388860e-01
   1.544366e+00   3.487876e+00   1.188806e+02   5.893343e-02   9.103716e+00   4.770236e-02   2.971976e-03   7.368803e+00   4.590947e-01
   1.554514e+00   3.498024e+00   1.188806e+02   2.834254e-02   4.341113e+00   2.487414e-02   2.971976e-03   3.809872e+00   4.552055e-01
   1.562817e+00   3.506327e+00   1.188806e+02   1.572885e-02   2.392598e+00   2.390502e-02   2.541255e-03   3.636320e+00   3.865637e-01
   1.572965e+00   3.516475e+00   1.188806e+02   3.216762e-02   4.852647e+00   4.597948e-02   2.541255e-03   6.936235e+00   3.833610e-01
   1.581268e+00   3.524778e+00   1.188806e+02   6.691870e-02   1.002729e+01   8.291381e-02   3.391929e-03   1.242405e+01   5.082564e-01
   1.590494e+00   3.534004e+00   1.188806e+02   1.224024e-01   1.820587e+01   1.313699e-01   4.662556e-03   1.953969e+01   6.934987e-01
   1.598797e+00   3.542307e+00   1.188806e+02   1.836139e-01   2.713088e+01   1.905941e-01   5.093277e-03   2.816229e+01   7.525854e-01
   1.608945e+00   3.552455e+00   1.188806e+02   2.394231e-01   3.509645e+01   2.358198e-01   3.391929e-03   3.456826e+01   4.972147e-01
   1.618171e+00   3.561681e+00   1.188806e+02   2.509782e-01   3.652770e+01   2.530487e-01   4.662556e-03   3.682904e+01   6.785947e-01
   1.627396e+00   3.570906e+00   1.188806e+02   2.425916e-01   3.505782e+01   2.379734e-01   6.363904e-03   3.439042e+01   9.196715e-01
   1.635699e+00   3.579209e+00   1.188806e+02   2.314622e-01   3.323898e+01   2.250518e-01   4.662556e-03   3.231842e+01   6.695635e-01
   1.655073e+00   3.598583e+00   1.188806e+02   2.102403e-01   2.975700e+01   2.067461e-01   4.242603e-03   2.926244e+01   6.004897e-01
   1.746407e+00   3.689917e+00   1.188806e+02   1.738348e-01   2.307482e+01   1.712116e-01   5.093277e-03   2.272662e+01   6.760813e-01
   1.837740e+00   3.781250e+00   1.188806e+02   1.610007e-01   2.016667e+01   1.582900e-01   4.242603e-03   1.982714e+01   5.314214e-01
   2.740927e-01   2.217603e+00   1.469212e+02   7.120566e-01   1.091621e+04   7.551067e-01   1.279646e-02   1.157619e+04   1.961766e+02
   3.109028e-01   2.254413e+00   1.469212e+02   5.235667e-01   4.670349e+03   5.349153e-01   1.023717e-02   4.771581e+03   9.131819e+01
   3.385796e-01   2.282090e+00   1.469212e+02   3.998177e-01   2.530432e+03   4.150205e-01   8.530976e-03   2.626650e+03   5.399225e+01
   3.662564e-01   2.309766e+00   1.469212e+02   2.675397e-01   1.253941e+03   2.720690e-01   5.971684e-03   1.275170e+03   2.798889e+01
   3.758511e-01   2.319361e+00   1.469212e+02   2.142662e-01   9.126657e+02   2.144272e-01   4.265488e-03   9.133515e+02   1.816882e+01
   3.847076e-01   2.328218e+00   1.469212e+02   1.607672e-01   6.291150e+02   1.637025e-01   5.971684e-03   6.406015e+02   2.336842e+01
   3.941178e-01   2.337628e+00   1.469212e+02   1.048359e-01   3.761903e+02   1.124014e-01   5.118586e-03   4.033381e+02   1.836740e+01
   3.985460e-01   2.342056e+00   1.469212e+02   8.540329e-02   2.945556e+02   9.441716e-02   5.971684e-03   3.256444e+02   2.059631e+01
   4.032511e-01   2.346761e+00   1.469212e+02   8.010680e-02   2.651077e+02   8.738487e-02   5.971684e-03   2.891940e+02   1.976286e+01
   4.078639e-01   2.351374e+00   1.469212e+02   1.070743e-01   3.405501e+02   1.175891e-01   5.118586e-03   3.739926e+02   1.627968e+01
   4.133070e-01   2.356817e+00   1.469212e+02   2.152732e-01   6.539285e+02   2.167329e-01   1.279646e-02   6.583627e+02   3.887142e+01
   4.171818e-01   2.360692e+00   1.469212e+02   3.606229e-01   1.060839e+03   3.735184e-01   2.132744e-02   1.098774e+03   6.273862e+01
   4.217946e-01   2.365305e+00   1.469212e+02   5.868066e-01   1.662518e+03   6.029325e-01   1.879120e-02   1.708206e+03   5.323853e+01
   4.265919e-01   2.370102e+00   1.469212e+02   8.000869e-01   2.181423e+03   8.127484e-01   1.625497e-02   2.215944e+03   4.431888e+01
   4.312047e-01   2.374715e+00   1.469212e+02   9.148753e-01   2.405612e+03   8.957525e-01   1.110180e-02   2.355330e+03   2.919154e+01
   4.360020e-01   2.379512e+00   1.469212e+02   9.432699e-01   2.390138e+03   9.257262e-01   1.024870e-02   2.345684e+03   2.596903e+01
   4.405225e-01   2.384033e+00   1.469212e+02   9.209831e-01   2.255040e+03   9.222677e-01   1.625497e-02   2.258186e+03   3.980052e+01
   4.453199e-01   2.388830e+00   1.469212e+02   8.764333e-01   2.070614e+03   8.565561e-01   1.109027e-02   2.023654e+03   2.620128e+01
   4.497481e-01   2.393258e+00   1.469212e+02   8.308054e-01   1.900179e+03   8.208183e-01   9.395602e-03   1.877337e+03   2.148918e+01
   4.590660e-01   2.402576e+00   1.469212e+02   7.427157e-01   1.589338e+03   7.297443e-01   8.530976e-03   1.561581e+03   1.825545e+01
   4.681993e-01   2.411709e+00   1.469212e+02   6.736628e-01   1.353425e+03   6.582686e-01   1.198948e-02   1.322497e+03   2.408751e+01
   4.775172e-01   2.421027e+00   1.469212e+02   6.184314e-01   1.167415e+03   6.110024e-01   1.023717e-02   1.153392e+03   1.932475e+01
   4.960607e-01   2.439571e+00   1.469212e+02   5.392467e-01   9.044766e+02   5.256926e-01   1.024870e-02   8.817424e+02   1.719011e+01
   5.142351e-01   2.457745e+00   1.469212e+02   4.856723e-01   7.305597e+02   4.738150e-01   1.023717e-02   7.127237e+02   1.539899e+01
   5.324095e-01   2.475920e+00   1.469212e+02   4.458666e-01   6.052394e+02   4.415357e-01   9.395602e-03   5.993603e+02   1.275401e+01
   5.598096e-01   2.503320e+00   1.469212e+02   4.013592e-01   4.716703e+02   3.954223e-01   9.395602e-03   4.646934e+02   1.104155e+01
   5.875786e-01   2.531089e+00   1.469212e+02   3.678999e-01   3.779287e+02   3.539202e-01   7.689407e-03   3.635680e+02   7.899019e+00
   6.472683e-01   2.590778e+00   1.469212e+02   3.179399e-01   2.528801e+02   3.158767e-01   7.205217e-03   2.512391e+02   5.730818e+00
   6.928428e-01   2.636353e+00   1.469212e+02   2.914555e-01   1.955926e+02   2.812917e-01   5.925570e-03   1.887717e+02   3.976585e+00
   7.381405e-01   2.681650e+00   1.469212e+02   2.711146e-01   1.564447e+02   2.686105e-01   6.352119e-03   1.549997e+02   3.665444e+00
   7.842685e-01   2.727779e+00   1.469212e+02   2.545981e-01   1.279439e+02   2.444009e-01   6.352119e-03   1.228194e+02   3.192147e+00
   8.303043e-01   2.773814e+00   1.469212e+02   2.411548e-01   1.069831e+02   2.351783e-01   6.352119e-03   1.043317e+02   2.817980e+00
   8.764323e-01   2.819942e+00   1.469212e+02   2.299605e-01   9.107510e+01   2.236499e-01   5.510550e-03   8.857582e+01   2.182435e+00
   9.220990e-01   2.865609e+00   1.469212e+02   2.206116e-01   7.885956e+01   2.155801e-01   5.510550e-03   7.706100e+01   1.969794e+00
   9.668432e-01   2.910353e+00   1.469212e+02   2.127840e-01   6.936478e+01   2.109687e-01   3.815883e-03   6.877303e+01   1.243928e+00
   1.059099e+00   3.002609e+00   1.469212e+02   1.998733e-01   5.507186e+01   1.913706e-01   3.815883e-03   5.272905e+01   1.051405e+00
   1.150433e+00   3.093943e+00   1.469212e+02   1.904523e-01   4.550193e+01   1.798422e-01   4.242432e-03   4.296701e+01   1.013581e+00
   1.242689e+00   3.186199e+00   1.469212e+02   1.838389e-01   3.877067e+01   1.798422e-01   4.242432e-03   3.792779e+01   8.947067e-01
   1.426278e+00   3.369788e+00   1.469212e+02   1.798596e-01   3.093121e+01   1.752309e-01   3.815883e-03   3.013520e+01   6.562336e-01
   1.471484e+00   3.414994e+00   1.469212e+02   1.775208e-01   2.924457e+01   1.694667e-01   4.657452e-03   2.791775e+01   7.672634e-01
   1.507464e+00   3.450974e+00   1.469212e+02   1.597972e-01   2.548331e+01   1.464100e-01   3.815883e-03   2.334842e+01   6.085296e-01
   1.525915e+00   3.469425e+00   1.469212e+02   1.250998e-01   1.963134e+01   9.972020e-02   5.084001e-03   1.564863e+01   7.978089e-01
   1.536063e+00   3.479573e+00   1.469212e+02   8.741006e-02   1.359802e+01   6.329062e-02   3.389334e-03   9.845858e+00   5.272645e-01
   1.544366e+00   3.487876e+00   1.469212e+02   4.546288e-02   7.022859e+00   1.279646e-02   2.962785e-03   1.976729e+00   4.576750e-01
   1.552669e+00   3.496179e+00   1.469212e+02   7.965538e-03   1.221928e+00   3.043483e-03   2.121216e-03   4.668760e-01   3.253985e-01
   1.562817e+00   3.506327e+00   1.469212e+02   2.733012e-02   4.157330e+00   7.124518e-02   5.510550e-03   1.083748e+01   8.382389e-01
   1.572043e+00   3.515553e+00   1.469212e+02   1.523925e-01   2.300647e+01   2.490123e-01   8.046786e-03   3.759302e+01   1.214811e+00
   1.580346e+00   3.523856e+00   1.469212e+02   3.196551e-01   4.793373e+01   4.138676e-01   1.102110e-02   6.206132e+01   1.652664e+00
   1.587726e+00   3.531236e+00   1.469212e+02   4.645340e-01   6.924680e+01   5.902513e-01   1.233533e-02   8.798714e+01   1.838794e+00
   1.596952e+00   3.540462e+00   1.469212e+02   5.611469e-01   8.303647e+01   5.902513e-01   8.899884e-03   8.734323e+01   1.316972e+00
   1.607100e+00   3.550610e+00   1.469212e+02   4.735934e-01   6.952310e+01   4.784264e-01   9.741453e-03   7.023257e+01   1.430037e+00
   1.617248e+00   3.560758e+00   1.469212e+02   3.000380e-01   4.369907e+01   3.112654e-01   7.631765e-03   4.533428e+01   1.111529e+00
   1.625551e+00   3.569061e+00   1.469212e+02   1.989961e-01   2.879828e+01   2.109687e-01   5.084001e-03   3.053093e+01   7.357453e-01
   1.634777e+00   3.578287e+00   1.469212e+02   1.371667e-01   1.971150e+01   1.464100e-01   5.084001e-03   2.103981e+01   7.305948e-01
   1.653228e+00   3.596738e+00   1.469212e+02   9.331813e-02   1.322612e+01   9.868265e-02   2.536236e-03   1.398645e+01   3.594647e-01
   1.744562e+00   3.688072e+00   1.469212e+02   9.554189e-02   1.269787e+01   9.384074e-02   3.815883e-03   1.247178e+01   5.071448e-01
   1.838663e+00   3.782173e+00   1.469212e+02   1.037553e-01   1.298898e+01   9.995076e-02   3.389334e-03   1.251269e+01   4.243057e-01


