   4.764375e-01   2.908117e+00   9.000000e+01   1.738302e-09   1.038791e-03   1.675840e-09   9.975360e-11   1.001464e-03   5.961167e-05
   5.718946e-01   3.003575e+00   9.000000e+01   4.608448e-09   9.707205e-04   4.795800e-09   2.444530e-10   1.010184e-03   5.149143e-05
   6.424920e-01   3.074172e+00   9.000000e+01   8.147812e-09   9.341698e-04   8.636690e-09   4.463370e-10   9.902211e-04   5.117381e-05
   6.899938e-01   3.121674e+00   9.000000e+01   1.134902e-08   9.148088e-04   1.194310e-08   6.065950e-10   9.626957e-04   4.889571e-05
   7.853197e-01   3.217000e+00   9.000000e+01   2.008013e-08   8.868141e-04   2.290190e-08   1.156030e-09   1.011434e-03   5.105462e-05
   8.327105e-01   3.264391e+00   9.000000e+01   2.570647e-08   8.778307e-04   3.292800e-08   1.648970e-09   1.124433e-03   5.630942e-05
   9.813387e-01   3.413019e+00   9.000000e+01   4.996092e-08   8.703002e-04   6.219440e-08   3.178500e-09   1.083403e-03   5.536826e-05
   9.991624e-01   3.430842e+00   9.000000e+01   5.364495e-08   8.715933e-04   6.636610e-08   4.762780e-09   1.078280e-03   7.738301e-05
   1.074944e+00   3.506624e+00   9.000000e+01   7.153940e-08   8.829329e-04   8.595400e-08   4.375720e-09   1.060837e-03   5.400475e-05
   1.075365e+00   3.507045e+00   9.000000e+01   7.164954e-08   8.830235e-04   9.497250e-08   6.766580e-09   1.170460e-03   8.339271e-05
   1.075645e+00   3.507325e+00   9.000000e+01   7.172305e-08   8.830841e-04   9.860470e-08   6.971340e-09   1.214062e-03   8.583405e-05
   1.269430e+00   3.701110e+00   9.000000e+01   1.469536e-07   1.015903e-03   1.618850e-07   1.618850e-08   1.119125e-03   1.119125e-04
   1.317823e+00   3.749503e+00   9.000000e+01   1.702369e-07   1.041681e-03   1.909380e-07   1.909380e-08   1.168351e-03   1.168351e-04
   1.345569e+00   3.777249e+00   9.000000e+01   1.874028e-07   1.072762e-03   2.096980e-07   2.096980e-08   1.200388e-03   1.200388e-04
   1.364753e+00   3.796433e+00   9.000000e+01   2.006848e-07   1.098487e-03   2.370230e-07   2.370230e-08   1.297391e-03   1.297391e-04
   1.388845e+00   3.820525e+00   9.000000e+01   2.192113e-07   1.135938e-03   2.339970e-07   2.339970e-08   1.212557e-03   1.212557e-04
   1.412344e+00   3.844024e+00   9.000000e+01   2.395755e-07   1.178641e-03   2.840800e-07   2.840800e-08   1.397590e-03   1.397590e-04
   1.459771e+00   3.891451e+00   9.000000e+01   2.893832e-07   1.287487e-03   3.331110e-07   3.331110e-08   1.482036e-03   1.482036e-04
   1.473676e+00   3.905356e+00   9.000000e+01   3.067125e-07   1.326302e-03   3.317000e-07   3.317000e-08   1.434355e-03   1.434355e-04
   1.474988e+00   3.906668e+00   9.000000e+01   3.084219e-07   1.330148e-03   3.177100e-07   3.177100e-08   1.370206e-03   1.370206e-04
   1.507484e+00   3.939164e+00   9.000000e+01   3.553206e-07   1.436414e-03   4.140920e-07   4.140920e-08   1.674003e-03   1.674003e-04
   1.536312e+00   3.967992e+00   9.000000e+01   4.052098e-07   1.549699e-03   4.870210e-07   4.870210e-08   1.862580e-03   1.862580e-04
   1.577758e+00   4.009438e+00   9.000000e+01   4.911795e-07   1.739665e-03   5.810630e-07   5.810630e-08   2.058016e-03   2.058016e-04
   1.602131e+00   4.033811e+00   9.000000e+01   5.460226e-07   1.851422e-03   6.528330e-07   6.528330e-08   2.213588e-03   2.213588e-04
   1.626330e+00   4.058010e+00   9.000000e+01   5.944708e-07   1.932422e-03   6.884660e-07   6.884660e-08   2.237969e-03   2.237969e-04
   1.639967e+00   4.071647e+00   9.000000e+01   6.132177e-07   1.947423e-03   7.666130e-07   7.666130e-08   2.434567e-03   2.434567e-04
   1.659398e+00   4.091078e+00   9.000000e+01   6.194558e-07   1.904011e-03   7.523020e-07   7.523020e-08   2.312339e-03   2.312339e-04
   1.673348e+00   4.105028e+00   9.000000e+01   6.031867e-07   1.811748e-03   7.268760e-07   7.268760e-08   2.183264e-03   2.183264e-04
   1.697196e+00   4.128876e+00   9.000000e+01   5.293779e-07   1.529728e-03   6.009770e-07   6.009770e-08   1.736626e-03   1.736626e-04
   1.718910e+00   4.150590e+00   9.000000e+01   4.238227e-07   1.183261e-03   4.475030e-07   4.475030e-08   1.249374e-03   1.249374e-04
   1.718910e+00   4.150590e+00   9.000000e+01   4.238227e-07   1.183261e-03   4.475070e-07   4.475070e-08   1.249385e-03   1.249385e-04
   1.736666e+00   4.168346e+00   9.000000e+01   3.301491e-07   8.966332e-04   3.441510e-07   3.441510e-08   9.346601e-04   9.346601e-05
   1.761139e+00   4.192819e+00   9.000000e+01   2.174396e-07   5.689179e-04   2.236330e-07   2.236330e-08   5.851226e-04   5.851226e-05
   1.785061e+00   4.216741e+00   9.000000e+01   1.389569e-07   3.508528e-04   1.605860e-07   1.605860e-08   4.054641e-04   4.054641e-05
   1.800362e+00   4.232042e+00   9.000000e+01   1.048393e-07   2.588566e-04   1.200580e-07   1.200580e-08   2.964327e-04   2.964327e-05
   1.824238e+00   4.255918e+00   9.000000e+01   7.131688e-08   1.701576e-04   8.563360e-08   8.563360e-09   2.043164e-04   2.043164e-05
   1.842711e+00   4.274391e+00   9.000000e+01   5.754094e-08   1.337674e-04   7.115120e-08   7.115120e-09   1.654077e-04   1.654077e-05


   2.395254e-01   2.671205e+00   0.000000e+00   1.361495e-10   1.300911e-02   1.400000e-10   1.580000e-11   1.337702e-02   1.509692e-03
   2.421910e-01   2.673871e+00   0.000000e+00   1.494550e-10   1.294451e-02   1.070000e-10   1.510000e-11   9.267419e-03   1.307832e-03
   2.453326e-01   2.677013e+00   0.000000e+00   1.664715e-10   1.286975e-02   1.650000e-10   5.200000e-11   1.275599e-02   4.020069e-03
   2.776057e-01   2.709286e+00   0.000000e+00   4.497020e-10   1.217795e-02   4.080000e-10   3.340000e-11   1.104866e-02   9.044738e-04
   2.875066e-01   2.719187e+00   0.000000e+00   5.884561e-10   1.198989e-02   5.770000e-10   1.480000e-11   1.175647e-02   3.015524e-04
   2.964555e-01   2.728135e+00   0.000000e+00   7.411435e-10   1.182821e-02   6.560000e-10   6.300000e-11   1.046937e-02   1.005443e-03
   3.067372e-01   2.738417e+00   0.000000e+00   9.532952e-10   1.165134e-02   9.120000e-10   7.390000e-11   1.114663e-02   9.032190e-04
   3.551944e-01   2.786874e+00   0.000000e+00   2.655048e-09   1.090133e-02   3.030000e-09   7.100000e-10   1.244084e-02   2.915181e-03
   3.790898e-01   2.810770e+00   0.000000e+00   4.107785e-09   1.069218e-02   3.510000e-09   6.560000e-10   9.136204e-03   1.707507e-03


   3.502440e-01   2.781924e+00   1.350000e+02   2.418366e-09   1.097926e-02   2.435400e-09   1.089000e-09   1.105660e-02   4.944008e-03
   4.345919e-01   2.866272e+00   1.350000e+02   9.544878e-09   1.007165e-02   1.148400e-08   3.118500e-09   1.211779e-02   3.290607e-03
   4.967581e-01   2.928438e+00   1.350000e+02   2.049512e-08   9.553400e-03   2.059200e-08   6.484500e-09   9.598559e-03   3.022623e-03
   5.229383e-01   2.954618e+00   1.350000e+02   2.706233e-08   9.370426e-03   3.722400e-08   8.484300e-09   1.288894e-02   2.937719e-03
   5.791068e-01   3.010787e+00   1.350000e+02   4.588705e-08   9.034470e-03   5.771700e-08   1.039500e-08   1.136361e-02   2.046619e-03
   6.593612e-01   3.091041e+00   1.350000e+02   8.604872e-08   8.665066e-03   1.009800e-07   1.653300e-08   1.016864e-02   1.664865e-03
   7.216225e-01   3.153303e+00   1.350000e+02   1.298561e-07   8.452787e-03   1.425600e-07   1.861200e-08   9.279729e-03   1.211520e-03
   7.637013e-01   3.195381e+00   1.350000e+02   1.665530e-07   8.341742e-03   1.811700e-07   2.653200e-08   9.073827e-03   1.328845e-03
   7.897864e-01   3.221466e+00   1.350000e+02   1.924085e-07   8.285189e-03   2.019600e-07   3.326400e-08   8.696481e-03   1.432362e-03
   8.480493e-01   3.279729e+00   1.350000e+02   2.594182e-07   8.191975e-03   2.732400e-07   4.009500e-08   8.628444e-03   1.266130e-03
   9.402037e-01   3.371884e+00   1.350000e+02   3.945388e-07   8.137489e-03   3.059100e-07   3.969900e-08   6.309491e-03   8.188045e-04
   1.002465e+00   3.434145e+00   1.350000e+02   5.091684e-07   8.168400e-03   4.306500e-07   4.049100e-08   6.908758e-03   6.495821e-04
   1.056730e+00   3.488410e+00   1.350000e+02   6.271195e-07   8.244267e-03   5.761800e-07   4.940100e-08   7.574604e-03   6.494377e-04
   1.071010e+00   3.502690e+00   1.350000e+02   6.612892e-07   8.272413e-03   5.692500e-07   4.365900e-08   7.121046e-03   5.461533e-04
   1.087194e+00   3.518874e+00   1.350000e+02   7.017180e-07   8.308624e-03   5.989500e-07   5.672700e-08   7.091809e-03   6.716705e-04
   1.098618e+00   3.530298e+00   1.350000e+02   7.313877e-07   8.336986e-03   6.741900e-07   5.900400e-08   7.684997e-03   6.725783e-04
   1.132890e+00   3.564570e+00   1.350000e+02   8.263084e-07   8.435907e-03   6.920100e-07   6.583500e-08   7.064834e-03   6.721194e-04
   1.165259e+00   3.596939e+00   1.350000e+02   9.243846e-07   8.545985e-03   8.395200e-07   7.266600e-08   7.761407e-03   6.718011e-04
   1.190963e+00   3.622643e+00   1.350000e+02   1.007464e-06   8.635835e-03   8.335800e-07   9.395100e-08   7.145330e-03   8.053347e-04
   1.355660e+00   3.787340e+00   1.350000e+02   1.842740e-06   1.030162e-02   1.019700e-06   1.851300e-07   5.700512e-03   1.034947e-03
   1.429917e+00   3.861597e+00   1.350000e+02   2.451238e-06   1.161082e-02   1.217700e-06   1.989900e-07   5.767902e-03   9.425596e-04


