   4.764375e-01   2.908117e+00   9.000000e+01   3.649184e-10   2.180713e-04   3.404700e-10   8.230500e-11   2.034612e-04   4.918458e-05
   5.718946e-01   3.003575e+00   9.000000e+01   1.121333e-09   2.361969e-04   1.077440e-09   1.350600e-10   2.269513e-04   2.844895e-05
   6.424920e-01   3.074172e+00   9.000000e+01   2.196948e-09   2.518864e-04   2.221850e-09   3.211700e-10   2.547414e-04   3.682305e-05
   6.899938e-01   3.121674e+00   9.000000e+01   3.272756e-09   2.638066e-04   3.064060e-09   2.940890e-10   2.469842e-04   2.370559e-05
   7.853197e-01   3.217000e+00   9.000000e+01   6.609995e-09   2.919222e-04   6.184780e-09   5.326820e-10   2.731431e-04   2.352524e-05
   8.327105e-01   3.264391e+00   9.000000e+01   9.034203e-09   3.085021e-04   9.651150e-09   1.083560e-09   3.295698e-04   3.700167e-05
   9.813387e-01   3.413019e+00   9.000000e+01   2.164871e-08   3.771122e-04   2.316180e-08   2.157690e-09   4.034697e-04   3.758614e-05
   9.991624e-01   3.430842e+00   9.000000e+01   2.386393e-08   3.877278e-04   2.293290e-08   1.910970e-09   3.726010e-04   3.104838e-05
   1.074944e+00   3.506624e+00   9.000000e+01   3.631022e-08   4.481375e-04   3.667770e-08   3.186440e-09   4.526729e-04   3.932676e-05
   1.075365e+00   3.507045e+00   9.000000e+01   3.640803e-08   4.487000e-04   3.838400e-08   2.394970e-09   4.730522e-04   2.951610e-05
   1.075645e+00   3.507325e+00   9.000000e+01   3.647375e-08   4.490800e-04   3.466880e-08   2.439930e-09   4.268567e-04   3.004144e-05
   1.269430e+00   3.701110e+00   9.000000e+01   8.446515e-08   5.839149e-04   1.036940e-07   1.036940e-08   7.168456e-04   7.168456e-05
   1.317823e+00   3.749503e+00   9.000000e+01   1.179799e-07   7.219201e-04   1.486580e-07   1.486580e-08   9.096396e-04   9.096396e-05
   1.345569e+00   3.777249e+00   9.000000e+01   1.385029e-07   7.928415e-04   1.709960e-07   1.709960e-08   9.788437e-04   9.788437e-05
   1.364753e+00   3.796433e+00   9.000000e+01   1.547005e-07   8.467833e-04   2.040230e-07   2.040230e-08   1.116759e-03   1.116759e-04
   1.388845e+00   3.820525e+00   9.000000e+01   1.780839e-07   9.228190e-04   2.120690e-07   2.120690e-08   1.098928e-03   1.098928e-04
   1.412344e+00   3.844024e+00   9.000000e+01   2.049757e-07   1.008420e-03   2.581890e-07   2.581890e-08   1.270214e-03   1.270214e-04
   1.459771e+00   3.891451e+00   9.000000e+01   2.761741e-07   1.228719e-03   3.763910e-07   3.763910e-08   1.674591e-03   1.674591e-04
   1.473676e+00   3.905356e+00   9.000000e+01   3.027492e-07   1.309164e-03   3.677820e-07   3.677820e-08   1.590382e-03   1.590382e-04
   1.474988e+00   3.906668e+00   9.000000e+01   3.054210e-07   1.317206e-03   3.538160e-07   3.538160e-08   1.525922e-03   1.525922e-04
   1.507484e+00   3.939164e+00   9.000000e+01   3.822720e-07   1.545367e-03   4.957730e-07   4.957730e-08   2.004205e-03   2.004205e-04
   1.536312e+00   3.967992e+00   9.000000e+01   4.717907e-07   1.804333e-03   6.365830e-07   6.365830e-08   2.434571e-03   2.434571e-04
   1.577758e+00   4.009438e+00   9.000000e+01   6.480239e-07   2.295179e-03   8.457930e-07   8.457930e-08   2.995640e-03   2.995640e-04
   1.602131e+00   4.033811e+00   9.000000e+01   7.813102e-07   2.649221e-03   1.038170e-06   1.038170e-07   3.520166e-03   3.520166e-04
   1.626330e+00   4.058010e+00   9.000000e+01   9.283340e-07   3.017698e-03   1.210550e-06   1.210550e-07   3.935086e-03   3.935086e-04
   1.639967e+00   4.071647e+00   9.000000e+01   1.009363e-06   3.205479e-03   1.388420e-06   1.388420e-07   4.409267e-03   4.409267e-04
   1.659398e+00   4.091078e+00   9.000000e+01   1.104175e-06   3.393886e-03   1.489320e-06   1.489320e-07   4.577699e-03   4.577699e-04
   1.673348e+00   4.105028e+00   9.000000e+01   1.142591e-06   3.431918e-03   1.535200e-06   1.535200e-07   4.611168e-03   4.611168e-04
   1.697196e+00   4.128876e+00   9.000000e+01   1.120953e-06   3.239187e-03   1.372520e-06   1.372520e-07   3.966132e-03   3.966132e-04
   1.718910e+00   4.150590e+00   9.000000e+01   1.001316e-06   2.795551e-03   1.147980e-06   1.147980e-07   3.205020e-03   3.205020e-04
   1.718910e+00   4.150590e+00   9.000000e+01   1.001316e-06   2.795551e-03   1.147980e-06   1.147980e-07   3.205020e-03   3.205020e-04
   1.736666e+00   4.168346e+00   9.000000e+01   8.572122e-07   2.328054e-03   9.436760e-07   9.436760e-08   2.562876e-03   2.562876e-04
   1.761139e+00   4.192819e+00   9.000000e+01   6.449401e-07   1.687448e-03   6.676320e-07   6.676320e-08   1.746820e-03   1.746820e-04
   1.785061e+00   4.216741e+00   9.000000e+01   4.663085e-07   1.177384e-03   4.696980e-07   4.696980e-08   1.185942e-03   1.185942e-04
   1.800362e+00   4.232042e+00   9.000000e+01   3.770871e-07   9.310577e-04   3.923400e-07   3.923400e-08   9.687184e-04   9.687184e-05
   1.824238e+00   4.255918e+00   9.000000e+01   2.884792e-07   6.882932e-04   3.241060e-07   3.241060e-08   7.732964e-04   7.732964e-05
   1.842711e+00   4.274391e+00   9.000000e+01   3.359744e-07   7.810515e-04   3.821960e-07   3.821960e-08   8.885044e-04   8.885044e-05


   2.395254e-01   2.671205e+00   0.000000e+00   2.313591e-11   2.210640e-03   2.210000e-11   1.470000e-11   2.111658e-03   1.404587e-03
   2.875066e-01   2.719187e+00   0.000000e+00   1.123727e-10   2.289612e-03   1.430000e-10   2.470000e-11   2.913648e-03   5.032665e-04


   3.498632e-01   2.781543e+00   1.350000e+02   5.245160e-10   2.399978e-03   1.540000e-09   8.731800e-10   7.046433e-03   3.995328e-03
   4.360199e-01   2.867700e+00   1.350000e+02   2.486405e-09   2.569579e-03   4.296600e-09   2.849000e-09   4.440329e-03   2.944304e-03
   5.002805e-01   2.931961e+00   1.350000e+02   6.063891e-09   2.711846e-03   1.156540e-08   2.972200e-09   5.172187e-03   1.329204e-03
   5.244615e-01   2.956142e+00   1.350000e+02   8.132105e-09   2.769499e-03   1.678600e-08   2.448600e-09   5.716701e-03   8.339041e-04
   5.826293e-01   3.014309e+00   1.350000e+02   1.531487e-08   2.918860e-03   3.218600e-08   6.837600e-09   6.134327e-03   1.303178e-03
   6.589804e-01   3.090660e+00   1.350000e+02   3.111150e-08   3.141920e-03   6.668200e-08   7.499800e-09   6.734150e-03   7.573974e-04
   7.231457e-01   3.154826e+00   1.350000e+02   5.211211e-08   3.358694e-03   8.531600e-08   1.253560e-08   5.498729e-03   8.079360e-04
   7.613213e-01   3.193001e+00   1.350000e+02   6.895803e-08   3.503133e-03   1.264340e-07   1.647800e-08   6.422967e-03   8.370980e-04
   7.914048e-01   3.223085e+00   1.350000e+02   8.498798e-08   3.626429e-03   1.387540e-07   2.032800e-08   5.920620e-03   8.673938e-04
   8.475733e-01   3.279253e+00   1.350000e+02   1.226607e-07   3.882695e-03   1.724800e-07   2.833600e-08   5.459671e-03   8.969460e-04
   9.420125e-01   3.373693e+00   1.350000e+02   2.155396e-07   4.411563e-03   2.910600e-07   5.713400e-08   5.957280e-03   1.169392e-03
   9.958010e-01   3.427481e+00   1.350000e+02   2.909263e-07   4.788572e-03   3.619000e-07   5.913600e-08   5.956780e-03   9.733632e-04
   1.060538e+00   3.492218e+00   1.350000e+02   4.146983e-07   5.379451e-03   4.543000e-07   6.421800e-08   5.893163e-03   8.330336e-04
   1.072914e+00   3.504594e+00   1.350000e+02   4.461639e-07   5.544927e-03   4.558400e-07   6.683600e-08   5.665182e-03   8.306382e-04
   1.084338e+00   3.516018e+00   1.350000e+02   4.829410e-07   5.773395e-03   4.835600e-07   6.960800e-08   5.780795e-03   8.321399e-04
   1.098618e+00   3.530298e+00   1.350000e+02   5.865074e-07   6.685516e-03   4.958800e-07   7.299600e-08   5.652467e-03   8.320712e-04
   1.192867e+00   3.624547e+00   1.350000e+02   8.461717e-07   7.213527e-03   6.591200e-07   7.407400e-08   5.618931e-03   6.314733e-04
   1.353756e+00   3.785436e+00   1.350000e+02   1.806633e-06   1.014478e-02   1.025640e-06   1.848000e-07   5.759271e-03   1.037706e-03
   1.429917e+00   3.861597e+00   1.350000e+02   2.845312e-06   1.347744e-02   1.208900e-06   2.171400e-07   5.726219e-03   1.028531e-03


