   4.764375e-01   2.908117e+00   9.000000e+01   1.756136e-10   1.049448e-04   1.877850e-10   2.684030e-11   1.122183e-04   1.603947e-05
   5.718946e-01   3.003575e+00   9.000000e+01   3.578474e-10   7.537674e-05   3.417450e-10   3.578280e-11   7.198495e-05   7.537267e-06
   6.424920e-01   3.074172e+00   9.000000e+01   5.325076e-10   6.105352e-05   6.768340e-10   7.107970e-11   7.760094e-05   8.149490e-06
   6.899938e-01   3.121674e+00   9.000000e+01   6.659478e-10   5.367996e-05   8.254000e-10   6.543560e-11   6.653290e-05   5.274558e-06
   7.853197e-01   3.217000e+00   9.000000e+01   9.649830e-10   4.261727e-05   1.481410e-09   9.525620e-11   6.542462e-05   4.206871e-06
   8.327105e-01   3.264391e+00   9.000000e+01   1.127327e-09   3.849623e-05   1.743670e-09   1.743720e-10   5.954326e-05   5.954497e-06
   9.813387e-01   3.413019e+00   9.000000e+01   1.748075e-09   3.045081e-05   3.877650e-09   7.841190e-10   6.754718e-05   1.365905e-05
   9.991624e-01   3.430842e+00   9.000000e+01   1.862233e-09   3.025652e-05   2.853220e-09   2.389140e-09   4.635753e-05   3.881742e-05
   1.074944e+00   3.506624e+00   9.000000e+01   3.986798e-09   4.920471e-05   5.082080e-09   4.129110e-10   6.272258e-05   5.096111e-06
   1.075365e+00   3.507045e+00   9.000000e+01   4.037638e-09   4.976068e-05   4.368320e-09   4.511480e-10   5.383607e-05   5.560040e-06
   1.075645e+00   3.507325e+00   9.000000e+01   4.072505e-09   5.014238e-05   4.611370e-09   7.625660e-10   5.677711e-05   9.389031e-06
   1.269430e+00   3.701110e+00   9.000000e+01   2.969835e-09   2.053072e-05   4.632480e-09   8.767060e-10   3.202474e-05   6.060745e-06
   1.317823e+00   3.749503e+00   9.000000e+01   3.231029e-09   1.977069e-05   4.303290e-09   7.668720e-10   2.633187e-05   4.692496e-06
   1.345569e+00   3.777249e+00   9.000000e+01   3.404923e-09   1.949102e-05   4.391930e-09   6.178570e-10   2.514101e-05   3.536840e-06
   1.364753e+00   3.796433e+00   9.000000e+01   3.539541e-09   1.937436e-05   5.361260e-09   7.302660e-10   2.934590e-05   3.997253e-06
   1.388845e+00   3.820525e+00   9.000000e+01   3.730681e-09   1.933214e-05   5.529700e-09   6.347940e-10   2.865455e-05   3.289461e-06
   1.412344e+00   3.844024e+00   9.000000e+01   3.947391e-09   1.942000e-05   6.236030e-09   9.773670e-10   3.067943e-05   4.808357e-06
   1.459771e+00   3.891451e+00   9.000000e+01   4.516280e-09   2.009327e-05   6.108290e-09   6.468430e-10   2.717623e-05   2.877852e-06
   1.473676e+00   3.905356e+00   9.000000e+01   4.729668e-09   2.045228e-05   6.258970e-09   7.577600e-10   2.706537e-05   3.276745e-06
   1.474988e+00   3.906668e+00   9.000000e+01   4.751200e-09   2.049077e-05   7.406490e-09   9.331350e-10   3.194238e-05   4.024384e-06
   1.507484e+00   3.939164e+00   9.000000e+01   5.379151e-09   2.174568e-05   6.139330e-09   6.460630e-10   2.481877e-05   2.611765e-06
   1.536312e+00   3.967992e+00   9.000000e+01   6.137744e-09   2.347341e-05   8.124070e-09   9.608020e-10   3.106998e-05   3.674525e-06
   1.577758e+00   4.009438e+00   9.000000e+01   7.741884e-09   2.742030e-05   1.076650e-08   1.337020e-09   3.813292e-05   4.735474e-06
   1.602131e+00   4.033811e+00   9.000000e+01   9.078289e-09   3.078213e-05   1.271750e-08   1.523990e-09   4.312176e-05   5.167457e-06
   1.626330e+00   4.058010e+00   9.000000e+01   1.073076e-08   3.488205e-05   1.404860e-08   1.638870e-09   4.566722e-05   5.327409e-06
   1.639967e+00   4.071647e+00   9.000000e+01   1.177244e-08   3.738626e-05   1.420020e-08   1.556030e-09   4.509621e-05   4.941554e-06
   1.659398e+00   4.091078e+00   9.000000e+01   1.327016e-08   4.078828e-05   1.652240e-08   1.755610e-09   5.078464e-05   5.396190e-06
   1.673348e+00   4.105028e+00   9.000000e+01   1.422636e-08   4.273066e-05   1.940200e-08   2.074890e-09   5.827636e-05   6.232195e-06
   1.697196e+00   4.128876e+00   9.000000e+01   1.527761e-08   4.414728e-05   2.009280e-08   1.751290e-09   5.806160e-05   5.060653e-06
   1.718910e+00   4.150590e+00   9.000000e+01   1.536559e-08   4.289885e-05   1.882080e-08   1.452210e-09   5.254537e-05   4.054393e-06
   1.718910e+00   4.150590e+00   9.000000e+01   1.536559e-08   4.289885e-05   1.882080e-08   1.682830e-09   5.254537e-05   4.698255e-06
   1.736666e+00   4.168346e+00   9.000000e+01   1.491490e-08   4.050652e-05   1.761780e-08   1.702780e-09   4.784718e-05   4.624483e-06
   1.761139e+00   4.192819e+00   9.000000e+01   1.401395e-08   3.666668e-05   1.782130e-08   1.452790e-09   4.662838e-05   3.801139e-06
   1.785061e+00   4.216741e+00   9.000000e+01   1.352967e-08   3.416112e-05   1.910900e-08   1.517960e-09   4.824838e-05   3.832702e-06
   1.800362e+00   4.232042e+00   9.000000e+01   1.392762e-08   3.438838e-05   1.988260e-08   1.569490e-09   4.909171e-05   3.875195e-06
   1.824238e+00   4.255918e+00   9.000000e+01   1.826535e-08   4.357996e-05   2.637990e-08   2.147160e-09   6.294077e-05   5.122988e-06
   1.842711e+00   4.274391e+00   9.000000e+01   4.028296e-08   9.364720e-05   4.699010e-08   3.684320e-09   1.092395e-04   8.565068e-06


   2.395254e-01   2.671205e+00   0.000000e+00   4.808900e-11   4.594912e-03   2.210000e-11   1.470000e-11   2.111658e-03   1.404587e-03
   2.875066e-01   2.719187e+00   0.000000e+00   1.614501e-10   3.289572e-03   8.880000e-11   2.470000e-11   1.809314e-03   5.032665e-04


   5.219863e-01   2.953666e+00   1.350000e+02   3.173549e-09   1.110335e-03   5.644800e-09   1.280000e-09   1.974955e-03   4.478356e-04
   6.585996e-01   3.090280e+00   1.350000e+02   7.194159e-09   7.286216e-04   2.086400e-08   1.600000e-08   2.113098e-03   1.620474e-03
   7.206705e-01   3.152351e+00   1.350000e+02   9.460926e-09   6.196833e-04   2.483200e-08   1.344000e-08   1.626477e-03   8.803095e-04
   7.627493e-01   3.194429e+00   1.350000e+02   1.112098e-08   5.601579e-04   2.636800e-08   6.796800e-09   1.328143e-03   3.423513e-04
   7.906432e-01   3.222323e+00   1.350000e+02   1.227103e-08   5.258513e-04   1.766400e-08   2.892800e-09   7.569566e-04   1.239654e-04
   1.067202e+00   3.498882e+00   1.350000e+02   4.054828e-08   5.139450e-04   4.889600e-08   3.891200e-08   6.197514e-04   4.932053e-04
   1.188107e+00   3.619787e+00   1.350000e+02   4.515571e-08   3.902817e-04   4.057600e-08   5.273600e-09   3.506992e-04   4.557983e-05
   1.412781e+00   3.844461e+00   1.350000e+02   5.264836e-08   2.587681e-04   4.019200e-08   1.676800e-08   1.975448e-04   8.241517e-05


