   1.421634e+00   3.853314e+00   6.362944e+01   7.037631e-01   3.393287e+03   7.633747e-01   6.104765e-02   3.680712e+03   2.943493e+02
   1.423443e+00   3.855123e+00   6.362944e+01   7.011384e-01   3.367489e+03   7.064564e-01   5.647187e-02   3.393031e+03   2.712281e+02
   1.427918e+00   3.859598e+00   6.362944e+01   6.946796e-01   3.304592e+03   7.365896e-01   5.892717e-02   3.503958e+03   2.803167e+02
   1.432011e+00   3.863691e+00   6.362944e+01   6.888135e-01   3.248177e+03   7.265452e-01   5.814594e-02   3.426105e+03   2.741936e+02
   1.439056e+00   3.870736e+00   6.362944e+01   6.788181e-01   3.153567e+03   7.153848e-01   5.725310e-02   3.323443e+03   2.659792e+02
   1.444007e+00   3.875687e+00   6.362944e+01   6.718725e-01   3.088922e+03   7.098045e-01   5.680668e-02   3.263314e+03   2.611677e+02
   1.444863e+00   3.876543e+00   6.362944e+01   6.706772e-01   3.077885e+03   7.176168e-01   5.736471e-02   3.293301e+03   2.632592e+02
   1.449814e+00   3.881494e+00   6.362944e+01   6.638112e-01   3.014985e+03   7.187329e-01   5.747631e-02   3.264435e+03   2.610534e+02
   1.450861e+00   3.882541e+00   6.362944e+01   6.623678e-01   3.001867e+03   7.142687e-01   5.714150e-02   3.237083e+03   2.589666e+02
   1.454764e+00   3.886444e+00   6.362944e+01   6.570166e-01   2.953548e+03   7.098045e-01   5.680668e-02   3.190850e+03   2.553684e+02
   1.455050e+00   3.886730e+00   6.362944e+01   6.566269e-01   2.950048e+03   6.941799e-01   5.546743e-02   3.118763e+03   2.492002e+02
   1.455907e+00   3.887587e+00   6.362944e+01   6.554592e-01   2.939576e+03   6.975280e-01   5.580224e-02   3.128245e+03   2.502596e+02
   1.457811e+00   3.889491e+00   6.362944e+01   6.528724e-01   2.916460e+03   7.019922e-01   5.624866e-02   3.135884e+03   2.512696e+02
   1.464189e+00   3.895869e+00   6.362944e+01   6.442920e-01   2.840563e+03   6.685109e-01   5.345855e-02   2.947340e+03   2.356888e+02
   1.465046e+00   3.896726e+00   6.362944e+01   6.431498e-01   2.830548e+03   6.819034e-01   5.457459e-02   3.001105e+03   2.401867e+02
   1.467140e+00   3.898820e+00   6.362944e+01   6.403685e-01   2.806245e+03   6.707430e-01   5.368176e-02   2.939353e+03   2.352460e+02
   1.468949e+00   3.900629e+00   6.362944e+01   6.379790e-01   2.785459e+03   6.796713e-01   5.435138e-02   2.967491e+03   2.373018e+02
   1.471044e+00   3.902724e+00   6.362944e+01   6.352271e-01   2.761626e+03   6.696269e-01   5.357015e-02   2.911178e+03   2.328943e+02
   1.472091e+00   3.903771e+00   6.362944e+01   6.338573e-01   2.749804e+03   6.662788e-01   5.323534e-02   2.890455e+03   2.309459e+02
   1.475137e+00   3.906817e+00   6.362944e+01   6.298964e-01   2.715770e+03   6.618146e-01   5.290053e-02   2.853383e+03   2.280782e+02
   1.477993e+00   3.909673e+00   6.362944e+01   6.262166e-01   2.684344e+03   6.651627e-01   5.323534e-02   2.851291e+03   2.281990e+02
   1.479326e+00   3.911006e+00   6.362944e+01   6.245109e-01   2.669838e+03   6.417258e-01   5.133806e-02   2.743434e+03   2.194747e+02
   1.481325e+00   3.913005e+00   6.362944e+01   6.219664e-01   2.648270e+03   6.372616e-01   5.100325e-02   2.713395e+03   2.171666e+02
   1.485990e+00   3.917670e+00   6.362944e+01   6.160983e-01   2.598830e+03   6.573504e-01   5.256571e-02   2.772840e+03   2.217331e+02
   1.489132e+00   3.920812e+00   6.362944e+01   6.122036e-01   2.566236e+03   6.394937e-01   5.122646e-02   2.680631e+03   2.147311e+02
   1.492083e+00   3.923763e+00   6.362944e+01   6.085895e-01   2.536132e+03   6.428418e-01   5.144967e-02   2.678870e+03   2.144026e+02
   1.494082e+00   3.925762e+00   6.362944e+01   6.061669e-01   2.516024e+03   6.372616e-01   5.089165e-02   2.645090e+03   2.112366e+02
   1.495701e+00   3.927381e+00   6.362944e+01   6.042215e-01   2.499916e+03   6.640467e-01   5.312374e-02   2.747437e+03   2.197950e+02
   1.496462e+00   3.928142e+00   6.362944e+01   6.033111e-01   2.492388e+03   6.082444e-01   4.865956e-02   2.512768e+03   2.010215e+02
   1.496938e+00   3.928618e+00   6.362944e+01   6.027437e-01   2.487700e+03   6.417258e-01   5.133806e-02   2.648590e+03   2.118872e+02
   1.497986e+00   3.929666e+00   6.362944e+01   6.015000e-01   2.477433e+03   6.383777e-01   5.100325e-02   2.629323e+03   2.100700e+02
   1.501127e+00   3.932807e+00   6.362944e+01   5.978075e-01   2.447015e+03   6.283333e-01   5.022202e-02   2.571966e+03   2.055746e+02
   1.501984e+00   3.933664e+00   6.362944e+01   5.968108e-01   2.438820e+03   6.327974e-01   5.055683e-02   2.585876e+03   2.065964e+02
   1.505030e+00   3.936710e+00   6.362944e+01   5.933045e-01   2.410031e+03   6.283333e-01   5.022202e-02   2.552320e+03   2.040042e+02
   1.509029e+00   3.940709e+00   6.362944e+01   5.887957e-01   2.373084e+03   6.194049e-01   4.955239e-02   2.496452e+03   1.997161e+02
   1.511123e+00   3.942803e+00   6.362944e+01   5.864787e-01   2.354115e+03   6.104765e-01   4.888276e-02   2.450441e+03   1.962145e+02
   1.513979e+00   3.945659e+00   6.362944e+01   5.833717e-01   2.328678e+03   6.182889e-01   4.944079e-02   2.468059e+03   1.973556e+02
   1.515027e+00   3.946707e+00   6.362944e+01   5.822482e-01   2.319476e+03   6.127086e-01   4.910597e-02   2.440820e+03   1.956213e+02
   1.517216e+00   3.948896e+00   6.362944e+01   5.799276e-01   2.300457e+03   5.993161e-01   4.798993e-02   2.377367e+03   1.903665e+02
   1.519025e+00   3.950705e+00   6.362944e+01   5.780405e-01   2.284972e+03   6.115926e-01   4.888276e-02   2.417602e+03   1.932317e+02
   1.519025e+00   3.950705e+00   6.362944e+01   5.780405e-01   2.284972e+03   6.060124e-01   4.843635e-02   2.395543e+03   1.914670e+02
   1.522071e+00   3.953751e+00   6.362944e+01   5.749266e-01   2.259360e+03   6.026642e-01   4.821314e-02   2.368364e+03   1.894691e+02
   1.524166e+00   3.955846e+00   6.362944e+01   5.728347e-01   2.242098e+03   5.903877e-01   4.720870e-02   2.310801e+03   1.847767e+02
   1.526070e+00   3.957750e+00   6.362944e+01   5.709694e-01   2.226653e+03   5.948519e-01   4.754351e-02   2.319789e+03   1.854091e+02
   1.526165e+00   3.957845e+00   6.362944e+01   5.708770e-01   2.225887e+03   5.859236e-01   4.687388e-02   2.284554e+03   1.827643e+02
   1.531877e+00   3.963557e+00   6.362944e+01   5.655082e-01   2.181038e+03   6.015482e-01   4.810153e-02   2.320036e+03   1.855168e+02
   1.532067e+00   3.963747e+00   6.362944e+01   5.653353e-01   2.179581e+03   5.870396e-01   4.698549e-02   2.263260e+03   1.811468e+02
   1.535971e+00   3.967651e+00   6.362944e+01   5.618824e-01   2.150273e+03   5.881556e-01   4.709709e-02   2.250818e+03   1.802363e+02
   1.538065e+00   3.969745e+00   6.362944e+01   5.601049e-01   2.134991e+03   5.825754e-01   4.653907e-02   2.220643e+03   1.773962e+02
   1.543111e+00   3.974791e+00   6.362944e+01   5.560561e-01   2.099491e+03   5.702989e-01   4.564623e-02   2.153267e+03   1.723457e+02
   1.544063e+00   3.975743e+00   6.362944e+01   5.553313e-01   2.093007e+03   5.747631e-01   4.598105e-02   2.166244e+03   1.732995e+02
   1.544920e+00   3.976600e+00   6.362944e+01   5.546900e-01   2.087230e+03   5.803433e-01   4.642747e-02   2.183760e+03   1.747008e+02
   1.549013e+00   3.980693e+00   6.362944e+01   5.517778e-01   2.060418e+03   5.658347e-01   4.531142e-02   2.112909e+03   1.691994e+02
   1.550251e+00   3.981931e+00   6.362944e+01   5.509488e-01   2.052575e+03   5.535583e-01   4.419538e-02   2.062296e+03   1.646511e+02
   1.554820e+00   3.986500e+00   6.362944e+01   5.481096e-01   2.024705e+03   5.736471e-01   4.586944e-02   2.119040e+03   1.694407e+02
   1.554916e+00   3.986596e+00   6.362944e+01   5.480544e-01   2.024143e+03   5.691829e-01   4.553463e-02   2.102177e+03   1.681742e+02
   1.555963e+00   3.987643e+00   6.362944e+01   5.474571e-01   2.018012e+03   5.613706e-01   4.497661e-02   2.069300e+03   1.657908e+02
   1.563960e+00   3.995640e+00   6.362944e+01   5.435937e-01   1.974404e+03   5.569064e-01   4.453019e-02   2.022757e+03   1.617395e+02
   1.565769e+00   3.997449e+00   6.362944e+01   5.429042e-01   1.965360e+03   5.669508e-01   4.542303e-02   2.052410e+03   1.644352e+02
   1.568053e+00   3.999733e+00   6.362944e+01   5.421388e-01   1.954388e+03   5.412818e-01   4.330254e-02   1.951299e+03   1.561039e+02
   1.569957e+00   4.001637e+00   6.362944e+01   5.415947e-01   1.945641e+03   5.457459e-01   4.363735e-02   1.960554e+03   1.567641e+02
   1.571100e+00   4.002780e+00   6.362944e+01   5.413107e-01   1.940570e+03   5.312374e-01   4.252131e-02   1.904457e+03   1.524366e+02
   1.575003e+00   4.006683e+00   6.362944e+01   5.405916e-01   1.924268e+03   5.368176e-01   4.296773e-02   1.910834e+03   1.529462e+02
   1.576812e+00   4.008492e+00   6.362944e+01   5.403964e-01   1.917268e+03   5.502101e-01   4.397217e-02   1.952086e+03   1.560085e+02
   1.581953e+00   4.013633e+00   6.362944e+01   5.403546e-01   1.899379e+03   5.312374e-01   4.240970e-02   1.867332e+03   1.490727e+02
   1.582714e+00   4.014394e+00   6.362944e+01   5.404163e-01   1.896990e+03   5.479780e-01   4.386056e-02   1.923533e+03   1.539610e+02
   1.585951e+00   4.017631e+00   6.362944e+01   5.408855e-01   1.887613e+03   5.223090e-01   4.174008e-02   1.822784e+03   1.456669e+02
   1.589759e+00   4.021439e+00   6.362944e+01   5.418887e-01   1.878251e+03   5.312374e-01   4.252131e-02   1.841332e+03   1.473839e+02
   1.595947e+00   4.027627e+00   6.362944e+01   5.446481e-01   1.867102e+03   5.133806e-01   4.107045e-02   1.759915e+03   1.407932e+02
   1.596709e+00   4.028389e+00   6.362944e+01   5.450907e-01   1.866093e+03   5.256571e-01   4.207489e-02   1.799563e+03   1.440415e+02
   1.601659e+00   4.033339e+00   6.362944e+01   5.485574e-01   1.861568e+03   5.245411e-01   4.196329e-02   1.780067e+03   1.424054e+02
   1.606705e+00   4.038385e+00   6.362944e+01   5.532070e-01   1.860732e+03   5.178448e-01   4.140526e-02   1.741790e+03   1.392681e+02
   1.610513e+00   4.042193e+00   6.362944e+01   5.575185e-01   1.862753e+03   5.211930e-01   4.174008e-02   1.741384e+03   1.394598e+02
   1.612322e+00   4.044002e+00   6.362944e+01   5.598212e-01   1.864540e+03   5.368176e-01   4.296773e-02   1.787924e+03   1.431083e+02
   1.614226e+00   4.045906e+00   6.362944e+01   5.624288e-01   1.867010e+03   5.401657e-01   4.319094e-02   1.793107e+03   1.433745e+02
   1.619176e+00   4.050856e+00   6.362944e+01   5.701234e-01   1.876330e+03   5.334694e-01   4.263291e-02   1.755699e+03   1.403090e+02
   1.620985e+00   4.052665e+00   6.362944e+01   5.732763e-01   1.880802e+03   5.502101e-01   4.397217e-02   1.805127e+03   1.442637e+02
   1.624698e+00   4.056378e+00   6.362944e+01   5.803430e-01   1.891810e+03   5.636027e-01   4.508821e-02   1.837240e+03   1.469792e+02
   1.629553e+00   4.061233e+00   6.362944e+01   5.908308e-01   1.909978e+03   5.647187e-01   4.519982e-02   1.825566e+03   1.461174e+02
   1.631838e+00   4.063518e+00   6.362944e+01   5.962693e-01   1.920025e+03   5.457459e-01   4.363735e-02   1.757337e+03   1.405151e+02
   1.632314e+00   4.063994e+00   6.362944e+01   5.974434e-01   1.922239e+03   5.803433e-01   4.642747e-02   1.867221e+03   1.493777e+02
   1.635170e+00   4.066850e+00   6.362944e+01   6.047894e-01   1.936402e+03   5.870396e-01   4.698549e-02   1.879571e+03   1.504371e+02
   1.635646e+00   4.067326e+00   6.362944e+01   6.060642e-01   1.938908e+03   5.535583e-01   4.430698e-02   1.770932e+03   1.417460e+02
   1.639740e+00   4.071420e+00   6.362944e+01   6.176251e-01   1.962177e+03   6.138247e-01   4.910597e-02   1.950103e+03   1.560082e+02
   1.640406e+00   4.072086e+00   6.362944e+01   6.196087e-01   1.966253e+03   5.680668e-01   4.542303e-02   1.802691e+03   1.441445e+02
   1.642120e+00   4.073800e+00   6.362944e+01   6.248402e-01   1.977102e+03   5.803433e-01   4.642747e-02   1.836306e+03   1.469045e+02
   1.643548e+00   4.075228e+00   6.362944e+01   6.293430e-01   1.986541e+03   6.216370e-01   4.977560e-02   1.962217e+03   1.571183e+02
   1.650117e+00   4.081797e+00   6.362944e+01   6.517111e-01   2.034491e+03   6.461900e-01   5.167288e-02   2.017255e+03   1.613107e+02
   1.654781e+00   4.086461e+00   6.362944e+01   6.691904e-01   2.072785e+03   6.640467e-01   5.312374e-02   2.056853e+03   1.645482e+02
   1.660398e+00   4.092078e+00   6.362944e+01   6.918591e-01   2.123022e+03   6.841355e-01   5.468620e-02   2.099321e+03   1.678087e+02
   1.660969e+00   4.092649e+00   6.362944e+01   6.942562e-01   2.128355e+03   7.120366e-01   5.702989e-02   2.182864e+03   1.748344e+02
   1.666586e+00   4.098266e+00   6.362944e+01   7.186274e-01   2.182658e+03   7.343575e-01   5.870396e-02   2.230435e+03   1.782992e+02
   1.669157e+00   4.100837e+00   6.362944e+01   7.302096e-01   2.208448e+03   7.611426e-01   6.093605e-02   2.302002e+03   1.842952e+02
   1.674583e+00   4.106263e+00   6.362944e+01   7.553419e-01   2.264173e+03   7.979721e-01   6.383777e-02   2.391959e+03   1.913567e+02
   1.679343e+00   4.111023e+00   6.362944e+01   7.779009e-01   2.313714e+03   8.057844e-01   6.450739e-02   2.396648e+03   1.918646e+02
   1.682770e+00   4.114450e+00   6.362944e+01   7.942714e-01   2.349256e+03   8.426139e-01   6.740911e-02   2.492241e+03   1.993793e+02
   1.688387e+00   4.120067e+00   6.362944e+01   8.209968e-01   2.406290e+03   8.638187e-01   6.908318e-02   2.531799e+03   2.024785e+02
   1.690196e+00   4.121876e+00   6.362944e+01   8.295033e-01   2.424129e+03   8.727471e-01   6.975280e-02   2.550504e+03   2.038447e+02
   1.697717e+00   4.129397e+00   6.362944e+01   8.638253e-01   2.494090e+03   8.984161e-01   7.187329e-02   2.593963e+03   2.075170e+02
   1.703524e+00   4.135204e+00   6.362944e+01   8.886069e-01   2.541954e+03   9.095766e-01   7.276613e-02   2.601940e+03   2.081552e+02
   1.706095e+00   4.137775e+00   6.362944e+01   8.989437e-01   2.561031e+03   9.318975e-01   7.455180e-02   2.654914e+03   2.123931e+02
   1.709998e+00   4.141678e+00   6.362944e+01   9.137762e-01   2.587227e+03   9.385937e-01   7.510982e-02   2.657494e+03   2.126627e+02
   1.713901e+00   4.145581e+00   6.362944e+01   9.274602e-01   2.609832e+03   9.374777e-01   7.499821e-02   2.638021e+03   2.110417e+02
   1.719518e+00   4.151198e+00   6.362944e+01   9.449408e-01   2.635646e+03   9.597986e-01   7.678389e-02   2.677088e+03   2.141670e+02
   1.722469e+00   4.154149e+00   6.362944e+01   9.530161e-01   2.645917e+03   9.564504e-01   7.656068e-02   2.655452e+03   2.125601e+02
   1.724373e+00   4.156053e+00   6.362944e+01   9.578070e-01   2.651323e+03   9.609146e-01   7.689549e-02   2.659925e+03   2.128558e+02
   1.736559e+00   4.168239e+00   6.362944e+01   9.805581e-01   2.663480e+03   9.352456e-01   7.477501e-02   2.540398e+03   2.031106e+02
   1.742176e+00   4.173856e+00   6.362944e+01   9.865210e-01   2.656633e+03   9.542184e-01   7.633747e-02   2.569644e+03   2.055715e+02
   1.743318e+00   4.174998e+00   6.362944e+01   9.874006e-01   2.654350e+03   9.430579e-01   7.544463e-02   2.535147e+03   2.028117e+02
   1.747031e+00   4.178711e+00   6.362944e+01   9.895132e-01   2.644970e+03   9.586825e-01   7.667228e-02   2.562560e+03   2.049451e+02
   1.752077e+00   4.183757e+00   6.362944e+01   9.906427e-01   2.627724e+03   9.486381e-01   7.589105e-02   2.516305e+03   2.013044e+02
   1.758360e+00   4.190040e+00   6.362944e+01   9.894803e-01   2.599786e+03   9.207370e-01   7.365896e-02   2.419168e+03   1.935335e+02
   1.761406e+00   4.193086e+00   6.362944e+01   9.879875e-01   2.583969e+03   9.129247e-01   7.298933e-02   2.387651e+03   1.908953e+02
   1.764167e+00   4.195847e+00   6.362944e+01   9.861577e-01   2.568501e+03   9.274333e-01   7.421698e-02   2.415550e+03   1.933021e+02
   1.768451e+00   4.200131e+00   6.362944e+01   9.824950e-01   2.542589e+03   8.995322e-01   7.198489e-02   2.327890e+03   1.862889e+02
   1.772640e+00   4.204320e+00   6.362944e+01   9.780412e-01   2.515291e+03   8.760952e-01   7.008762e-02   2.253110e+03   1.802488e+02
   1.777495e+00   4.209175e+00   6.362944e+01   9.719355e-01   2.481621e+03   8.816754e-01   7.053404e-02   2.251162e+03   1.800930e+02
   1.782351e+00   4.214031e+00   6.362944e+01   9.649615e-01   2.446186e+03   8.850236e-01   7.075724e-02   2.243542e+03   1.793702e+02
   1.784921e+00   4.216601e+00   6.362944e+01   9.609666e-01   2.426847e+03   8.459620e-01   6.763232e-02   2.136412e+03   1.708002e+02
   1.790633e+00   4.222313e+00   6.362944e+01   9.514579e-01   2.382769e+03   8.526583e-01   6.819034e-02   2.135342e+03   1.707715e+02
   1.795488e+00   4.227168e+00   6.362944e+01   9.428098e-01   2.344426e+03   8.593545e-01   6.874836e-02   2.136903e+03   1.709522e+02
   1.800534e+00   4.232214e+00   6.362944e+01   9.333969e-01   2.304054e+03   8.481941e-01   6.785553e-02   2.093735e+03   1.674988e+02
   1.800724e+00   4.232404e+00   6.362944e+01   9.330347e-01   2.302524e+03   8.359176e-01   6.685109e-02   2.062861e+03   1.649738e+02
   1.802819e+00   4.234499e+00   6.362944e+01   9.290214e-01   2.285674e+03   8.281053e-01   6.618146e-02   2.037390e+03   1.628265e+02
   1.805580e+00   4.237260e+00   6.362944e+01   9.236592e-01   2.263431e+03   8.392657e-01   6.718590e-02   2.056624e+03   1.646393e+02
   1.806532e+00   4.238212e+00   6.362944e+01   9.217937e-01   2.255759e+03   8.437299e-01   6.752071e-02   2.064725e+03   1.652327e+02
   1.809673e+00   4.241353e+00   6.362944e+01   9.155887e-01   2.230459e+03   8.292213e-01   6.629306e-02   2.020060e+03   1.614961e+02
   1.809673e+00   4.241353e+00   6.362944e+01   9.155887e-01   2.230459e+03   8.258732e-01   6.606986e-02   2.011904e+03   1.609523e+02
   1.813767e+00   4.245447e+00   6.362944e+01   9.074181e-01   2.197604e+03   8.135967e-01   6.506542e-02   1.970385e+03   1.575768e+02
   1.815671e+00   4.247351e+00   6.362944e+01   9.035965e-01   2.182393e+03   8.180609e-01   6.540023e-02   1.975805e+03   1.579566e+02
   1.816908e+00   4.248588e+00   6.362944e+01   9.011083e-01   2.172537e+03   8.035523e-01   6.428418e-02   1.937333e+03   1.549867e+02
   1.817765e+00   4.249445e+00   6.362944e+01   8.993844e-01   2.165730e+03   8.102486e-01   6.484221e-02   1.951089e+03   1.561409e+02
   1.826714e+00   4.258394e+00   6.362944e+01   8.814235e-01   2.095653e+03   8.024363e-01   6.417258e-02   1.907855e+03   1.525753e+02
   1.831569e+00   4.263249e+00   6.362944e+01   8.718245e-01   2.058666e+03   8.057844e-01   6.439579e-02   1.902724e+03   1.520598e+02
   1.835473e+00   4.267153e+00   6.362944e+01   8.642662e-01   2.029645e+03   8.091325e-01   6.473060e-02   1.900169e+03   1.520135e+02


   1.423443e+00   3.855123e+00   1.213319e+02   1.517425e-01   7.288025e+02   1.509395e-01   1.207516e-02   7.249457e+02   5.799566e+01
   1.427251e+00   3.858931e+00   1.213319e+02   1.512497e-01   7.205222e+02   1.530215e-01   1.228335e-02   7.289626e+02   5.851536e+01
   1.430107e+00   3.861787e+00   1.213319e+02   1.508811e-01   7.143906e+02   1.571853e-01   1.259564e-02   7.442399e+02   5.963777e+01
   1.434296e+00   3.865976e+00   1.213319e+02   1.503418e-01   7.055166e+02   1.488576e-01   1.197107e-02   6.985517e+02   5.617723e+01
   1.439151e+00   3.870831e+00   1.213319e+02   1.497185e-01   6.954031e+02   1.509395e-01   1.207516e-02   7.010746e+02   5.608597e+01
   1.439247e+00   3.870927e+00   1.213319e+02   1.497063e-01   6.952066e+02   1.457347e-01   1.165878e-02   6.767636e+02   5.414109e+01
   1.447148e+00   3.878828e+00   1.213319e+02   1.486946e-01   6.791328e+02   1.457347e-01   1.165878e-02   6.656141e+02   5.324913e+01
   1.449909e+00   3.881589e+00   1.213319e+02   1.483416e-01   6.736235e+02   1.530215e-01   1.228335e-02   6.948748e+02   5.577907e+01
   1.458953e+00   3.890633e+00   1.213319e+02   1.471852e-01   6.559442e+02   1.457347e-01   1.165878e-02   6.494799e+02   5.195839e+01
   1.460857e+00   3.892537e+00   1.213319e+02   1.469415e-01   6.522916e+02   1.478166e-01   1.176287e-02   6.561764e+02   5.221685e+01
   1.463808e+00   3.895488e+00   1.213319e+02   1.465635e-01   6.466762e+02   1.488576e-01   1.186697e-02   6.567986e+02   5.236017e+01
   1.463904e+00   3.895584e+00   1.213319e+02   1.465512e-01   6.464960e+02   1.436528e-01   1.145058e-02   6.337097e+02   5.051309e+01
   1.465998e+00   3.897678e+00   1.213319e+02   1.462826e-01   6.425453e+02   1.384480e-01   1.113830e-02   6.081318e+02   4.892489e+01
   1.468568e+00   3.900248e+00   1.213319e+02   1.459524e-01   6.377337e+02   1.519805e-01   1.217926e-02   6.640731e+02   5.321682e+01
   1.469806e+00   3.901486e+00   1.213319e+02   1.457932e-01   6.354313e+02   1.436528e-01   1.155468e-02   6.261023e+02   5.036040e+01
   1.475709e+00   3.907389e+00   1.213319e+02   1.450317e-01   6.245744e+02   1.446938e-01   1.155468e-02   6.231189e+02   4.975985e+01
   1.478660e+00   3.910340e+00   1.213319e+02   1.446493e-01   6.192204e+02   1.426118e-01   1.134649e-02   6.104985e+02   4.857251e+01
   1.486561e+00   3.918241e+00   1.213319e+02   1.436178e-01   6.051174e+02   1.405299e-01   1.124239e-02   5.921069e+02   4.736855e+01
   1.491417e+00   3.923097e+00   1.213319e+02   1.429774e-01   5.966103e+02   1.426118e-01   1.134649e-02   5.950847e+02   4.734616e+01
   1.492654e+00   3.924334e+00   1.213319e+02   1.428132e-01   5.944601e+02   1.363661e-01   1.093010e-02   5.676237e+02   4.549656e+01
   1.495320e+00   3.927000e+00   1.213319e+02   1.424582e-01   5.898536e+02   1.436528e-01   1.155468e-02   5.947999e+02   4.784260e+01
   1.498462e+00   3.930142e+00   1.213319e+02   1.420370e-01   5.844663e+02   1.394889e-01   1.113830e-02   5.739812e+02   4.583283e+01
   1.506363e+00   3.938043e+00   1.213319e+02   1.409628e-01   5.711048e+02   1.374070e-01   1.103420e-02   5.566986e+02   4.470458e+01
   1.508267e+00   3.939947e+00   1.213319e+02   1.407004e-01   5.679232e+02   1.394889e-01   1.113830e-02   5.630333e+02   4.495863e+01
   1.510171e+00   3.941851e+00   1.213319e+02   1.404364e-01   5.647555e+02   1.405299e-01   1.124239e-02   5.651316e+02   4.521053e+01
   1.511218e+00   3.942898e+00   1.213319e+02   1.402905e-01   5.630191e+02   1.363661e-01   1.093010e-02   5.472694e+02   4.386510e+01
   1.512266e+00   3.943946e+00   1.213319e+02   1.401441e-01   5.612867e+02   1.342841e-01   1.072191e-02   5.378171e+02   4.294199e+01
   1.515122e+00   3.946802e+00   1.213319e+02   1.397422e-01   5.565820e+02   1.405299e-01   1.124239e-02   5.597194e+02   4.477755e+01
   1.515312e+00   3.946992e+00   1.213319e+02   1.397152e-01   5.562693e+02   1.332432e-01   1.061782e-02   5.305011e+02   4.227431e+01
   1.519025e+00   3.950705e+00   1.213319e+02   1.391861e-01   5.501973e+02   1.394889e-01   1.113830e-02   5.513944e+02   4.402925e+01
   1.522928e+00   3.954608e+00   1.213319e+02   1.386215e-01   5.438613e+02   1.405299e-01   1.124239e-02   5.513486e+02   4.410789e+01
   1.523119e+00   3.954799e+00   1.213319e+02   1.385938e-01   5.435535e+02   1.363661e-01   1.093010e-02   5.348166e+02   4.286698e+01
   1.526831e+00   3.958511e+00   1.213319e+02   1.380476e-01   5.375705e+02   1.415709e-01   1.134649e-02   5.512903e+02   4.418429e+01
   1.531972e+00   3.963652e+00   1.213319e+02   1.372761e-01   5.293473e+02   1.342841e-01   1.072191e-02   5.178099e+02   4.134451e+01
   1.541778e+00   3.973458e+00   1.213319e+02   1.357480e-01   5.138284e+02   1.353251e-01   1.082601e-02   5.122274e+02   4.097819e+01
   1.549489e+00   3.981169e+00   1.213319e+02   1.344856e-01   5.017424e+02   1.394889e-01   1.113830e-02   5.204091e+02   4.155506e+01
   1.552726e+00   3.984406e+00   1.213319e+02   1.339374e-01   4.966915e+02   1.311612e-01   1.051372e-02   4.863965e+02   3.898892e+01
   1.554535e+00   3.986215e+00   1.213319e+02   1.336260e-01   4.938733e+02   1.363661e-01   1.093010e-02   5.040004e+02   4.039698e+01
   1.560533e+00   3.992213e+00   1.213319e+02   1.325656e-01   4.845445e+02   1.322022e-01   1.061782e-02   4.832164e+02   3.880950e+01
   1.563484e+00   3.995164e+00   1.213319e+02   1.320270e-01   4.799595e+02   1.342841e-01   1.072191e-02   4.881647e+02   3.897750e+01
   1.567387e+00   3.999067e+00   1.213319e+02   1.312965e-01   4.738965e+02   1.353251e-01   1.082601e-02   4.884371e+02   3.907496e+01
   1.570529e+00   4.002209e+00   1.213319e+02   1.306926e-01   4.690145e+02   1.280384e-01   1.022225e-02   4.594893e+02   3.668443e+01
   1.573385e+00   4.005065e+00   1.213319e+02   1.301305e-01   4.645727e+02   1.290793e-01   1.035757e-02   4.608198e+02   3.697707e+01
   1.576336e+00   4.008016e+00   1.213319e+02   1.295361e-01   4.599772e+02   1.301203e-01   1.040962e-02   4.620515e+02   3.696412e+01
   1.580239e+00   4.011919e+00   1.213319e+02   1.287276e-01   4.538872e+02   1.290793e-01   1.031594e-02   4.551274e+02   3.637349e+01
   1.583190e+00   4.014870e+00   1.213319e+02   1.280986e-01   4.492710e+02   1.311612e-01   1.040962e-02   4.600125e+02   3.650893e+01
   1.588046e+00   4.019726e+00   1.213319e+02   1.270287e-01   4.416496e+02   1.322022e-01   1.051372e-02   4.596366e+02   3.655378e+01
   1.590140e+00   4.021820e+00   1.213319e+02   1.265532e-01   4.383499e+02   1.280384e-01   1.023266e-02   4.434941e+02   3.544348e+01
   1.596042e+00   4.027722e+00   1.213319e+02   1.251653e-01   4.290054e+02   1.259564e-01   1.010774e-02   4.317169e+02   3.464439e+01
   1.598137e+00   4.029817e+00   1.213319e+02   1.246553e-01   4.256719e+02   1.238745e-01   9.878732e-03   4.230056e+02   3.373381e+01
   1.602040e+00   4.033720e+00   1.213319e+02   1.236793e-01   4.194322e+02   1.228335e-01   9.795455e-03   4.165641e+02   3.321922e+01
   1.602992e+00   4.034672e+00   1.213319e+02   1.234361e-01   4.179047e+02   1.249155e-01   9.972418e-03   4.229133e+02   3.376258e+01
   1.604896e+00   4.036576e+00   1.213319e+02   1.229436e-01   4.148430e+02   1.259564e-01   1.010774e-02   4.250091e+02   3.410610e+01
   1.605087e+00   4.036767e+00   1.213319e+02   1.228939e-01   4.145363e+02   1.217926e-01   9.753816e-03   4.108215e+02   3.290083e+01
   1.608799e+00   4.040479e+00   1.213319e+02   1.219079e-01   4.085372e+02   1.290793e-01   1.033676e-02   4.325699e+02   3.464048e+01
   1.614702e+00   4.046382e+00   1.213319e+02   1.202742e-01   3.989252e+02   1.290793e-01   1.034716e-02   4.281299e+02   3.431944e+01
   1.619652e+00   4.051332e+00   1.213319e+02   1.188406e-01   3.907928e+02   1.280384e-01   1.021184e-02   4.210387e+02   3.358040e+01
   1.619938e+00   4.051618e+00   1.213319e+02   1.187561e-01   3.903218e+02   1.176287e-01   9.451937e-03   3.866165e+02   3.106617e+01
   1.623841e+00   4.055521e+00   1.213319e+02   1.175824e-01   3.838637e+02   1.165878e-01   9.316612e-03   3.806167e+02   3.041535e+01
   1.624508e+00   4.056188e+00   1.213319e+02   1.173785e-01   3.827576e+02   1.290793e-01   1.034716e-02   4.209128e+02   3.374091e+01
   1.627554e+00   4.059234e+00   1.213319e+02   1.164333e-01   3.776888e+02   1.259564e-01   1.003488e-02   4.085800e+02   3.255133e+01
   1.628792e+00   4.060472e+00   1.213319e+02   1.160434e-01   3.756243e+02   1.165878e-01   9.368660e-03   3.773863e+02   3.032568e+01
   1.629077e+00   4.060757e+00   1.213319e+02   1.159530e-01   3.751475e+02   1.040962e-01   8.327698e-03   3.367868e+02   2.694295e+01
   1.632600e+00   4.064280e+00   1.213319e+02   1.148229e-01   3.692555e+02   1.207516e-01   9.680949e-03   3.883215e+02   3.113267e+01
   1.635932e+00   4.067612e+00   1.213319e+02   1.137303e-01   3.636666e+02   1.061782e-01   8.515071e-03   3.395176e+02   2.722798e+01
   1.638312e+00   4.069992e+00   1.213319e+02   1.129368e-01   3.596688e+02   1.290793e-01   1.031594e-02   4.110776e+02   3.285306e+01
   1.640977e+00   4.072657e+00   1.213319e+02   1.120361e-01   3.551888e+02   9.972418e-02   7.973771e-03   3.161561e+02   2.527929e+01
   1.641453e+00   4.073133e+00   1.213319e+02   1.118741e-01   3.543888e+02   1.207516e-01   9.639311e-03   3.825106e+02   3.053490e+01
   1.643833e+00   4.075513e+00   1.213319e+02   1.110585e-01   3.503904e+02   1.061782e-01   8.515071e-03   3.349929e+02   2.686512e+01
   1.646213e+00   4.077893e+00   1.213319e+02   1.102350e-01   3.463969e+02   1.269974e-01   1.013897e-02   3.990703e+02   3.186020e+01
   1.651735e+00   4.083415e+00   1.213319e+02   1.083003e-01   3.371711e+02   1.020143e-01   8.161144e-03   3.176008e+02   2.540807e+01
   1.655733e+00   4.087413e+00   1.213319e+02   1.068860e-01   3.305477e+02   9.930780e-02   7.942542e-03   3.071120e+02   2.456253e+01
   1.662588e+00   4.094268e+00   1.213319e+02   1.044591e-01   3.193768e+02   1.010774e-01   8.077867e-03   3.090377e+02   2.469756e+01
   1.666681e+00   4.098361e+00   1.213319e+02   1.030234e-01   3.128597e+02   9.597672e-02   7.682301e-03   2.914604e+02   2.332948e+01
   1.673441e+00   4.105121e+00   1.213319e+02   1.007082e-01   3.024437e+02   9.889141e-02   7.911313e-03   2.969876e+02   2.375901e+01
   1.673631e+00   4.105311e+00   1.213319e+02   1.006444e-01   3.021576e+02   9.160468e-02   7.328374e-03   2.750184e+02   2.200147e+01
   1.684294e+00   4.115974e+00   1.213319e+02   9.724690e-02   2.869211e+02   9.951599e-02   7.963361e-03   2.936159e+02   2.349541e+01
   1.685436e+00   4.117116e+00   1.213319e+02   9.690789e-02   2.853914e+02   9.451937e-02   7.557386e-03   2.783573e+02   2.225632e+01
   1.688387e+00   4.120067e+00   1.213319e+02   9.605915e-02   2.815434e+02   9.170878e-02   7.338784e-03   2.687927e+02   2.150952e+01
   1.694290e+00   4.125970e+00   1.213319e+02   9.449070e-02   2.743238e+02   9.347841e-02   7.474109e-03   2.713849e+02   2.169871e+01
   1.699240e+00   4.130920e+00   1.213319e+02   9.332304e-02   2.687919e+02   9.181287e-02   7.338784e-03   2.644423e+02   2.113739e+01
   1.703143e+00   4.134823e+00   1.213319e+02   9.250584e-02   2.647833e+02   9.181287e-02   7.349194e-03   2.627998e+02   2.103590e+01
   1.707142e+00   4.138822e+00   1.213319e+02   9.176797e-02   2.610065e+02   8.848179e-02   7.078543e-03   2.516600e+02   2.013280e+01
   1.710188e+00   4.141868e+00   1.213319e+02   9.127487e-02   2.583539e+02   8.681625e-02   6.943218e-03   2.457338e+02   1.965281e+01
   1.715996e+00   4.147676e+00   1.213319e+02   9.050180e-02   2.538295e+02   8.858589e-02   7.088953e-03   2.484560e+02   1.988232e+01
   1.719899e+00   4.151579e+00   1.213319e+02   9.010398e-02   2.511697e+02   8.973095e-02   7.182640e-03   2.501298e+02   2.002199e+01
   1.723897e+00   4.155577e+00   1.213319e+02   8.979491e-02   2.487476e+02   8.858589e-02   7.088953e-03   2.453984e+02   1.963764e+01
   1.726944e+00   4.158624e+00   1.213319e+02   8.962369e-02   2.470972e+02   8.587939e-02   6.870351e-03   2.367740e+02   1.894192e+01
   1.734655e+00   4.166335e+00   1.213319e+02   8.942064e-02   2.436072e+02   8.931456e-02   7.141001e-03   2.433182e+02   1.945411e+01
   1.745508e+00   4.177188e+00   1.213319e+02   8.961456e-02   2.400978e+02   8.941866e-02   7.151411e-03   2.395729e+02   1.916026e+01
   1.747507e+00   4.179187e+00   1.213319e+02   8.970072e-02   2.395961e+02   8.775312e-02   7.016086e-03   2.343939e+02   1.874039e+01
   1.751410e+00   4.183090e+00   1.213319e+02   8.990600e-02   2.387213e+02   8.775312e-02   7.016086e-03   2.330049e+02   1.862933e+01
   1.759407e+00   4.191087e+00   1.213319e+02   9.045212e-02   2.372810e+02   8.504662e-02   6.797484e-03   2.231008e+02   1.783168e+01


   1.421158e+00   3.852838e+00   1.483817e+02   9.481427e-02   4.576290e+02   8.879920e-02   7.105834e-03   4.285968e+02   3.429690e+01
   1.423158e+00   3.854838e+00   1.483817e+02   9.455438e-02   4.544132e+02   8.775562e-02   7.020450e-03   4.217395e+02   3.373916e+01
   1.424776e+00   3.856456e+00   1.483817e+02   9.434407e-02   4.518278e+02   9.961449e-02   7.997620e-03   4.770686e+02   3.830179e+01
   1.429727e+00   3.861407e+00   1.483817e+02   9.370119e-02   4.440166e+02   9.866578e-02   7.874288e-03   4.675420e+02   3.731345e+01
   1.433725e+00   3.865405e+00   1.483817e+02   9.318243e-02   4.378130e+02   9.581965e-02   7.665572e-03   4.502039e+02   3.601631e+01
   1.444578e+00   3.876258e+00   1.483817e+02   9.177668e-02   4.214359e+02   9.325814e-02   7.456856e-03   4.282387e+02   3.424167e+01
   1.446577e+00   3.878257e+00   1.483817e+02   9.151815e-02   4.184910e+02   9.164533e-02   7.333524e-03   4.190725e+02   3.353448e+01
   1.451432e+00   3.883112e+00   1.483817e+02   9.089093e-02   4.114300e+02   9.268891e-02   7.418908e-03   4.195688e+02   3.358268e+01
   1.455431e+00   3.887111e+00   1.483817e+02   9.037518e-02   4.057109e+02   9.060175e-02   7.248140e-03   4.067280e+02   3.253824e+01
   1.459429e+00   3.891109e+00   1.483817e+02   8.986025e-02   4.000770e+02   8.804023e-02   7.039424e-03   3.919739e+02   3.134102e+01
   1.460381e+00   3.892061e+00   1.483817e+02   8.973778e-02   3.987481e+02   9.012739e-02   7.210192e-03   4.004793e+02   3.203834e+01
   1.461238e+00   3.892918e+00   1.483817e+02   8.962761e-02   3.975561e+02   9.335301e-02   7.466343e-03   4.140806e+02   3.311804e+01
   1.464284e+00   3.895964e+00   1.483817e+02   8.923627e-02   3.933492e+02   9.174020e-02   7.343011e-03   4.043864e+02   3.236764e+01
   1.468188e+00   3.899868e+00   1.483817e+02   8.873587e-02   3.880298e+02   9.022227e-02   7.219679e-03   3.945296e+02   3.157067e+01
   1.474090e+00   3.905770e+00   1.483817e+02   8.798168e-02   3.801355e+02   8.860946e-02   7.096346e-03   3.828479e+02   3.066063e+01
   1.477993e+00   3.909673e+00   1.483817e+02   8.748493e-02   3.750135e+02   8.974791e-02   7.181730e-03   3.847140e+02   3.078525e+01
   1.480945e+00   3.912625e+00   1.483817e+02   8.711058e-02   3.711925e+02   9.136072e-02   7.305063e-03   3.893030e+02   3.112807e+01
   1.481992e+00   3.913672e+00   1.483817e+02   8.697803e-02   3.698473e+02   8.927356e-02   7.143782e-03   3.796083e+02   3.037674e+01
   1.483991e+00   3.915671e+00   1.483817e+02   8.672542e-02   3.672949e+02   8.661717e-02   6.925579e-03   3.668364e+02   2.933084e+01
   1.486847e+00   3.918527e+00   1.483817e+02   8.636565e-02   3.636840e+02   8.822998e-02   7.058398e-03   3.715347e+02   2.972277e+01
   1.490846e+00   3.922526e+00   1.483817e+02   8.586438e-02   3.586990e+02   8.822998e-02   7.058398e-03   3.685813e+02   2.948650e+01
   1.494749e+00   3.926429e+00   1.483817e+02   8.537814e-02   3.539120e+02   8.775562e-02   7.020450e-03   3.637672e+02   2.910137e+01
   1.496748e+00   3.928428e+00   1.483817e+02   8.513043e-02   3.514906e+02   8.453001e-02   6.764298e-03   3.490115e+02   2.792876e+01
   1.497700e+00   3.929380e+00   1.483817e+02   8.501281e-02   3.503448e+02   8.728127e-02   6.982501e-03   3.596933e+02   2.877546e+01
   1.500556e+00   3.932236e+00   1.483817e+02   8.466139e-02   3.469359e+02   8.936843e-02   7.153269e-03   3.662250e+02   2.931355e+01
   1.502555e+00   3.934235e+00   1.483817e+02   8.441677e-02   3.445751e+02   8.728127e-02   6.982501e-03   3.562675e+02   2.850140e+01
   1.504650e+00   3.936330e+00   1.483817e+02   8.416180e-02   3.421246e+02   8.405565e-02   6.726350e-03   3.416931e+02   2.734316e+01
   1.506554e+00   3.938234e+00   1.483817e+02   8.393124e-02   3.399171e+02   8.566846e-02   6.859169e-03   3.469527e+02   2.777927e+01
   1.510457e+00   3.942137e+00   1.483817e+02   8.346266e-02   3.354527e+02   8.680691e-02   6.944553e-03   3.488939e+02   2.791151e+01
   1.512361e+00   3.944041e+00   1.483817e+02   8.323622e-02   3.333050e+02   8.785049e-02   7.029937e-03   3.517821e+02   2.815016e+01
   1.515407e+00   3.947087e+00   1.483817e+02   8.287717e-02   3.299105e+02   8.576333e-02   6.859169e-03   3.413995e+02   2.730441e+01
   1.518359e+00   3.950039e+00   1.483817e+02   8.253346e-02   3.266717e+02   8.367617e-02   6.697888e-03   3.311946e+02   2.651058e+01
   1.521310e+00   3.952990e+00   1.483817e+02   8.219424e-02   3.234826e+02   8.471975e-02   6.783272e-03   3.334220e+02   2.669616e+01
   1.522262e+00   3.953942e+00   1.483817e+02   8.208584e-02   3.224647e+02   8.633256e-02   6.906605e-03   3.391475e+02   2.713180e+01
   1.524261e+00   3.955941e+00   1.483817e+02   8.185993e-02   3.203444e+02   8.367617e-02   6.697888e-03   3.274520e+02   2.621101e+01
   1.525308e+00   3.956988e+00   1.483817e+02   8.174258e-02   3.192433e+02   8.101978e-02   6.489172e-03   3.164205e+02   2.534328e+01
   1.527212e+00   3.958892e+00   1.483817e+02   8.153103e-02   3.172582e+02   8.528898e-02   6.830708e-03   3.318814e+02   2.658004e+01
   1.531020e+00   3.962700e+00   1.483817e+02   8.111546e-02   3.133549e+02   8.642743e-02   6.916092e-03   3.338754e+02   2.671736e+01
   1.531115e+00   3.962795e+00   1.483817e+02   8.110521e-02   3.132585e+02   8.272746e-02   6.612505e-03   3.195242e+02   2.553995e+01
   1.534923e+00   3.966603e+00   1.483817e+02   8.070102e-02   3.094493e+02   9.012739e-02   7.210192e-03   3.455948e+02   2.764759e+01
   1.535019e+00   3.966699e+00   1.483817e+02   8.069107e-02   3.093552e+02   8.434027e-02   6.745324e-03   3.233456e+02   2.586037e+01
   1.535971e+00   3.967651e+00   1.483817e+02   8.059199e-02   3.084183e+02   8.642743e-02   6.916092e-03   3.307499e+02   2.646726e+01
   1.543872e+00   3.975552e+00   1.483817e+02   7.980295e-02   3.008796e+02   8.490949e-02   6.792759e-03   3.201327e+02   2.561062e+01
   1.544920e+00   3.976600e+00   1.483817e+02   7.970329e-02   2.999136e+02   8.225311e-02   6.584043e-03   3.095082e+02   2.477494e+01
   1.547871e+00   3.979551e+00   1.483817e+02   7.942938e-02   2.972349e+02   8.120953e-02   6.498660e-03   3.038965e+02   2.431882e+01
   1.550822e+00   3.982502e+00   1.483817e+02   7.916641e-02   2.946226e+02   7.969159e-02   6.375327e-03   2.965771e+02   2.372617e+01
   1.553773e+00   3.985453e+00   1.483817e+02   7.891535e-02   2.920792e+02   8.177875e-02   6.546095e-03   3.026771e+02   2.422821e+01
   1.559581e+00   3.991261e+00   1.483817e+02   7.846015e-02   2.872866e+02   8.130440e-02   6.508147e-03   2.977010e+02   2.382997e+01
   1.564531e+00   3.996211e+00   1.483817e+02   7.811827e-02   2.834382e+02   8.291720e-02   6.631479e-03   3.008502e+02   2.406113e+01
   1.569481e+00   4.001161e+00   1.483817e+02   7.782536e-02   2.798254e+02   8.035569e-02   6.422763e-03   2.889234e+02   2.309340e+01
   1.573385e+00   4.005065e+00   1.483817e+02   7.763342e-02   2.771553e+02   7.978646e-02   6.384814e-03   2.848418e+02   2.279411e+01
   1.577288e+00   4.008968e+00   1.483817e+02   7.747989e-02   2.746532e+02   7.988133e-02   6.384814e-03   2.831659e+02   2.263310e+01
   1.582238e+00   4.013918e+00   1.483817e+02   7.734682e-02   2.717388e+02   8.045056e-02   6.432250e-03   2.826430e+02   2.259811e+01
   1.589093e+00   4.020773e+00   1.483817e+02   7.729230e-02   2.682240e+02   8.045056e-02   6.441737e-03   2.791840e+02   2.235447e+01
   1.596899e+00   4.028579e+00   1.483817e+02   7.744518e-02   2.650405e+02   8.215824e-02   6.574556e-03   2.811699e+02   2.250009e+01
   1.601755e+00   4.033435e+00   1.483817e+02   7.767434e-02   2.635490e+02   8.272746e-02   6.612505e-03   2.806943e+02   2.243623e+01
   1.606705e+00   4.038385e+00   1.483817e+02   7.802832e-02   2.624511e+02   8.272746e-02   6.621992e-03   2.782569e+02   2.227331e+01
   1.610608e+00   4.042288e+00   1.483817e+02   7.840161e-02   2.619079e+02   8.272746e-02   6.621992e-03   2.763588e+02   2.212138e+01
   1.617463e+00   4.049143e+00   1.483817e+02   7.927981e-02   2.616948e+02   8.329669e-02   6.669427e-03   2.749541e+02   2.201512e+01
   1.621271e+00   4.052951e+00   1.483817e+02   7.990162e-02   2.620113e+02   8.500436e-02   6.792759e-03   2.787441e+02   2.227464e+01
   1.626126e+00   4.057806e+00   1.483817e+02   8.084556e-02   2.628937e+02   8.813510e-02   7.058398e-03   2.865979e+02   2.295251e+01
   1.630029e+00   4.061709e+00   1.483817e+02   8.173515e-02   2.640095e+02   8.822998e-02   7.058398e-03   2.849881e+02   2.279905e+01
   1.632980e+00   4.064660e+00   1.483817e+02   8.248923e-02   2.651019e+02   8.984278e-02   7.181730e-03   2.887346e+02   2.308047e+01
   1.636884e+00   4.068564e+00   1.483817e+02   8.359883e-02   2.668842e+02   9.088636e-02   7.276601e-03   2.901492e+02   2.323011e+01
   1.637740e+00   4.069420e+00   1.483817e+02   8.385996e-02   2.673276e+02   9.468120e-02   7.570701e-03   3.018234e+02   2.413378e+01
   1.641739e+00   4.073419e+00   1.483817e+02   8.516423e-02   2.696482e+02   9.306839e-02   7.447369e-03   2.946745e+02   2.357997e+01
   1.642596e+00   4.074276e+00   1.483817e+02   8.546231e-02   2.701995e+02   9.581965e-02   7.656085e-03   3.029455e+02   2.420565e+01
   1.648308e+00   4.079988e+00   1.483817e+02   8.762031e-02   2.743637e+02   1.034093e-01   8.253772e-03   3.238035e+02   2.584486e+01
   1.651449e+00   4.083129e+00   1.483817e+02   8.893484e-02   2.770133e+02   9.581965e-02   7.665572e-03   2.984580e+02   2.387664e+01
   1.658209e+00   4.089889e+00   1.483817e+02   9.206867e-02   2.835513e+02   1.015119e-01   8.092491e-03   3.126344e+02   2.492310e+01
   1.667919e+00   4.099599e+00   1.483817e+02   9.726651e-02   2.947742e+02   1.053067e-01   8.434027e-03   3.191408e+02   2.556001e+01
   1.680390e+00   4.112070e+00   1.483817e+02   1.049457e-01   3.116081e+02   1.138451e-01   9.126585e-03   3.380324e+02   2.709893e+01
   1.680486e+00   4.112166e+00   1.483817e+02   1.050077e-01   3.117436e+02   1.109990e-01   8.870433e-03   3.295305e+02   2.633427e+01
   1.683342e+00   4.115022e+00   1.483817e+02   1.068833e-01   3.158406e+02   1.157425e-01   9.297352e-03   3.420198e+02   2.747372e+01
   1.687150e+00   4.118830e+00   1.483817e+02   1.094263e-01   3.213643e+02   1.195374e-01   9.581965e-03   3.510587e+02   2.814042e+01
   1.688197e+00   4.119877e+00   1.483817e+02   1.101318e-01   3.228887e+02   1.147938e-01   9.174020e-03   3.365572e+02   2.689676e+01
   1.697907e+00   4.129587e+00   1.483817e+02   1.167087e-01   3.368659e+02   1.204861e-01   9.581965e-03   3.477688e+02   2.765721e+01
   1.703715e+00   4.135395e+00   1.483817e+02   1.205794e-01   3.448254e+02   1.214348e-01   9.771707e-03   3.472718e+02   2.794452e+01
   1.707713e+00   4.139393e+00   1.483817e+02   1.231705e-01   3.500044e+02   1.204861e-01   9.581965e-03   3.423762e+02   2.722835e+01
   1.710664e+00   4.142344e+00   1.483817e+02   1.250297e-01   3.536307e+02   1.214348e-01   9.676836e-03   3.434630e+02   2.736971e+01
   1.714568e+00   4.146248e+00   1.483817e+02   1.274040e-01   3.581330e+02   1.223835e-01   9.771707e-03   3.440204e+02   2.746829e+01
   1.719423e+00   4.151103e+00   1.483817e+02   1.302009e-01   3.632129e+02   1.223835e-01   9.866578e-03   3.414053e+02   2.752415e+01
   1.720280e+00   4.151960e+00   1.483817e+02   1.306746e-01   3.640452e+02   1.271271e-01   1.015119e-02   3.541621e+02   2.828011e+01
   1.723326e+00   4.155006e+00   1.483817e+02   1.323072e-01   3.668413e+02   1.242809e-01   9.961449e-03   3.445872e+02   2.761958e+01
   1.727229e+00   4.158909e+00   1.483817e+02   1.342757e-01   3.700407e+02   1.242809e-01   9.961449e-03   3.424968e+02   2.745203e+01
   1.730180e+00   4.161860e+00   1.483817e+02   1.356680e-01   3.721671e+02   1.252296e-01   9.961449e-03   3.435324e+02   2.732644e+01
   1.735131e+00   4.166811e+00   1.483817e+02   1.378116e-01   3.751619e+02   1.223835e-01   9.771707e-03   3.331624e+02   2.660134e+01
   1.737321e+00   4.169001e+00   1.483817e+02   1.386821e-01   3.762588e+02   1.138451e-01   9.069662e-03   3.088736e+02   2.460693e+01
   1.746841e+00   4.178521e+00   1.483817e+02   1.419184e-01   3.794583e+02   1.242809e-01   9.961449e-03   3.322997e+02   2.663471e+01
   1.747126e+00   4.178806e+00   1.483817e+02   1.420020e-01   3.795165e+02   1.128964e-01   9.041201e-03   3.017285e+02   2.416363e+01
   1.751791e+00   4.183471e+00   1.483817e+02   1.432622e-01   3.801742e+02   1.233322e-01   9.866578e-03   3.272862e+02   2.618290e+01
   1.756837e+00   4.188517e+00   1.483817e+02   1.444108e-01   3.803029e+02   1.176400e-01   9.420685e-03   3.098024e+02   2.480918e+01


   1.419826e+00   3.851506e+00   1.656524e+02   7.917178e-02   3.832301e+02   8.706851e-02   6.961768e-03   4.214542e+02   3.369836e+01
   1.423634e+00   3.855314e+00   1.656524e+02   7.869893e-02   3.778274e+02   9.022451e-02   7.221674e-03   4.331608e+02   3.467069e+01
   1.432487e+00   3.864167e+00   1.656524e+02   7.760950e-02   3.656055e+02   8.873934e-02   7.101003e-03   4.180363e+02   3.345165e+01
   1.433630e+00   3.865310e+00   1.656524e+02   7.747004e-02   3.640628e+02   8.187039e-02   6.553344e-03   3.847418e+02   3.079679e+01
   1.438580e+00   3.870260e+00   1.656524e+02   7.686900e-02   3.574676e+02   8.187039e-02   6.553344e-03   3.807258e+02   3.047533e+01
   1.446387e+00   3.878067e+00   1.656524e+02   7.593318e-02   3.473630e+02   8.140627e-02   6.516215e-03   3.724002e+02   2.980900e+01
   1.453241e+00   3.884921e+00   1.656524e+02   7.512550e-02   3.387884e+02   8.047804e-02   6.432674e-03   3.629264e+02   2.900900e+01
   1.460096e+00   3.891776e+00   1.656524e+02   7.433331e-02   3.304931e+02   8.001392e-02   6.395544e-03   3.557497e+02   2.843521e+01
   1.466950e+00   3.898630e+00   1.656524e+02   7.355932e-02   3.224798e+02   8.001392e-02   6.404827e-03   3.507764e+02   2.807839e+01
   1.471901e+00   3.903581e+00   1.656524e+02   7.301346e-02   3.168702e+02   8.057086e-02   6.451238e-03   3.496685e+02   2.799765e+01
   1.479707e+00   3.911387e+00   1.656524e+02   7.217884e-02   3.083339e+02   8.066369e-02   6.451238e-03   3.445795e+02   2.755843e+01
   1.485609e+00   3.917289e+00   1.656524e+02   7.157250e-02   3.021380e+02   8.019957e-02   6.414109e-03   3.385565e+02   2.707669e+01
   1.493321e+00   3.925001e+00   1.656524e+02   7.081840e-02   2.943916e+02   8.289145e-02   6.627603e-03   3.445792e+02   2.755090e+01
   1.493416e+00   3.925096e+00   1.656524e+02   7.080939e-02   2.942985e+02   7.917851e-02   6.330568e-03   3.290823e+02   2.631115e+01
   1.497414e+00   3.929094e+00   1.656524e+02   7.043825e-02   2.904457e+02   7.760051e-02   6.209897e-03   3.199787e+02   2.560595e+01
   1.500461e+00   3.932141e+00   1.656524e+02   7.016557e-02   2.875870e+02   7.500145e-02   5.996403e-03   3.074078e+02   2.457741e+01
   1.504364e+00   3.936044e+00   1.656524e+02   6.983010e-02   2.840242e+02   7.611533e-02   6.089226e-03   3.095884e+02   2.476707e+01
   1.508267e+00   3.939947e+00   1.656524e+02   6.951169e-02   2.805770e+02   7.611533e-02   6.089226e-03   3.072320e+02   2.457856e+01
   1.514170e+00   3.945850e+00   1.656524e+02   6.906629e-02   2.755939e+02   7.565121e-02   6.052097e-03   3.018696e+02   2.414957e+01
   1.519025e+00   3.950705e+00   1.656524e+02   6.873652e-02   2.717128e+02   7.518709e-02   6.014968e-03   2.972117e+02   2.377693e+01
   1.524927e+00   3.956607e+00   1.656524e+02   6.838636e-02   2.672761e+02   7.620815e-02   6.098509e-03   2.978462e+02   2.383495e+01
   1.534733e+00   3.966413e+00   1.656524e+02   6.794945e-02   2.606473e+02   7.268086e-02   5.810756e-03   2.787965e+02   2.228948e+01
   1.540636e+00   3.972316e+00   1.656524e+02   6.778955e-02   2.571473e+02   7.268086e-02   5.810756e-03   2.757016e+02   2.204204e+01
   1.547490e+00   3.979170e+00   1.656524e+02   6.771942e-02   2.535954e+02   7.323780e-02   5.857167e-03   2.742606e+02   2.193389e+01
   1.553392e+00   3.985072e+00   1.656524e+02   6.777373e-02   2.510198e+02   7.063874e-02   5.652956e-03   2.616312e+02   2.093737e+01
   1.558343e+00   3.990023e+00   1.656524e+02   6.791273e-02   2.492360e+02   7.175262e-02   5.736497e-03   2.633282e+02   2.105263e+01
   1.564245e+00   3.995925e+00   1.656524e+02   6.820466e-02   2.475983e+02   7.026745e-02   5.615826e-03   2.550867e+02   2.038671e+01
   1.569101e+00   4.000781e+00   1.656524e+02   6.856022e-02   2.466838e+02   7.026745e-02   5.625109e-03   2.528265e+02   2.023948e+01
   1.575003e+00   4.006683e+00   1.656524e+02   6.915066e-02   2.461459e+02   7.026745e-02   5.625109e-03   2.501212e+02   2.002291e+01
   1.580906e+00   4.012586e+00   1.656524e+02   6.993632e-02   2.462954e+02   6.980333e-02   5.587979e-03   2.458271e+02   1.967924e+01
   1.581762e+00   4.013442e+00   1.656524e+02   7.006806e-02   2.463781e+02   7.193827e-02   5.755062e-03   2.529543e+02   2.023634e+01
   1.586713e+00   4.018393e+00   1.656524e+02   7.092425e-02   2.471773e+02   6.989615e-02   5.587979e-03   2.435943e+02   1.947461e+01
   1.590616e+00   4.022296e+00   1.656524e+02   7.172113e-02   2.482135e+02   7.147415e-02   5.717932e-03   2.473588e+02   1.978870e+01
   1.591568e+00   4.023248e+00   1.656524e+02   7.193283e-02   2.485232e+02   7.305215e-02   5.847885e-03   2.523904e+02   2.020406e+01
   1.597375e+00   4.029055e+00   1.656524e+02   7.338178e-02   2.509222e+02   7.472298e-02   5.977838e-03   2.555083e+02   2.044067e+01
   1.600231e+00   4.031911e+00   1.656524e+02   7.419963e-02   2.524382e+02   7.732204e-02   6.191332e-03   2.630610e+02   2.106383e+01
   1.602231e+00   4.033911e+00   1.656524e+02   7.481609e-02   2.536377e+02   7.630098e-02   6.107791e-03   2.586717e+02   2.070632e+01
   1.606229e+00   4.037909e+00   1.656524e+02   7.616313e-02   2.563919e+02   7.527992e-02   6.024250e-03   2.534187e+02   2.027975e+01
   1.613940e+00   4.045620e+00   1.656524e+02   7.922335e-02   2.631169e+02   7.954980e-02   6.367697e-03   2.642011e+02   2.114842e+01
   1.616796e+00   4.048476e+00   1.656524e+02   8.052274e-02   2.661056e+02   8.224169e-02   6.581191e-03   2.717863e+02   2.174904e+01
   1.620509e+00   4.052189e+00   1.656524e+02   8.235483e-02   2.704121e+02   9.013169e-02   7.212392e-03   2.959475e+02   2.368189e+01
   1.621556e+00   4.053236e+00   1.656524e+02   8.290168e-02   2.717147e+02   8.753263e-02   6.998897e-03   2.868929e+02   2.293926e+01
   1.627364e+00   4.059044e+00   1.656524e+02   8.618378e-02   2.796563e+02   8.864651e-02   7.091721e-03   2.876475e+02   2.301180e+01
   1.628220e+00   4.059900e+00   1.656524e+02   8.670471e-02   2.809325e+02   9.375181e-02   7.472298e-03   3.037658e+02   2.421104e+01
   1.634123e+00   4.065803e+00   1.656524e+02   9.055798e-02   2.904654e+02   9.375181e-02   7.472298e-03   3.007096e+02   2.396745e+01
   1.637931e+00   4.069611e+00   1.656524e+02   9.329402e-02   2.973051e+02   9.746475e-02   7.769333e-03   3.105962e+02   2.475895e+01
   1.638978e+00   4.070658e+00   1.656524e+02   9.408126e-02   2.992804e+02   9.375181e-02   7.518709e-03   2.982324e+02   2.391765e+01
   1.639740e+00   4.071420e+00   1.656524e+02   9.466326e-02   3.007424e+02   1.030342e-01   8.279863e-03   3.273365e+02   2.630488e+01
   1.642596e+00   4.074276e+00   1.656524e+02   9.691673e-02   3.064141e+02   1.067471e-01   8.530486e-03   3.374940e+02   2.697017e+01
   1.644785e+00   4.076465e+00   1.656524e+02   9.872005e-02   3.109618e+02   9.932122e-02   7.945698e-03   3.128554e+02   2.502843e+01
   1.645261e+00   4.076941e+00   1.656524e+02   9.912072e-02   3.119729e+02   1.160295e-01   9.282357e-03   3.651916e+02   2.921533e+01
   1.650212e+00   4.081892e+00   1.656524e+02   1.034682e-01   3.229519e+02   1.141730e-01   9.170969e-03   3.563646e+02   2.862506e+01
   1.656019e+00   4.087699e+00   1.656524e+02   1.089734e-01   3.368423e+02   1.188142e-01   9.468005e-03   3.672608e+02   2.926609e+01
   1.661731e+00   4.093411e+00   1.656524e+02   1.147809e-01   3.514346e+02   1.225271e-01   9.839299e-03   3.751519e+02   3.012583e+01
   1.672203e+00   4.103883e+00   1.656524e+02   1.262506e-01   3.799231e+02   1.345942e-01   1.076753e-02   4.050314e+02   3.240251e+01
   1.675154e+00   4.106834e+00   1.656524e+02   1.296233e-01   3.881885e+02   1.355224e-01   1.086036e-02   4.058548e+02   3.252398e+01
   1.680771e+00   4.112451e+00   1.656524e+02   1.361353e-01   4.039664e+02   1.457330e-01   1.169577e-02   4.324465e+02   3.470589e+01
   1.685626e+00   4.117306e+00   1.656524e+02   1.417960e-01   4.174570e+02   1.466612e-01   1.169577e-02   4.317805e+02   3.443313e+01
   1.690387e+00   4.122067e+00   1.656524e+02   1.473021e-01   4.303415e+02   1.522307e-01   1.215989e-02   4.447402e+02   3.552498e+01
   1.694385e+00   4.126065e+00   1.656524e+02   1.518430e-01   4.407604e+02   1.503742e-01   1.206706e-02   4.364970e+02   3.502753e+01
   1.697241e+00   4.128921e+00   1.656524e+02   1.550153e-01   4.479112e+02   1.522307e-01   1.215989e-02   4.398651e+02   3.513557e+01
   1.700097e+00   4.131777e+00   1.656524e+02   1.581121e-01   4.547761e+02   1.531589e-01   1.225271e-02   4.405292e+02   3.524234e+01
   1.703048e+00   4.134728e+00   1.656524e+02   1.612184e-01   4.615321e+02   1.550154e-01   1.243836e-02   4.437742e+02   3.560823e+01
   1.705999e+00   4.137679e+00   1.656524e+02   1.642155e-01   4.679099e+02   1.559436e-01   1.243836e-02   4.443402e+02   3.544142e+01
   1.711807e+00   4.143487e+00   1.656524e+02   1.697458e-01   4.792385e+02   1.587283e-01   1.262401e-02   4.481331e+02   3.564100e+01
   1.719613e+00   4.151293e+00   1.656524e+02   1.762973e-01   4.916582e+02   1.596565e-01   1.271683e-02   4.452505e+02   3.546472e+01
   1.720375e+00   4.152055e+00   1.656524e+02   1.768775e-01   4.926881e+02   1.642977e-01   1.308812e-02   4.576473e+02   3.645665e+01
   1.727515e+00   4.159195e+00   1.656524e+02   1.817822e-01   5.007378e+02   1.559436e-01   1.253118e-02   4.295627e+02   3.451843e+01
   1.732370e+00   4.164050e+00   1.656524e+02   1.845568e-01   5.045646e+02   1.568718e-01   1.253118e-02   4.288761e+02   3.425933e+01
   1.741129e+00   4.172809e+00   1.656524e+02   1.884330e-01   5.082529e+02   1.587283e-01   1.271683e-02   4.281316e+02   3.430061e+01
   1.744175e+00   4.175855e+00   1.656524e+02   1.894560e-01   5.086315e+02   1.540871e-01   1.234554e-02   4.136770e+02   3.314400e+01
   1.745032e+00   4.176712e+00   1.656524e+02   1.897150e-01   5.086596e+02   1.587283e-01   1.271683e-02   4.255789e+02   3.409609e+01
   1.749030e+00   4.180710e+00   1.656524e+02   1.907637e-01   5.083594e+02   1.578001e-01   1.262401e-02   4.205159e+02   3.364127e+01
   1.753029e+00   4.184709e+00   1.656524e+02   1.915628e-01   5.073950e+02   1.531589e-01   1.225271e-02   4.056741e+02   3.245392e+01
   1.759978e+00   4.191658e+00   1.656524e+02   1.924189e-01   5.043337e+02   1.485177e-01   1.188142e-02   3.892677e+02   3.114142e+01


