   1.189397e-01   7.415940e+00   0.000000e+00   6.928045e-12   2.362766e-04   1.198290e-12   8.946555e-13   4.086693e-05   3.051167e-05
   1.243503e-01   7.421350e+00   0.000000e+00   1.001939e-11   2.327711e-04   1.320150e-12   8.814540e-13   3.066979e-05   2.047798e-05
   1.570004e-01   7.454000e+00   0.000000e+00   6.101878e-11   2.201195e-04   4.244790e-12   1.127205e-12   1.531268e-05   4.066286e-06
   1.730456e-01   7.470046e+00   0.000000e+00   1.233160e-10   2.192276e-04   1.035810e-11   3.452700e-12   1.841434e-05   6.138112e-06
   1.821876e-01   7.479188e+00   0.000000e+00   1.775463e-10   2.204756e-04   1.563870e-11   3.290220e-12   1.942002e-05   4.085771e-06
   1.980462e-01   7.495046e+00   0.000000e+00   3.191974e-10   2.264902e-04   3.737040e-11   4.315875e-12   2.651660e-05   3.062379e-06
   2.095204e-01   7.506520e+00   0.000000e+00   4.765936e-10   2.352900e-04   6.600750e-11   1.238910e-11   3.258731e-05   6.116387e-06
   2.192222e-01   7.516222e+00   0.000000e+00   6.662229e-10   2.478191e-04   1.502940e-10   2.467665e-11   5.590581e-05   9.179129e-06
   2.291105e-01   7.526110e+00   0.000000e+00   9.500781e-10   2.700960e-04   2.762160e-10   1.787280e-11   7.852495e-05   5.081026e-06
   2.390921e-01   7.536092e+00   0.000000e+00   1.438352e-09   3.173863e-04   8.174775e-10   2.772315e-11   1.803843e-04   6.117382e-06
   2.486073e-01   7.545607e+00   0.000000e+00   2.618175e-09   4.606823e-04   4.458045e-09   1.157670e-10   7.844177e-04   2.036984e-05
   2.561634e-01   7.553163e+00   0.000000e+00   1.024005e-08   1.519792e-03   5.473545e-08   1.309995e-09   8.123641e-03   1.944248e-04
   2.571896e-01   7.554190e+00   0.000000e+00   1.711554e-08   2.483709e-03   1.249065e-07   3.158205e-09   1.812571e-02   4.583006e-04
   2.580291e-01   7.555029e+00   0.000000e+00   3.311110e-08   4.717745e-03   3.076965e-07   7.149120e-09   4.384130e-02   1.018623e-03
   2.584023e-01   7.555402e+00   0.000000e+00   5.042129e-08   7.126150e-03   6.560130e-07   2.163015e-08   9.271574e-02   3.057036e-03
   2.586821e-01   7.555682e+00   0.000000e+00   7.468891e-08   1.049210e-02   1.228755e-06   3.625335e-08   1.726123e-01   5.092776e-03
   2.589620e-01   7.555962e+00   0.000000e+00   1.186738e-07   1.657034e-02   2.142705e-06   8.032605e-08   2.991843e-01   1.121587e-02
   2.592419e-01   7.556242e+00   0.000000e+00   1.874156e-07   2.601098e-02   1.766970e-06   7.352220e-08   2.452337e-01   1.020398e-02
   3.015004e-01   7.598500e+00   0.000000e+00   2.455828e-09   1.518856e-04   1.320150e-09   1.645110e-10   8.164729e-05   1.017451e-05
   3.113888e-01   7.608389e+00   0.000000e+00   3.117906e-09   1.637468e-04   1.411545e-09   1.553715e-10   7.413180e-05   8.159832e-06
   3.209039e-01   7.617904e+00   0.000000e+00   3.822191e-09   1.728295e-04   1.421700e-09   1.574025e-10   6.428555e-05   7.117329e-06
   3.291131e-01   7.626113e+00   0.000000e+00   4.492896e-09   1.795480e-04   1.533405e-09   1.533405e-10   6.127894e-05   6.127894e-06
   3.502890e-01   7.647289e+00   0.000000e+00   6.540546e-09   1.942111e-04   1.543560e-09   1.025655e-10   4.583355e-05   3.045519e-06
   3.668007e-01   7.663801e+00   0.000000e+00   8.503495e-09   2.042024e-04   1.827900e-09   2.965260e-10   4.389509e-05   7.120758e-06


   2.934778e-01   7.590478e+00   0.000000e+00   1.956537e-09   1.390625e-04   1.040000e-09   1.640000e-10   7.391887e-05   1.165644e-05
   3.112022e-01   7.608202e+00   0.000000e+00   3.104835e-09   1.635515e-04   1.160000e-09   8.170000e-11   6.110464e-05   4.303663e-06
   3.301392e-01   7.627139e+00   0.000000e+00   4.581273e-09   1.803370e-04   1.550000e-09   8.640000e-11   6.101411e-05   3.401045e-06


   3.237025e-01   7.620703e+00   0.000000e+00   4.043956e-09   1.752173e-04   2.105197e-09   5.957064e-10   9.121437e-05   2.581088e-05
   3.824727e-01   7.679473e+00   0.000000e+00   1.070428e-08   2.130538e-04   4.026534e-09   7.409558e-10   8.014256e-05   1.474769e-05
   4.319143e-01   7.728914e+00   0.000000e+00   2.018931e-08   2.391704e-04   9.836510e-09   9.376860e-10   1.165272e-04   1.110820e-05
   4.496386e-01   7.746639e+00   0.000000e+00   2.466595e-08   2.481966e-04   9.073491e-09   2.840637e-09   9.130035e-05   2.858339e-05
   4.794902e-01   7.776490e+00   0.000000e+00   3.367312e-08   2.632196e-04   2.298250e-08   6.251240e-09   1.796521e-04   4.886537e-05
   5.233346e-01   7.820335e+00   0.000000e+00   5.060242e-08   2.850347e-04   2.859023e-08   5.561765e-09   1.610438e-04   3.132846e-05
   5.475890e-01   7.844589e+00   0.000000e+00   6.205271e-08   2.970691e-04   3.153199e-08   2.886602e-09   1.509552e-04   1.381923e-05
   5.755748e-01   7.872575e+00   0.000000e+00   7.728221e-08   3.110308e-04   5.240010e-08   7.096996e-09   2.108900e-04   2.856265e-05
   6.222178e-01   7.919218e+00   0.000000e+00   1.078977e-07   3.347099e-04   6.830399e-08   5.350326e-09   2.118861e-04   1.659727e-05
   6.632636e-01   7.960264e+00   0.000000e+00   1.409111e-07   3.565351e-04   9.284930e-08   7.280856e-09   2.349286e-04   1.842212e-05
   7.266981e-01   8.023698e+00   0.000000e+00   2.054467e-07   3.941302e-04   1.360564e-07   7.207312e-09   2.610114e-04   1.382655e-05


   4.789305e-01   7.775930e+00   0.000000e+00   3.348710e-08   2.629456e-04   2.430000e-08   8.940000e-09   1.908072e-04   7.019819e-05
   5.739889e-01   7.870989e+00   0.000000e+00   7.635570e-08   3.102234e-04   6.410000e-08   4.930000e-09   2.604301e-04   2.002996e-05
   6.129825e-01   7.909982e+00   0.000000e+00   1.012813e-07   3.299459e-04   6.770000e-08   6.150000e-09   2.205474e-04   2.003495e-05
   6.759505e-01   7.972951e+00   0.000000e+00   1.524027e-07   3.635876e-04   1.010000e-07   8.400000e-09   2.409560e-04   2.003991e-05


   1.872251e-01   7.484225e+00   0.000000e+00   2.150845e-10   2.217918e-04   6.790000e-11   4.054600e-11   7.001744e-05   4.181041e-05
   2.022441e-01   7.499244e+00   0.000000e+00   3.701792e-10   2.291571e-04   8.351700e-11   5.984900e-11   5.170069e-05   3.704916e-05
   2.135317e-01   7.510532e+00   0.000000e+00   5.472247e-10   2.397289e-04   1.125200e-10   4.665700e-11   4.929291e-05   2.043956e-05
   2.234200e-01   7.520420e+00   0.000000e+00   7.721389e-10   2.556502e-04   2.463800e-10   1.561700e-10   8.157482e-05   5.170688e-05
   2.314426e-01   7.528443e+00   0.000000e+00   1.038677e-09   2.778804e-04   3.171900e-10   1.969100e-10   8.485884e-05   5.267995e-05
   3.073775e-01   7.604377e+00   0.000000e+00   2.841724e-09   1.593150e-04   1.319200e-09   3.996400e-10   7.395805e-05   2.240494e-05
   3.167993e-01   7.613799e+00   0.000000e+00   3.509371e-09   1.691190e-04   7.876400e-10   4.850000e-10   3.795692e-05   2.337249e-05
   3.295795e-01   7.626580e+00   0.000000e+00   4.532961e-09   1.799088e-04   1.154300e-09   3.191300e-10   4.581304e-05   1.266596e-05
   3.398410e-01   7.636841e+00   0.000000e+00   5.469333e-09   1.873383e-04   1.018500e-09   2.269800e-10   3.488617e-05   7.774632e-06
   3.467442e-01   7.643744e+00   0.000000e+00   6.163023e-09   1.919392e-04   1.154300e-09   4.064300e-10   3.594915e-05   1.265773e-05
   3.516883e-01   7.648688e+00   0.000000e+00   6.693454e-09   1.950867e-04   7.013100e-10   4.006100e-10   2.044031e-05   1.167614e-05
   3.598975e-01   7.656897e+00   0.000000e+00   7.640229e-09   2.001185e-04   1.561700e-09   3.346500e-10   4.090519e-05   8.765397e-06
   3.760360e-01   7.673036e+00   0.000000e+00   9.757832e-09   2.094635e-04   2.221300e-09   5.441700e-10   4.768285e-05   1.168126e-05
   3.877900e-01   7.684790e+00   0.000000e+00   1.153176e-08   2.159619e-04   2.376500e-09   4.151600e-10   4.450610e-05   7.774942e-06
   4.062606e-01   7.703261e+00   0.000000e+00   1.475232e-08   2.258579e-04   3.618100e-09   6.993700e-10   5.539307e-05   1.070735e-05
   4.225857e-01   7.719586e+00   0.000000e+00   1.807616e-08   2.343843e-04   4.277700e-09   8.254700e-10   5.546677e-05   1.070345e-05
   4.332203e-01   7.730220e+00   0.000000e+00   2.049894e-08   2.398468e-04   5.315600e-09   9.991000e-10   6.219490e-05   1.168992e-05
   4.434818e-01   7.740482e+00   0.000000e+00   2.304079e-08   2.450744e-04   6.130400e-09   2.007900e-09   6.520627e-05   2.135712e-05
   4.571015e-01   7.754102e+00   0.000000e+00   2.674594e-08   2.520287e-04   1.028200e-08   1.649000e-09   9.688793e-05   1.553863e-05
   4.725870e-01   7.769587e+00   0.000000e+00   3.141906e-08   2.597666e-04   1.154300e-08   4.238900e-09   9.543525e-05   3.504639e-05
   4.819156e-01   7.778916e+00   0.000000e+00   3.448983e-08   2.644259e-04   2.754800e-08   7.478700e-09   2.112044e-04   5.733754e-05


